<?xml version="1.0" encoding="utf-8"?><testsuite errors="0" failures="171" name="pytest" skips="0" tests="183" time="4.825"><testcase classname="test_submit" file="test_submit.py" line="8" name="test_826" time="0.004987239837646484"><failure message="AssertionError: assert None
 +  where None = &lt;built-in method get of dict object at 0x000001C3C16BE900&gt;(&apos;JWT&apos;)
 +    where &lt;built-in method get of dict object at 0x000001C3C16BE900&gt; = {&apos;oauth_2_0&apos;: {&apos;describedBy&apos;: {&apos;headers&apos;: {&apos;Authorization&apos;: {&apos;description&apos;: &apos;Used to send a valid OAuth 2 access token...ype&apos;: &apos;string&apos;}}, &apos;properties&apos;: {&apos;group_id&apos;: {&apos;type&apos;: &apos;number&apos;}, &apos;name&apos;: {&apos;type&apos;: &apos;string&apos;}}, &apos;type&apos;: &apos;object&apos;}, ...}}}.get
 +      where {&apos;oauth_2_0&apos;: {&apos;describedBy&apos;: {&apos;headers&apos;: {&apos;Authorization&apos;: {&apos;description&apos;: &apos;Used to send a valid OAuth 2 access token...ype&apos;: &apos;string&apos;}}, &apos;properties&apos;: {&apos;group_id&apos;: {&apos;type&apos;: &apos;number&apos;}, &apos;name&apos;: {&apos;type&apos;: &apos;string&apos;}}, &apos;type&apos;: &apos;object&apos;}, ...}}} = &lt;built-in method get of dict object at 0x000001C3C4DA86C0&gt;(&apos;securitySchemes&apos;)
 +        where &lt;built-in method get of dict object at 0x000001C3C4DA86C0&gt; = {&apos;/agents&apos;: {&apos;get&apos;: {&apos;queryParameters&apos;: {&apos;address&apos;: {&apos;required&apos;: True, &apos;type&apos;: &apos;string&apos;}, &apos;agent_id&apos;: {&apos;required&apos;: Tru...: True, &apos;type&apos;: &apos;string&apos;}}}, &apos;post&apos;: {&apos;/{group_id}&apos;: {&apos;delete&apos;: None, &apos;put&apos;: None}, &apos;body&apos;: {&apos;type&apos;: &apos;Group[]&apos;}}}, ...}.get">E   AssertionError: assert None
     +  where None = &lt;built-in method get of dict object at 0x000001C3C16BE900&gt;(&apos;JWT&apos;)
     +    where &lt;built-in method get of dict object at 0x000001C3C16BE900&gt; = {&apos;oauth_2_0&apos;: {&apos;describedBy&apos;: {&apos;headers&apos;: {&apos;Authorization&apos;: {&apos;description&apos;: &apos;Used to send a valid OAuth 2 access token...ype&apos;: &apos;string&apos;}}, &apos;properties&apos;: {&apos;group_id&apos;: {&apos;type&apos;: &apos;number&apos;}, &apos;name&apos;: {&apos;type&apos;: &apos;string&apos;}}, &apos;type&apos;: &apos;object&apos;}, ...}}}.get
     +      where {&apos;oauth_2_0&apos;: {&apos;describedBy&apos;: {&apos;headers&apos;: {&apos;Authorization&apos;: {&apos;description&apos;: &apos;Used to send a valid OAuth 2 access token...ype&apos;: &apos;string&apos;}}, &apos;properties&apos;: {&apos;group_id&apos;: {&apos;type&apos;: &apos;number&apos;}, &apos;name&apos;: {&apos;type&apos;: &apos;string&apos;}}, &apos;type&apos;: &apos;object&apos;}, ...}}} = &lt;built-in method get of dict object at 0x000001C3C4DA86C0&gt;(&apos;securitySchemes&apos;)
     +        where &lt;built-in method get of dict object at 0x000001C3C4DA86C0&gt; = {&apos;/agents&apos;: {&apos;get&apos;: {&apos;queryParameters&apos;: {&apos;address&apos;: {&apos;required&apos;: True, &apos;type&apos;: &apos;string&apos;}, &apos;agent_id&apos;: {&apos;required&apos;: Tru...: True, &apos;type&apos;: &apos;string&apos;}}}, &apos;post&apos;: {&apos;/{group_id}&apos;: {&apos;delete&apos;: None, &apos;put&apos;: None}, &apos;body&apos;: {&apos;type&apos;: &apos;Group[]&apos;}}}, ...}.get</failure></testcase><testcase classname="test_submit" file="test_submit.py" line="12" name="test_1376" time="0.0009486675262451172"><failure message="AttributeError: &apos;NoneType&apos; object has no attribute &apos;get&apos;">E   AttributeError: &apos;NoneType&apos; object has no attribute &apos;get&apos;</failure></testcase><testcase classname="test_submit" file="test_submit.py" line="16" name="test_1565" time="0.000997304916381836"><failure message="AttributeError: &apos;NoneType&apos; object has no attribute &apos;get&apos;">E   AttributeError: &apos;NoneType&apos; object has no attribute &apos;get&apos;</failure></testcase><testcase classname="test_submit" file="test_submit.py" line="24" name="test_2725" time="0.0"><failure message="AttributeError: &apos;NoneType&apos; object has no attribute &apos;get&apos;">E   AttributeError: &apos;NoneType&apos; object has no attribute &apos;get&apos;</failure></testcase><testcase classname="test_submit" file="test_submit.py" line="28" name="test_2655" time="0.0"><failure message="AttributeError: &apos;NoneType&apos; object has no attribute &apos;get&apos;">E   AttributeError: &apos;NoneType&apos; object has no attribute &apos;get&apos;</failure></testcase><testcase classname="test_submit" file="test_submit.py" line="32" name="test_2500" time="0.0"><failure message="AttributeError: &apos;NoneType&apos; object has no attribute &apos;get&apos;">E   AttributeError: &apos;NoneType&apos; object has no attribute &apos;get&apos;</failure></testcase><testcase classname="test_submit" file="test_submit.py" line="40" name="test_1763" time="0.000982046127319336"><failure message="AttributeError: &apos;NoneType&apos; object has no attribute &apos;get&apos;">E   AttributeError: &apos;NoneType&apos; object has no attribute &apos;get&apos;</failure></testcase><testcase classname="test_submit" file="test_submit.py" line="44" name="test_168" time="0.0"><failure message="AttributeError: &apos;NoneType&apos; object has no attribute &apos;get&apos;">E   AttributeError: &apos;NoneType&apos; object has no attribute &apos;get&apos;</failure></testcase><testcase classname="test_submit" file="test_submit.py" line="56" name="test_1304" time="0.002031564712524414"><failure message="AttributeError: &apos;NoneType&apos; object has no attribute &apos;get&apos;">E   AttributeError: &apos;NoneType&apos; object has no attribute &apos;get&apos;</failure></testcase><testcase classname="test_submit" file="test_submit.py" line="60" name="test_2600" time="0.0009589195251464844"><failure message="AttributeError: &apos;NoneType&apos; object has no attribute &apos;get&apos;">E   AttributeError: &apos;NoneType&apos; object has no attribute &apos;get&apos;</failure></testcase><testcase classname="test_submit" file="test_submit.py" line="64" name="test_296" time="0.0"><failure message="AttributeError: &apos;NoneType&apos; object has no attribute &apos;get&apos;">E   AttributeError: &apos;NoneType&apos; object has no attribute &apos;get&apos;</failure></testcase><testcase classname="test_submit" file="test_submit.py" line="68" name="test_1466" time="0.0"><failure message="AttributeError: &apos;NoneType&apos; object has no attribute &apos;get&apos;">E   AttributeError: &apos;NoneType&apos; object has no attribute &apos;get&apos;</failure></testcase><testcase classname="test_submit" file="test_submit.py" line="72" name="test_1076" time="0.0009970664978027344"><failure message="AttributeError: &apos;NoneType&apos; object has no attribute &apos;get&apos;">E   AttributeError: &apos;NoneType&apos; object has no attribute &apos;get&apos;</failure></testcase><testcase classname="test_submit" file="test_submit.py" line="76" name="test_1271" time="0.0"><failure message="AttributeError: &apos;NoneType&apos; object has no attribute &apos;get&apos;">E   AttributeError: &apos;NoneType&apos; object has no attribute &apos;get&apos;</failure></testcase><testcase classname="test_submit" file="test_submit.py" line="96" name="test_2785" time="0.0009605884552001953"><failure message="AttributeError: &apos;NoneType&apos; object has no attribute &apos;get&apos;">E   AttributeError: &apos;NoneType&apos; object has no attribute &apos;get&apos;</failure></testcase><testcase classname="test_submit" file="test_submit.py" line="104" name="test_2895" time="0.0009970664978027344"><failure message="AttributeError: &apos;NoneType&apos; object has no attribute &apos;get&apos;">E   AttributeError: &apos;NoneType&apos; object has no attribute &apos;get&apos;</failure></testcase><testcase classname="test_submit" file="test_submit.py" line="108" name="test_1394" time="0.0"><failure message="AttributeError: &apos;NoneType&apos; object has no attribute &apos;get&apos;">E   AttributeError: &apos;NoneType&apos; object has no attribute &apos;get&apos;</failure></testcase><testcase classname="test_submit" file="test_submit.py" line="112" name="test_2465" time="0.0019958019256591797"><failure message="AttributeError: &apos;NoneType&apos; object has no attribute &apos;get&apos;">E   AttributeError: &apos;NoneType&apos; object has no attribute &apos;get&apos;</failure></testcase><testcase classname="test_submit" file="test_submit.py" line="120" name="test_2730" time="0.0009982585906982422"><failure message="AttributeError: &apos;NoneType&apos; object has no attribute &apos;get&apos;">E   AttributeError: &apos;NoneType&apos; object has no attribute &apos;get&apos;</failure></testcase><testcase classname="test_submit" file="test_submit.py" line="124" name="test_2620" time="0.0"><failure message="AttributeError: &apos;NoneType&apos; object has no attribute &apos;get&apos;">E   AttributeError: &apos;NoneType&apos; object has no attribute &apos;get&apos;</failure></testcase><testcase classname="test_submit" file="test_submit.py" line="128" name="test_2340" time="0.0009982585906982422"><failure message="AttributeError: &apos;NoneType&apos; object has no attribute &apos;get&apos;">E   AttributeError: &apos;NoneType&apos; object has no attribute &apos;get&apos;</failure></testcase><testcase classname="test_submit" file="test_submit.py" line="140" name="test_252" time="0.0"><failure message="AttributeError: &apos;NoneType&apos; object has no attribute &apos;get&apos;">E   AttributeError: &apos;NoneType&apos; object has no attribute &apos;get&apos;</failure></testcase><testcase classname="test_submit" file="test_submit.py" line="144" name="test_1085" time="0.0009989738464355469"><failure message="AttributeError: &apos;NoneType&apos; object has no attribute &apos;get&apos;">E   AttributeError: &apos;NoneType&apos; object has no attribute &apos;get&apos;</failure></testcase><testcase classname="test_submit" file="test_submit.py" line="152" name="test_1781" time="0.0009970664978027344"><failure message="AttributeError: &apos;NoneType&apos; object has no attribute &apos;get&apos;">E   AttributeError: &apos;NoneType&apos; object has no attribute &apos;get&apos;</failure></testcase><testcase classname="test_submit" file="test_submit.py" line="160" name="test_2160" time="0.0"><failure message="AttributeError: &apos;NoneType&apos; object has no attribute &apos;get&apos;">E   AttributeError: &apos;NoneType&apos; object has no attribute &apos;get&apos;</failure></testcase><testcase classname="test_submit" file="test_submit.py" line="168" name="test_2210" time="0.000997304916381836"><failure message="AttributeError: &apos;NoneType&apos; object has no attribute &apos;get&apos;">E   AttributeError: &apos;NoneType&apos; object has no attribute &apos;get&apos;</failure></testcase><testcase classname="test_submit" file="test_submit.py" line="172" name="test_2590" time="0.0"><failure message="AttributeError: &apos;NoneType&apos; object has no attribute &apos;get&apos;">E   AttributeError: &apos;NoneType&apos; object has no attribute &apos;get&apos;</failure></testcase><testcase classname="test_submit" file="test_submit.py" line="184" name="test_2480" time="0.0"><failure message="AttributeError: &apos;NoneType&apos; object has no attribute &apos;get&apos;">E   AttributeError: &apos;NoneType&apos; object has no attribute &apos;get&apos;</failure></testcase><testcase classname="test_submit" file="test_submit.py" line="188" name="test_2020" time="0.0"><failure message="AttributeError: &apos;NoneType&apos; object has no attribute &apos;get&apos;">E   AttributeError: &apos;NoneType&apos; object has no attribute &apos;get&apos;</failure></testcase><testcase classname="test_submit" file="test_submit.py" line="192" name="test_2830" time="0.0010013580322265625"><failure message="AttributeError: &apos;NoneType&apos; object has no attribute &apos;get&apos;">E   AttributeError: &apos;NoneType&apos; object has no attribute &apos;get&apos;</failure></testcase><testcase classname="test_submit" file="test_submit.py" line="196" name="test_2765" time="0.0"><failure message="AttributeError: &apos;NoneType&apos; object has no attribute &apos;get&apos;">E   AttributeError: &apos;NoneType&apos; object has no attribute &apos;get&apos;</failure></testcase><testcase classname="test_submit" file="test_submit.py" line="200" name="test_2055" time="0.000997304916381836"><failure message="AttributeError: &apos;NoneType&apos; object has no attribute &apos;get&apos;">E   AttributeError: &apos;NoneType&apos; object has no attribute &apos;get&apos;</failure></testcase><testcase classname="test_submit" file="test_submit.py" line="204" name="test_764" time="0.0"><failure message="AttributeError: &apos;NoneType&apos; object has no attribute &apos;get&apos;">E   AttributeError: &apos;NoneType&apos; object has no attribute &apos;get&apos;</failure></testcase><testcase classname="test_submit" file="test_submit.py" line="208" name="test_1742" time="0.0"><failure message="AttributeError: &apos;NoneType&apos; object has no attribute &apos;get&apos;">E   AttributeError: &apos;NoneType&apos; object has no attribute &apos;get&apos;</failure></testcase><testcase classname="test_submit" file="test_submit.py" line="212" name="test_1643" time="0.0"><failure message="AttributeError: &apos;NoneType&apos; object has no attribute &apos;get&apos;">E   AttributeError: &apos;NoneType&apos; object has no attribute &apos;get&apos;</failure></testcase><testcase classname="test_submit" file="test_submit.py" line="216" name="test_1790" time="0.0"><failure message="AttributeError: &apos;NoneType&apos; object has no attribute &apos;get&apos;">E   AttributeError: &apos;NoneType&apos; object has no attribute &apos;get&apos;</failure></testcase><testcase classname="test_submit" file="test_submit.py" line="224" name="test_2015" time="0.0"><failure message="AttributeError: &apos;NoneType&apos; object has no attribute &apos;get&apos;">E   AttributeError: &apos;NoneType&apos; object has no attribute &apos;get&apos;</failure></testcase><testcase classname="test_submit" file="test_submit.py" line="228" name="test_1232" time="0.0010335445404052734"><failure message="AttributeError: &apos;NoneType&apos; object has no attribute &apos;get&apos;">E   AttributeError: &apos;NoneType&apos; object has no attribute &apos;get&apos;</failure></testcase><testcase classname="test_submit" file="test_submit.py" line="232" name="test_2845" time="0.0009968280792236328"><failure message="AttributeError: &apos;NoneType&apos; object has no attribute &apos;get&apos;">E   AttributeError: &apos;NoneType&apos; object has no attribute &apos;get&apos;</failure></testcase><testcase classname="test_submit" file="test_submit.py" line="240" name="test_502" time="0.0009617805480957031"><failure message="AttributeError: &apos;NoneType&apos; object has no attribute &apos;get&apos;">E   AttributeError: &apos;NoneType&apos; object has no attribute &apos;get&apos;</failure></testcase><testcase classname="test_submit" file="test_submit.py" line="244" name="test_1325" time="0.0009984970092773438"><failure message="AttributeError: &apos;NoneType&apos; object has no attribute &apos;get&apos;">E   AttributeError: &apos;NoneType&apos; object has no attribute &apos;get&apos;</failure></testcase><testcase classname="test_submit" file="test_submit.py" line="248" name="test_1670" time="0.000997304916381836"><failure message="AttributeError: &apos;NoneType&apos; object has no attribute &apos;get&apos;">E   AttributeError: &apos;NoneType&apos; object has no attribute &apos;get&apos;</failure></testcase><testcase classname="test_submit" file="test_submit.py" line="252" name="test_1091" time="0.0"><failure message="AttributeError: &apos;NoneType&apos; object has no attribute &apos;get&apos;">E   AttributeError: &apos;NoneType&apos; object has no attribute &apos;get&apos;</failure></testcase><testcase classname="test_submit" file="test_submit.py" line="256" name="test_2455" time="0.0009984970092773438"><failure message="AttributeError: &apos;NoneType&apos; object has no attribute &apos;get&apos;">E   AttributeError: &apos;NoneType&apos; object has no attribute &apos;get&apos;</failure></testcase><testcase classname="test_submit" file="test_submit.py" line="260" name="test_2975" time="0.0"><failure message="AttributeError: &apos;NoneType&apos; object has no attribute &apos;get&apos;">E   AttributeError: &apos;NoneType&apos; object has no attribute &apos;get&apos;</failure></testcase><testcase classname="test_submit" file="test_submit.py" line="264" name="test_2230" time="0.0"><failure message="AttributeError: &apos;NoneType&apos; object has no attribute &apos;get&apos;">E   AttributeError: &apos;NoneType&apos; object has no attribute &apos;get&apos;</failure></testcase><testcase classname="test_submit" file="test_submit.py" line="272" name="test_2670" time="0.0009968280792236328"><failure message="AttributeError: &apos;NoneType&apos; object has no attribute &apos;get&apos;">E   AttributeError: &apos;NoneType&apos; object has no attribute &apos;get&apos;</failure></testcase><testcase classname="test_submit" file="test_submit.py" line="276" name="test_638" time="0.0"></testcase><testcase classname="test_submit" file="test_submit.py" line="280" name="test_1358" time="0.002000570297241211"><failure message="AssertionError: assert None
 +  where None = &lt;built-in method get of dict object at 0x000001C3C464B2D0&gt;(&apos;description&apos;)
 +    where &lt;built-in method get of dict object at 0x000001C3C464B2D0&gt; = {&apos;body&apos;: &apos;Auth&apos;}.get
 +      where {&apos;body&apos;: &apos;Auth&apos;} = &lt;built-in method get of dict object at 0x000001C3C4DA8678&gt;(&apos;post&apos;)
 +        where &lt;built-in method get of dict object at 0x000001C3C4DA8678&gt; = {&apos;get&apos;: {&apos;queryParameters&apos;: None}, &apos;post&apos;: {&apos;body&apos;: &apos;Auth&apos;}}.get
 +          where {&apos;get&apos;: {&apos;queryParameters&apos;: None}, &apos;post&apos;: {&apos;body&apos;: &apos;Auth&apos;}} = &lt;built-in method get of dict object at 0x000001C3C4DA86C0&gt;(&apos;/auth/token&apos;)
 +            where &lt;built-in method get of dict object at 0x000001C3C4DA86C0&gt; = {&apos;/agents&apos;: {&apos;get&apos;: {&apos;queryParameters&apos;: {&apos;address&apos;: {&apos;required&apos;: True, &apos;type&apos;: &apos;string&apos;}, &apos;agent_id&apos;: {&apos;required&apos;: Tru...: True, &apos;type&apos;: &apos;string&apos;}}}, &apos;post&apos;: {&apos;/{group_id}&apos;: {&apos;delete&apos;: None, &apos;put&apos;: None}, &apos;body&apos;: {&apos;type&apos;: &apos;Group[]&apos;}}}, ...}.get">E   AssertionError: assert None
     +  where None = &lt;built-in method get of dict object at 0x000001C3C464B2D0&gt;(&apos;description&apos;)
     +    where &lt;built-in method get of dict object at 0x000001C3C464B2D0&gt; = {&apos;body&apos;: &apos;Auth&apos;}.get
     +      where {&apos;body&apos;: &apos;Auth&apos;} = &lt;built-in method get of dict object at 0x000001C3C4DA8678&gt;(&apos;post&apos;)
     +        where &lt;built-in method get of dict object at 0x000001C3C4DA8678&gt; = {&apos;get&apos;: {&apos;queryParameters&apos;: None}, &apos;post&apos;: {&apos;body&apos;: &apos;Auth&apos;}}.get
     +          where {&apos;get&apos;: {&apos;queryParameters&apos;: None}, &apos;post&apos;: {&apos;body&apos;: &apos;Auth&apos;}} = &lt;built-in method get of dict object at 0x000001C3C4DA86C0&gt;(&apos;/auth/token&apos;)
     +            where &lt;built-in method get of dict object at 0x000001C3C4DA86C0&gt; = {&apos;/agents&apos;: {&apos;get&apos;: {&apos;queryParameters&apos;: {&apos;address&apos;: {&apos;required&apos;: True, &apos;type&apos;: &apos;string&apos;}, &apos;agent_id&apos;: {&apos;required&apos;: Tru...: True, &apos;type&apos;: &apos;string&apos;}}}, &apos;post&apos;: {&apos;/{group_id}&apos;: {&apos;delete&apos;: None, &apos;put&apos;: None}, &apos;body&apos;: {&apos;type&apos;: &apos;Group[]&apos;}}}, ...}.get</failure></testcase><testcase classname="test_submit" file="test_submit.py" line="288" name="test_2365" time="0.001995563507080078"><failure message="AttributeError: &apos;str&apos; object has no attribute &apos;get&apos;">E   AttributeError: &apos;str&apos; object has no attribute &apos;get&apos;</failure></testcase><testcase classname="test_submit" file="test_submit.py" line="292" name="test_2715" time="0.0"><failure message="AttributeError: &apos;str&apos; object has no attribute &apos;get&apos;">E   AttributeError: &apos;str&apos; object has no attribute &apos;get&apos;</failure></testcase><testcase classname="test_submit" file="test_submit.py" line="300" name="test_1121" time="0.001991748809814453"><failure message="AssertionError: assert None
 +  where None = &lt;built-in method get of dict object at 0x000001C3C464B2D0&gt;(&apos;responses&apos;)
 +    where &lt;built-in method get of dict object at 0x000001C3C464B2D0&gt; = {&apos;body&apos;: &apos;Auth&apos;}.get
 +      where {&apos;body&apos;: &apos;Auth&apos;} = &lt;built-in method get of dict object at 0x000001C3C4DA8678&gt;(&apos;post&apos;)
 +        where &lt;built-in method get of dict object at 0x000001C3C4DA8678&gt; = {&apos;get&apos;: {&apos;queryParameters&apos;: None}, &apos;post&apos;: {&apos;body&apos;: &apos;Auth&apos;}}.get
 +          where {&apos;get&apos;: {&apos;queryParameters&apos;: None}, &apos;post&apos;: {&apos;body&apos;: &apos;Auth&apos;}} = &lt;built-in method get of dict object at 0x000001C3C4DA86C0&gt;(&apos;/auth/token&apos;)
 +            where &lt;built-in method get of dict object at 0x000001C3C4DA86C0&gt; = {&apos;/agents&apos;: {&apos;get&apos;: {&apos;queryParameters&apos;: {&apos;address&apos;: {&apos;required&apos;: True, &apos;type&apos;: &apos;string&apos;}, &apos;agent_id&apos;: {&apos;required&apos;: Tru...: True, &apos;type&apos;: &apos;string&apos;}}}, &apos;post&apos;: {&apos;/{group_id}&apos;: {&apos;delete&apos;: None, &apos;put&apos;: None}, &apos;body&apos;: {&apos;type&apos;: &apos;Group[]&apos;}}}, ...}.get">E   AssertionError: assert None
     +  where None = &lt;built-in method get of dict object at 0x000001C3C464B2D0&gt;(&apos;responses&apos;)
     +    where &lt;built-in method get of dict object at 0x000001C3C464B2D0&gt; = {&apos;body&apos;: &apos;Auth&apos;}.get
     +      where {&apos;body&apos;: &apos;Auth&apos;} = &lt;built-in method get of dict object at 0x000001C3C4DA8678&gt;(&apos;post&apos;)
     +        where &lt;built-in method get of dict object at 0x000001C3C4DA8678&gt; = {&apos;get&apos;: {&apos;queryParameters&apos;: None}, &apos;post&apos;: {&apos;body&apos;: &apos;Auth&apos;}}.get
     +          where {&apos;get&apos;: {&apos;queryParameters&apos;: None}, &apos;post&apos;: {&apos;body&apos;: &apos;Auth&apos;}} = &lt;built-in method get of dict object at 0x000001C3C4DA86C0&gt;(&apos;/auth/token&apos;)
     +            where &lt;built-in method get of dict object at 0x000001C3C4DA86C0&gt; = {&apos;/agents&apos;: {&apos;get&apos;: {&apos;queryParameters&apos;: {&apos;address&apos;: {&apos;required&apos;: True, &apos;type&apos;: &apos;string&apos;}, &apos;agent_id&apos;: {&apos;required&apos;: Tru...: True, &apos;type&apos;: &apos;string&apos;}}}, &apos;post&apos;: {&apos;/{group_id}&apos;: {&apos;delete&apos;: None, &apos;put&apos;: None}, &apos;body&apos;: {&apos;type&apos;: &apos;Group[]&apos;}}}, ...}.get</failure></testcase><testcase classname="test_submit" file="test_submit.py" line="304" name="test_2105" time="0.0009615421295166016"><failure message="AttributeError: &apos;NoneType&apos; object has no attribute &apos;get&apos;">E   AttributeError: &apos;NoneType&apos; object has no attribute &apos;get&apos;</failure></testcase><testcase classname="test_submit" file="test_submit.py" line="308" name="test_2065" time="0.000993490219116211"><failure message="AttributeError: &apos;NoneType&apos; object has no attribute &apos;get&apos;">E   AttributeError: &apos;NoneType&apos; object has no attribute &apos;get&apos;</failure></testcase><testcase classname="test_submit" file="test_submit.py" line="312" name="test_2930" time="0.0"><failure message="AttributeError: &apos;NoneType&apos; object has no attribute &apos;get&apos;">E   AttributeError: &apos;NoneType&apos; object has no attribute &apos;get&apos;</failure></testcase><testcase classname="test_submit" file="test_submit.py" line="316" name="test_2925" time="0.000997781753540039"><failure message="AttributeError: &apos;NoneType&apos; object has no attribute &apos;get&apos;">E   AttributeError: &apos;NoneType&apos; object has no attribute &apos;get&apos;</failure></testcase><testcase classname="test_submit" file="test_submit.py" line="320" name="test_746" time="0.0019958019256591797"></testcase><testcase classname="test_submit" file="test_submit.py" line="324" name="test_1442" time="0.0009982585906982422"><failure message="AssertionError: assert None
 +  where None = &lt;built-in method get of dict object at 0x000001C3C464B900&gt;(&apos;description&apos;)
 +    where &lt;built-in method get of dict object at 0x000001C3C464B900&gt; = {&apos;/{agent_id}&apos;: {&apos;delete&apos;: None, &apos;put&apos;: None}, &apos;/{user_id}&apos;: {&apos;get&apos;: {&apos;queryparameters&apos;: None}}, &apos;body&apos;: {&apos;type&apos;: &apos;Agent[]&apos;}}.get
 +      where {&apos;/{agent_id}&apos;: {&apos;delete&apos;: None, &apos;put&apos;: None}, &apos;/{user_id}&apos;: {&apos;get&apos;: {&apos;queryparameters&apos;: None}}, &apos;body&apos;: {&apos;type&apos;: &apos;Agent[]&apos;}} = &lt;built-in method get of dict object at 0x000001C3C464B9D8&gt;(&apos;post&apos;)
 +        where &lt;built-in method get of dict object at 0x000001C3C464B9D8&gt; = {&apos;get&apos;: {&apos;queryParameters&apos;: {&apos;address&apos;: {&apos;required&apos;: True, &apos;type&apos;: &apos;string&apos;}, &apos;agent_id&apos;: {&apos;required&apos;: True, &apos;type&apos;: &apos;...nt_id}&apos;: {&apos;delete&apos;: None, &apos;put&apos;: None}, &apos;/{user_id}&apos;: {&apos;get&apos;: {&apos;queryparameters&apos;: None}}, &apos;body&apos;: {&apos;type&apos;: &apos;Agent[]&apos;}}}.get
 +          where {&apos;get&apos;: {&apos;queryParameters&apos;: {&apos;address&apos;: {&apos;required&apos;: True, &apos;type&apos;: &apos;string&apos;}, &apos;agent_id&apos;: {&apos;required&apos;: True, &apos;type&apos;: &apos;...nt_id}&apos;: {&apos;delete&apos;: None, &apos;put&apos;: None}, &apos;/{user_id}&apos;: {&apos;get&apos;: {&apos;queryparameters&apos;: None}}, &apos;body&apos;: {&apos;type&apos;: &apos;Agent[]&apos;}}} = &lt;built-in method get of dict object at 0x000001C3C4DA86C0&gt;(&apos;/agents&apos;)
 +            where &lt;built-in method get of dict object at 0x000001C3C4DA86C0&gt; = {&apos;/agents&apos;: {&apos;get&apos;: {&apos;queryParameters&apos;: {&apos;address&apos;: {&apos;required&apos;: True, &apos;type&apos;: &apos;string&apos;}, &apos;agent_id&apos;: {&apos;required&apos;: Tru...: True, &apos;type&apos;: &apos;string&apos;}}}, &apos;post&apos;: {&apos;/{group_id}&apos;: {&apos;delete&apos;: None, &apos;put&apos;: None}, &apos;body&apos;: {&apos;type&apos;: &apos;Group[]&apos;}}}, ...}.get">E   AssertionError: assert None
     +  where None = &lt;built-in method get of dict object at 0x000001C3C464B900&gt;(&apos;description&apos;)
     +    where &lt;built-in method get of dict object at 0x000001C3C464B900&gt; = {&apos;/{agent_id}&apos;: {&apos;delete&apos;: None, &apos;put&apos;: None}, &apos;/{user_id}&apos;: {&apos;get&apos;: {&apos;queryparameters&apos;: None}}, &apos;body&apos;: {&apos;type&apos;: &apos;Agent[]&apos;}}.get
     +      where {&apos;/{agent_id}&apos;: {&apos;delete&apos;: None, &apos;put&apos;: None}, &apos;/{user_id}&apos;: {&apos;get&apos;: {&apos;queryparameters&apos;: None}}, &apos;body&apos;: {&apos;type&apos;: &apos;Agent[]&apos;}} = &lt;built-in method get of dict object at 0x000001C3C464B9D8&gt;(&apos;post&apos;)
     +        where &lt;built-in method get of dict object at 0x000001C3C464B9D8&gt; = {&apos;get&apos;: {&apos;queryParameters&apos;: {&apos;address&apos;: {&apos;required&apos;: True, &apos;type&apos;: &apos;string&apos;}, &apos;agent_id&apos;: {&apos;required&apos;: True, &apos;type&apos;: &apos;...nt_id}&apos;: {&apos;delete&apos;: None, &apos;put&apos;: None}, &apos;/{user_id}&apos;: {&apos;get&apos;: {&apos;queryparameters&apos;: None}}, &apos;body&apos;: {&apos;type&apos;: &apos;Agent[]&apos;}}}.get
     +          where {&apos;get&apos;: {&apos;queryParameters&apos;: {&apos;address&apos;: {&apos;required&apos;: True, &apos;type&apos;: &apos;string&apos;}, &apos;agent_id&apos;: {&apos;required&apos;: True, &apos;type&apos;: &apos;...nt_id}&apos;: {&apos;delete&apos;: None, &apos;put&apos;: None}, &apos;/{user_id}&apos;: {&apos;get&apos;: {&apos;queryparameters&apos;: None}}, &apos;body&apos;: {&apos;type&apos;: &apos;Agent[]&apos;}}} = &lt;built-in method get of dict object at 0x000001C3C4DA86C0&gt;(&apos;/agents&apos;)
     +            where &lt;built-in method get of dict object at 0x000001C3C4DA86C0&gt; = {&apos;/agents&apos;: {&apos;get&apos;: {&apos;queryParameters&apos;: {&apos;address&apos;: {&apos;required&apos;: True, &apos;type&apos;: &apos;string&apos;}, &apos;agent_id&apos;: {&apos;required&apos;: Tru...: True, &apos;type&apos;: &apos;string&apos;}}}, &apos;post&apos;: {&apos;/{group_id}&apos;: {&apos;delete&apos;: None, &apos;put&apos;: None}, &apos;body&apos;: {&apos;type&apos;: &apos;Group[]&apos;}}}, ...}.get</failure></testcase><testcase classname="test_submit" file="test_submit.py" line="328" name="test_1826" time="0.0009975433349609375"><failure message="AssertionError: assert None
 +  where None = &lt;built-in method get of dict object at 0x000001C3C464B900&gt;(&apos;securedBy&apos;)
 +    where &lt;built-in method get of dict object at 0x000001C3C464B900&gt; = {&apos;/{agent_id}&apos;: {&apos;delete&apos;: None, &apos;put&apos;: None}, &apos;/{user_id}&apos;: {&apos;get&apos;: {&apos;queryparameters&apos;: None}}, &apos;body&apos;: {&apos;type&apos;: &apos;Agent[]&apos;}}.get
 +      where {&apos;/{agent_id}&apos;: {&apos;delete&apos;: None, &apos;put&apos;: None}, &apos;/{user_id}&apos;: {&apos;get&apos;: {&apos;queryparameters&apos;: None}}, &apos;body&apos;: {&apos;type&apos;: &apos;Agent[]&apos;}} = &lt;built-in method get of dict object at 0x000001C3C464B9D8&gt;(&apos;post&apos;)
 +        where &lt;built-in method get of dict object at 0x000001C3C464B9D8&gt; = {&apos;get&apos;: {&apos;queryParameters&apos;: {&apos;address&apos;: {&apos;required&apos;: True, &apos;type&apos;: &apos;string&apos;}, &apos;agent_id&apos;: {&apos;required&apos;: True, &apos;type&apos;: &apos;...nt_id}&apos;: {&apos;delete&apos;: None, &apos;put&apos;: None}, &apos;/{user_id}&apos;: {&apos;get&apos;: {&apos;queryparameters&apos;: None}}, &apos;body&apos;: {&apos;type&apos;: &apos;Agent[]&apos;}}}.get
 +          where {&apos;get&apos;: {&apos;queryParameters&apos;: {&apos;address&apos;: {&apos;required&apos;: True, &apos;type&apos;: &apos;string&apos;}, &apos;agent_id&apos;: {&apos;required&apos;: True, &apos;type&apos;: &apos;...nt_id}&apos;: {&apos;delete&apos;: None, &apos;put&apos;: None}, &apos;/{user_id}&apos;: {&apos;get&apos;: {&apos;queryparameters&apos;: None}}, &apos;body&apos;: {&apos;type&apos;: &apos;Agent[]&apos;}}} = &lt;built-in method get of dict object at 0x000001C3C4DA86C0&gt;(&apos;/agents&apos;)
 +            where &lt;built-in method get of dict object at 0x000001C3C4DA86C0&gt; = {&apos;/agents&apos;: {&apos;get&apos;: {&apos;queryParameters&apos;: {&apos;address&apos;: {&apos;required&apos;: True, &apos;type&apos;: &apos;string&apos;}, &apos;agent_id&apos;: {&apos;required&apos;: Tru...: True, &apos;type&apos;: &apos;string&apos;}}}, &apos;post&apos;: {&apos;/{group_id}&apos;: {&apos;delete&apos;: None, &apos;put&apos;: None}, &apos;body&apos;: {&apos;type&apos;: &apos;Group[]&apos;}}}, ...}.get">E   AssertionError: assert None
     +  where None = &lt;built-in method get of dict object at 0x000001C3C464B900&gt;(&apos;securedBy&apos;)
     +    where &lt;built-in method get of dict object at 0x000001C3C464B900&gt; = {&apos;/{agent_id}&apos;: {&apos;delete&apos;: None, &apos;put&apos;: None}, &apos;/{user_id}&apos;: {&apos;get&apos;: {&apos;queryparameters&apos;: None}}, &apos;body&apos;: {&apos;type&apos;: &apos;Agent[]&apos;}}.get
     +      where {&apos;/{agent_id}&apos;: {&apos;delete&apos;: None, &apos;put&apos;: None}, &apos;/{user_id}&apos;: {&apos;get&apos;: {&apos;queryparameters&apos;: None}}, &apos;body&apos;: {&apos;type&apos;: &apos;Agent[]&apos;}} = &lt;built-in method get of dict object at 0x000001C3C464B9D8&gt;(&apos;post&apos;)
     +        where &lt;built-in method get of dict object at 0x000001C3C464B9D8&gt; = {&apos;get&apos;: {&apos;queryParameters&apos;: {&apos;address&apos;: {&apos;required&apos;: True, &apos;type&apos;: &apos;string&apos;}, &apos;agent_id&apos;: {&apos;required&apos;: True, &apos;type&apos;: &apos;...nt_id}&apos;: {&apos;delete&apos;: None, &apos;put&apos;: None}, &apos;/{user_id}&apos;: {&apos;get&apos;: {&apos;queryparameters&apos;: None}}, &apos;body&apos;: {&apos;type&apos;: &apos;Agent[]&apos;}}}.get
     +          where {&apos;get&apos;: {&apos;queryParameters&apos;: {&apos;address&apos;: {&apos;required&apos;: True, &apos;type&apos;: &apos;string&apos;}, &apos;agent_id&apos;: {&apos;required&apos;: True, &apos;type&apos;: &apos;...nt_id}&apos;: {&apos;delete&apos;: None, &apos;put&apos;: None}, &apos;/{user_id}&apos;: {&apos;get&apos;: {&apos;queryparameters&apos;: None}}, &apos;body&apos;: {&apos;type&apos;: &apos;Agent[]&apos;}}} = &lt;built-in method get of dict object at 0x000001C3C4DA86C0&gt;(&apos;/agents&apos;)
     +            where &lt;built-in method get of dict object at 0x000001C3C4DA86C0&gt; = {&apos;/agents&apos;: {&apos;get&apos;: {&apos;queryParameters&apos;: {&apos;address&apos;: {&apos;required&apos;: True, &apos;type&apos;: &apos;string&apos;}, &apos;agent_id&apos;: {&apos;required&apos;: Tru...: True, &apos;type&apos;: &apos;string&apos;}}}, &apos;post&apos;: {&apos;/{group_id}&apos;: {&apos;delete&apos;: None, &apos;put&apos;: None}, &apos;body&apos;: {&apos;type&apos;: &apos;Group[]&apos;}}}, ...}.get</failure></testcase><testcase classname="test_submit" file="test_submit.py" line="332" name="test_1382" time="0.0"></testcase><testcase classname="test_submit" file="test_submit.py" line="344" name="test_2290" time="0.0009598731994628906"><failure message="AttributeError: &apos;NoneType&apos; object has no attribute &apos;get&apos;">E   AttributeError: &apos;NoneType&apos; object has no attribute &apos;get&apos;</failure></testcase><testcase classname="test_submit" file="test_submit.py" line="348" name="test_1055" time="0.0009989738464355469"><failure message="AssertionError: assert None
 +  where None = &lt;built-in method get of dict object at 0x000001C3C464B900&gt;(&apos;responses&apos;)
 +    where &lt;built-in method get of dict object at 0x000001C3C464B900&gt; = {&apos;/{agent_id}&apos;: {&apos;delete&apos;: None, &apos;put&apos;: None}, &apos;/{user_id}&apos;: {&apos;get&apos;: {&apos;queryparameters&apos;: None}}, &apos;body&apos;: {&apos;type&apos;: &apos;Agent[]&apos;}}.get
 +      where {&apos;/{agent_id}&apos;: {&apos;delete&apos;: None, &apos;put&apos;: None}, &apos;/{user_id}&apos;: {&apos;get&apos;: {&apos;queryparameters&apos;: None}}, &apos;body&apos;: {&apos;type&apos;: &apos;Agent[]&apos;}} = &lt;built-in method get of dict object at 0x000001C3C464B9D8&gt;(&apos;post&apos;)
 +        where &lt;built-in method get of dict object at 0x000001C3C464B9D8&gt; = {&apos;get&apos;: {&apos;queryParameters&apos;: {&apos;address&apos;: {&apos;required&apos;: True, &apos;type&apos;: &apos;string&apos;}, &apos;agent_id&apos;: {&apos;required&apos;: True, &apos;type&apos;: &apos;...nt_id}&apos;: {&apos;delete&apos;: None, &apos;put&apos;: None}, &apos;/{user_id}&apos;: {&apos;get&apos;: {&apos;queryparameters&apos;: None}}, &apos;body&apos;: {&apos;type&apos;: &apos;Agent[]&apos;}}}.get
 +          where {&apos;get&apos;: {&apos;queryParameters&apos;: {&apos;address&apos;: {&apos;required&apos;: True, &apos;type&apos;: &apos;string&apos;}, &apos;agent_id&apos;: {&apos;required&apos;: True, &apos;type&apos;: &apos;...nt_id}&apos;: {&apos;delete&apos;: None, &apos;put&apos;: None}, &apos;/{user_id}&apos;: {&apos;get&apos;: {&apos;queryparameters&apos;: None}}, &apos;body&apos;: {&apos;type&apos;: &apos;Agent[]&apos;}}} = &lt;built-in method get of dict object at 0x000001C3C4DA86C0&gt;(&apos;/agents&apos;)
 +            where &lt;built-in method get of dict object at 0x000001C3C4DA86C0&gt; = {&apos;/agents&apos;: {&apos;get&apos;: {&apos;queryParameters&apos;: {&apos;address&apos;: {&apos;required&apos;: True, &apos;type&apos;: &apos;string&apos;}, &apos;agent_id&apos;: {&apos;required&apos;: Tru...: True, &apos;type&apos;: &apos;string&apos;}}}, &apos;post&apos;: {&apos;/{group_id}&apos;: {&apos;delete&apos;: None, &apos;put&apos;: None}, &apos;body&apos;: {&apos;type&apos;: &apos;Group[]&apos;}}}, ...}.get">E   AssertionError: assert None
     +  where None = &lt;built-in method get of dict object at 0x000001C3C464B900&gt;(&apos;responses&apos;)
     +    where &lt;built-in method get of dict object at 0x000001C3C464B900&gt; = {&apos;/{agent_id}&apos;: {&apos;delete&apos;: None, &apos;put&apos;: None}, &apos;/{user_id}&apos;: {&apos;get&apos;: {&apos;queryparameters&apos;: None}}, &apos;body&apos;: {&apos;type&apos;: &apos;Agent[]&apos;}}.get
     +      where {&apos;/{agent_id}&apos;: {&apos;delete&apos;: None, &apos;put&apos;: None}, &apos;/{user_id}&apos;: {&apos;get&apos;: {&apos;queryparameters&apos;: None}}, &apos;body&apos;: {&apos;type&apos;: &apos;Agent[]&apos;}} = &lt;built-in method get of dict object at 0x000001C3C464B9D8&gt;(&apos;post&apos;)
     +        where &lt;built-in method get of dict object at 0x000001C3C464B9D8&gt; = {&apos;get&apos;: {&apos;queryParameters&apos;: {&apos;address&apos;: {&apos;required&apos;: True, &apos;type&apos;: &apos;string&apos;}, &apos;agent_id&apos;: {&apos;required&apos;: True, &apos;type&apos;: &apos;...nt_id}&apos;: {&apos;delete&apos;: None, &apos;put&apos;: None}, &apos;/{user_id}&apos;: {&apos;get&apos;: {&apos;queryparameters&apos;: None}}, &apos;body&apos;: {&apos;type&apos;: &apos;Agent[]&apos;}}}.get
     +          where {&apos;get&apos;: {&apos;queryParameters&apos;: {&apos;address&apos;: {&apos;required&apos;: True, &apos;type&apos;: &apos;string&apos;}, &apos;agent_id&apos;: {&apos;required&apos;: True, &apos;type&apos;: &apos;...nt_id}&apos;: {&apos;delete&apos;: None, &apos;put&apos;: None}, &apos;/{user_id}&apos;: {&apos;get&apos;: {&apos;queryparameters&apos;: None}}, &apos;body&apos;: {&apos;type&apos;: &apos;Agent[]&apos;}}} = &lt;built-in method get of dict object at 0x000001C3C4DA86C0&gt;(&apos;/agents&apos;)
     +            where &lt;built-in method get of dict object at 0x000001C3C4DA86C0&gt; = {&apos;/agents&apos;: {&apos;get&apos;: {&apos;queryParameters&apos;: {&apos;address&apos;: {&apos;required&apos;: True, &apos;type&apos;: &apos;string&apos;}, &apos;agent_id&apos;: {&apos;required&apos;: Tru...: True, &apos;type&apos;: &apos;string&apos;}}}, &apos;post&apos;: {&apos;/{group_id}&apos;: {&apos;delete&apos;: None, &apos;put&apos;: None}, &apos;body&apos;: {&apos;type&apos;: &apos;Group[]&apos;}}}, ...}.get</failure></testcase><testcase classname="test_submit" file="test_submit.py" line="356" name="test_2030" time="0.0010001659393310547"><failure message="AttributeError: &apos;NoneType&apos; object has no attribute &apos;get&apos;">E   AttributeError: &apos;NoneType&apos; object has no attribute &apos;get&apos;</failure></testcase><testcase classname="test_submit" file="test_submit.py" line="364" name="test_2200" time="0.0"><failure message="AttributeError: &apos;NoneType&apos; object has no attribute &apos;get&apos;">E   AttributeError: &apos;NoneType&apos; object has no attribute &apos;get&apos;</failure></testcase><testcase classname="test_submit" file="test_submit.py" line="368" name="test_916" time="0.0"></testcase><testcase classname="test_submit" file="test_submit.py" line="372" name="test_1409" time="0.0009992122650146484"><failure message="AssertionError: assert None
 +  where None = &lt;built-in method get of dict object at 0x000001C3C464B510&gt;(&apos;description&apos;)
 +    where &lt;built-in method get of dict object at 0x000001C3C464B510&gt; = {&apos;queryParameters&apos;: {&apos;address&apos;: {&apos;required&apos;: True, &apos;type&apos;: &apos;string&apos;}, &apos;agent_id&apos;: {&apos;required&apos;: True, &apos;type&apos;: &apos;number&apos;}...: {&apos;body&apos;: None, &apos;type&apos;: &apos;Agent[]&apos;}, 500: {&apos;body&apos;: None, &apos;example&apos;: &apos;Ocorreu um erro inesperado&apos;, &apos;type&apos;: &apos;Mensagem&apos;}}}.get
 +      where {&apos;queryParameters&apos;: {&apos;address&apos;: {&apos;required&apos;: True, &apos;type&apos;: &apos;string&apos;}, &apos;agent_id&apos;: {&apos;required&apos;: True, &apos;type&apos;: &apos;number&apos;}...: {&apos;body&apos;: None, &apos;type&apos;: &apos;Agent[]&apos;}, 500: {&apos;body&apos;: None, &apos;example&apos;: &apos;Ocorreu um erro inesperado&apos;, &apos;type&apos;: &apos;Mensagem&apos;}}} = &lt;built-in method get of dict object at 0x000001C3C464B9D8&gt;(&apos;get&apos;)
 +        where &lt;built-in method get of dict object at 0x000001C3C464B9D8&gt; = {&apos;get&apos;: {&apos;queryParameters&apos;: {&apos;address&apos;: {&apos;required&apos;: True, &apos;type&apos;: &apos;string&apos;}, &apos;agent_id&apos;: {&apos;required&apos;: True, &apos;type&apos;: &apos;...nt_id}&apos;: {&apos;delete&apos;: None, &apos;put&apos;: None}, &apos;/{user_id}&apos;: {&apos;get&apos;: {&apos;queryparameters&apos;: None}}, &apos;body&apos;: {&apos;type&apos;: &apos;Agent[]&apos;}}}.get
 +          where {&apos;get&apos;: {&apos;queryParameters&apos;: {&apos;address&apos;: {&apos;required&apos;: True, &apos;type&apos;: &apos;string&apos;}, &apos;agent_id&apos;: {&apos;required&apos;: True, &apos;type&apos;: &apos;...nt_id}&apos;: {&apos;delete&apos;: None, &apos;put&apos;: None}, &apos;/{user_id}&apos;: {&apos;get&apos;: {&apos;queryparameters&apos;: None}}, &apos;body&apos;: {&apos;type&apos;: &apos;Agent[]&apos;}}} = &lt;built-in method get of dict object at 0x000001C3C4DA86C0&gt;(&apos;/agents&apos;)
 +            where &lt;built-in method get of dict object at 0x000001C3C4DA86C0&gt; = {&apos;/agents&apos;: {&apos;get&apos;: {&apos;queryParameters&apos;: {&apos;address&apos;: {&apos;required&apos;: True, &apos;type&apos;: &apos;string&apos;}, &apos;agent_id&apos;: {&apos;required&apos;: Tru...: True, &apos;type&apos;: &apos;string&apos;}}}, &apos;post&apos;: {&apos;/{group_id}&apos;: {&apos;delete&apos;: None, &apos;put&apos;: None}, &apos;body&apos;: {&apos;type&apos;: &apos;Group[]&apos;}}}, ...}.get">E   AssertionError: assert None
     +  where None = &lt;built-in method get of dict object at 0x000001C3C464B510&gt;(&apos;description&apos;)
     +    where &lt;built-in method get of dict object at 0x000001C3C464B510&gt; = {&apos;queryParameters&apos;: {&apos;address&apos;: {&apos;required&apos;: True, &apos;type&apos;: &apos;string&apos;}, &apos;agent_id&apos;: {&apos;required&apos;: True, &apos;type&apos;: &apos;number&apos;}...: {&apos;body&apos;: None, &apos;type&apos;: &apos;Agent[]&apos;}, 500: {&apos;body&apos;: None, &apos;example&apos;: &apos;Ocorreu um erro inesperado&apos;, &apos;type&apos;: &apos;Mensagem&apos;}}}.get
     +      where {&apos;queryParameters&apos;: {&apos;address&apos;: {&apos;required&apos;: True, &apos;type&apos;: &apos;string&apos;}, &apos;agent_id&apos;: {&apos;required&apos;: True, &apos;type&apos;: &apos;number&apos;}...: {&apos;body&apos;: None, &apos;type&apos;: &apos;Agent[]&apos;}, 500: {&apos;body&apos;: None, &apos;example&apos;: &apos;Ocorreu um erro inesperado&apos;, &apos;type&apos;: &apos;Mensagem&apos;}}} = &lt;built-in method get of dict object at 0x000001C3C464B9D8&gt;(&apos;get&apos;)
     +        where &lt;built-in method get of dict object at 0x000001C3C464B9D8&gt; = {&apos;get&apos;: {&apos;queryParameters&apos;: {&apos;address&apos;: {&apos;required&apos;: True, &apos;type&apos;: &apos;string&apos;}, &apos;agent_id&apos;: {&apos;required&apos;: True, &apos;type&apos;: &apos;...nt_id}&apos;: {&apos;delete&apos;: None, &apos;put&apos;: None}, &apos;/{user_id}&apos;: {&apos;get&apos;: {&apos;queryparameters&apos;: None}}, &apos;body&apos;: {&apos;type&apos;: &apos;Agent[]&apos;}}}.get
     +          where {&apos;get&apos;: {&apos;queryParameters&apos;: {&apos;address&apos;: {&apos;required&apos;: True, &apos;type&apos;: &apos;string&apos;}, &apos;agent_id&apos;: {&apos;required&apos;: True, &apos;type&apos;: &apos;...nt_id}&apos;: {&apos;delete&apos;: None, &apos;put&apos;: None}, &apos;/{user_id}&apos;: {&apos;get&apos;: {&apos;queryparameters&apos;: None}}, &apos;body&apos;: {&apos;type&apos;: &apos;Agent[]&apos;}}} = &lt;built-in method get of dict object at 0x000001C3C4DA86C0&gt;(&apos;/agents&apos;)
     +            where &lt;built-in method get of dict object at 0x000001C3C4DA86C0&gt; = {&apos;/agents&apos;: {&apos;get&apos;: {&apos;queryParameters&apos;: {&apos;address&apos;: {&apos;required&apos;: True, &apos;type&apos;: &apos;string&apos;}, &apos;agent_id&apos;: {&apos;required&apos;: Tru...: True, &apos;type&apos;: &apos;string&apos;}}}, &apos;post&apos;: {&apos;/{group_id}&apos;: {&apos;delete&apos;: None, &apos;put&apos;: None}, &apos;body&apos;: {&apos;type&apos;: &apos;Group[]&apos;}}}, ...}.get</failure></testcase><testcase classname="test_submit" file="test_submit.py" line="380" name="test_1292" time="0.0"></testcase><testcase classname="test_submit" file="test_submit.py" line="384" name="test_2530" time="0.0"></testcase><testcase classname="test_submit" file="test_submit.py" line="388" name="test_2140" time="0.0010380744934082031"><failure message="AssertionError: assert None
 +  where None = &lt;built-in method get of dict object at 0x000001C3C464F3F0&gt;(&apos;body&apos;)
 +    where &lt;built-in method get of dict object at 0x000001C3C464F3F0&gt; = {&apos;body&apos;: None, &apos;type&apos;: &apos;Agent[]&apos;}.get
 +      where {&apos;body&apos;: None, &apos;type&apos;: &apos;Agent[]&apos;} = &lt;built-in method get of dict object at 0x000001C3C464BF78&gt;(200)
 +        where &lt;built-in method get of dict object at 0x000001C3C464BF78&gt; = {200: {&apos;body&apos;: None, &apos;type&apos;: &apos;Agent[]&apos;}, 500: {&apos;body&apos;: None, &apos;example&apos;: &apos;Ocorreu um erro inesperado&apos;, &apos;type&apos;: &apos;Mensagem&apos;}}.get
 +          where {200: {&apos;body&apos;: None, &apos;type&apos;: &apos;Agent[]&apos;}, 500: {&apos;body&apos;: None, &apos;example&apos;: &apos;Ocorreu um erro inesperado&apos;, &apos;type&apos;: &apos;Mensagem&apos;}} = &lt;built-in method get of dict object at 0x000001C3C464B510&gt;(&apos;responses&apos;)
 +            where &lt;built-in method get of dict object at 0x000001C3C464B510&gt; = {&apos;queryParameters&apos;: {&apos;address&apos;: {&apos;required&apos;: True, &apos;type&apos;: &apos;string&apos;}, &apos;agent_id&apos;: {&apos;required&apos;: True, &apos;type&apos;: &apos;number&apos;}...: {&apos;body&apos;: None, &apos;type&apos;: &apos;Agent[]&apos;}, 500: {&apos;body&apos;: None, &apos;example&apos;: &apos;Ocorreu um erro inesperado&apos;, &apos;type&apos;: &apos;Mensagem&apos;}}}.get
 +              where {&apos;queryParameters&apos;: {&apos;address&apos;: {&apos;required&apos;: True, &apos;type&apos;: &apos;string&apos;}, &apos;agent_id&apos;: {&apos;required&apos;: True, &apos;type&apos;: &apos;number&apos;}...: {&apos;body&apos;: None, &apos;type&apos;: &apos;Agent[]&apos;}, 500: {&apos;body&apos;: None, &apos;example&apos;: &apos;Ocorreu um erro inesperado&apos;, &apos;type&apos;: &apos;Mensagem&apos;}}} = &lt;built-in method get of dict object at 0x000001C3C464B9D8&gt;(&apos;get&apos;)
 +                where &lt;built-in method get of dict object at 0x000001C3C464B9D8&gt; = {&apos;get&apos;: {&apos;queryParameters&apos;: {&apos;address&apos;: {&apos;required&apos;: True, &apos;type&apos;: &apos;string&apos;}, &apos;agent_id&apos;: {&apos;required&apos;: True, &apos;type&apos;: &apos;...nt_id}&apos;: {&apos;delete&apos;: None, &apos;put&apos;: None}, &apos;/{user_id}&apos;: {&apos;get&apos;: {&apos;queryparameters&apos;: None}}, &apos;body&apos;: {&apos;type&apos;: &apos;Agent[]&apos;}}}.get
 +                  where {&apos;get&apos;: {&apos;queryParameters&apos;: {&apos;address&apos;: {&apos;required&apos;: True, &apos;type&apos;: &apos;string&apos;}, &apos;agent_id&apos;: {&apos;required&apos;: True, &apos;type&apos;: &apos;...nt_id}&apos;: {&apos;delete&apos;: None, &apos;put&apos;: None}, &apos;/{user_id}&apos;: {&apos;get&apos;: {&apos;queryparameters&apos;: None}}, &apos;body&apos;: {&apos;type&apos;: &apos;Agent[]&apos;}}} = &lt;built-in method get of dict object at 0x000001C3C4DA86C0&gt;(&apos;/agents&apos;)
 +                    where &lt;built-in method get of dict object at 0x000001C3C4DA86C0&gt; = {&apos;/agents&apos;: {&apos;get&apos;: {&apos;queryParameters&apos;: {&apos;address&apos;: {&apos;required&apos;: True, &apos;type&apos;: &apos;string&apos;}, &apos;agent_id&apos;: {&apos;required&apos;: Tru...: True, &apos;type&apos;: &apos;string&apos;}}}, &apos;post&apos;: {&apos;/{group_id}&apos;: {&apos;delete&apos;: None, &apos;put&apos;: None}, &apos;body&apos;: {&apos;type&apos;: &apos;Group[]&apos;}}}, ...}.get">E   AssertionError: assert None
     +  where None = &lt;built-in method get of dict object at 0x000001C3C464F3F0&gt;(&apos;body&apos;)
     +    where &lt;built-in method get of dict object at 0x000001C3C464F3F0&gt; = {&apos;body&apos;: None, &apos;type&apos;: &apos;Agent[]&apos;}.get
     +      where {&apos;body&apos;: None, &apos;type&apos;: &apos;Agent[]&apos;} = &lt;built-in method get of dict object at 0x000001C3C464BF78&gt;(200)
     +        where &lt;built-in method get of dict object at 0x000001C3C464BF78&gt; = {200: {&apos;body&apos;: None, &apos;type&apos;: &apos;Agent[]&apos;}, 500: {&apos;body&apos;: None, &apos;example&apos;: &apos;Ocorreu um erro inesperado&apos;, &apos;type&apos;: &apos;Mensagem&apos;}}.get
     +          where {200: {&apos;body&apos;: None, &apos;type&apos;: &apos;Agent[]&apos;}, 500: {&apos;body&apos;: None, &apos;example&apos;: &apos;Ocorreu um erro inesperado&apos;, &apos;type&apos;: &apos;Mensagem&apos;}} = &lt;built-in method get of dict object at 0x000001C3C464B510&gt;(&apos;responses&apos;)
     +            where &lt;built-in method get of dict object at 0x000001C3C464B510&gt; = {&apos;queryParameters&apos;: {&apos;address&apos;: {&apos;required&apos;: True, &apos;type&apos;: &apos;string&apos;}, &apos;agent_id&apos;: {&apos;required&apos;: True, &apos;type&apos;: &apos;number&apos;}...: {&apos;body&apos;: None, &apos;type&apos;: &apos;Agent[]&apos;}, 500: {&apos;body&apos;: None, &apos;example&apos;: &apos;Ocorreu um erro inesperado&apos;, &apos;type&apos;: &apos;Mensagem&apos;}}}.get
     +              where {&apos;queryParameters&apos;: {&apos;address&apos;: {&apos;required&apos;: True, &apos;type&apos;: &apos;string&apos;}, &apos;agent_id&apos;: {&apos;required&apos;: True, &apos;type&apos;: &apos;number&apos;}...: {&apos;body&apos;: None, &apos;type&apos;: &apos;Agent[]&apos;}, 500: {&apos;body&apos;: None, &apos;example&apos;: &apos;Ocorreu um erro inesperado&apos;, &apos;type&apos;: &apos;Mensagem&apos;}}} = &lt;built-in method get of dict object at 0x000001C3C464B9D8&gt;(&apos;get&apos;)
     +                where &lt;built-in method get of dict object at 0x000001C3C464B9D8&gt; = {&apos;get&apos;: {&apos;queryParameters&apos;: {&apos;address&apos;: {&apos;required&apos;: True, &apos;type&apos;: &apos;string&apos;}, &apos;agent_id&apos;: {&apos;required&apos;: True, &apos;type&apos;: &apos;...nt_id}&apos;: {&apos;delete&apos;: None, &apos;put&apos;: None}, &apos;/{user_id}&apos;: {&apos;get&apos;: {&apos;queryparameters&apos;: None}}, &apos;body&apos;: {&apos;type&apos;: &apos;Agent[]&apos;}}}.get
     +                  where {&apos;get&apos;: {&apos;queryParameters&apos;: {&apos;address&apos;: {&apos;required&apos;: True, &apos;type&apos;: &apos;string&apos;}, &apos;agent_id&apos;: {&apos;required&apos;: True, &apos;type&apos;: &apos;...nt_id}&apos;: {&apos;delete&apos;: None, &apos;put&apos;: None}, &apos;/{user_id}&apos;: {&apos;get&apos;: {&apos;queryparameters&apos;: None}}, &apos;body&apos;: {&apos;type&apos;: &apos;Agent[]&apos;}}} = &lt;built-in method get of dict object at 0x000001C3C4DA86C0&gt;(&apos;/agents&apos;)
     +                    where &lt;built-in method get of dict object at 0x000001C3C4DA86C0&gt; = {&apos;/agents&apos;: {&apos;get&apos;: {&apos;queryParameters&apos;: {&apos;address&apos;: {&apos;required&apos;: True, &apos;type&apos;: &apos;string&apos;}, &apos;agent_id&apos;: {&apos;required&apos;: Tru...: True, &apos;type&apos;: &apos;string&apos;}}}, &apos;post&apos;: {&apos;/{group_id}&apos;: {&apos;delete&apos;: None, &apos;put&apos;: None}, &apos;body&apos;: {&apos;type&apos;: &apos;Group[]&apos;}}}, ...}.get</failure></testcase><testcase classname="test_submit" file="test_submit.py" line="392" name="test_664" time="0.0009949207305908203"><failure message="AssertionError: assert None
 +  where None = &lt;built-in method get of dict object at 0x000001C3C464B9D8&gt;(&apos;/{id}&apos;)
 +    where &lt;built-in method get of dict object at 0x000001C3C464B9D8&gt; = {&apos;get&apos;: {&apos;queryParameters&apos;: {&apos;address&apos;: {&apos;required&apos;: True, &apos;type&apos;: &apos;string&apos;}, &apos;agent_id&apos;: {&apos;required&apos;: True, &apos;type&apos;: &apos;...nt_id}&apos;: {&apos;delete&apos;: None, &apos;put&apos;: None}, &apos;/{user_id}&apos;: {&apos;get&apos;: {&apos;queryparameters&apos;: None}}, &apos;body&apos;: {&apos;type&apos;: &apos;Agent[]&apos;}}}.get
 +      where {&apos;get&apos;: {&apos;queryParameters&apos;: {&apos;address&apos;: {&apos;required&apos;: True, &apos;type&apos;: &apos;string&apos;}, &apos;agent_id&apos;: {&apos;required&apos;: True, &apos;type&apos;: &apos;...nt_id}&apos;: {&apos;delete&apos;: None, &apos;put&apos;: None}, &apos;/{user_id}&apos;: {&apos;get&apos;: {&apos;queryparameters&apos;: None}}, &apos;body&apos;: {&apos;type&apos;: &apos;Agent[]&apos;}}} = &lt;built-in method get of dict object at 0x000001C3C4DA86C0&gt;(&apos;/agents&apos;)
 +        where &lt;built-in method get of dict object at 0x000001C3C4DA86C0&gt; = {&apos;/agents&apos;: {&apos;get&apos;: {&apos;queryParameters&apos;: {&apos;address&apos;: {&apos;required&apos;: True, &apos;type&apos;: &apos;string&apos;}, &apos;agent_id&apos;: {&apos;required&apos;: Tru...: True, &apos;type&apos;: &apos;string&apos;}}}, &apos;post&apos;: {&apos;/{group_id}&apos;: {&apos;delete&apos;: None, &apos;put&apos;: None}, &apos;body&apos;: {&apos;type&apos;: &apos;Group[]&apos;}}}, ...}.get">E   AssertionError: assert None
     +  where None = &lt;built-in method get of dict object at 0x000001C3C464B9D8&gt;(&apos;/{id}&apos;)
     +    where &lt;built-in method get of dict object at 0x000001C3C464B9D8&gt; = {&apos;get&apos;: {&apos;queryParameters&apos;: {&apos;address&apos;: {&apos;required&apos;: True, &apos;type&apos;: &apos;string&apos;}, &apos;agent_id&apos;: {&apos;required&apos;: True, &apos;type&apos;: &apos;...nt_id}&apos;: {&apos;delete&apos;: None, &apos;put&apos;: None}, &apos;/{user_id}&apos;: {&apos;get&apos;: {&apos;queryparameters&apos;: None}}, &apos;body&apos;: {&apos;type&apos;: &apos;Agent[]&apos;}}}.get
     +      where {&apos;get&apos;: {&apos;queryParameters&apos;: {&apos;address&apos;: {&apos;required&apos;: True, &apos;type&apos;: &apos;string&apos;}, &apos;agent_id&apos;: {&apos;required&apos;: True, &apos;type&apos;: &apos;...nt_id}&apos;: {&apos;delete&apos;: None, &apos;put&apos;: None}, &apos;/{user_id}&apos;: {&apos;get&apos;: {&apos;queryparameters&apos;: None}}, &apos;body&apos;: {&apos;type&apos;: &apos;Agent[]&apos;}}} = &lt;built-in method get of dict object at 0x000001C3C4DA86C0&gt;(&apos;/agents&apos;)
     +        where &lt;built-in method get of dict object at 0x000001C3C4DA86C0&gt; = {&apos;/agents&apos;: {&apos;get&apos;: {&apos;queryParameters&apos;: {&apos;address&apos;: {&apos;required&apos;: True, &apos;type&apos;: &apos;string&apos;}, &apos;agent_id&apos;: {&apos;required&apos;: Tru...: True, &apos;type&apos;: &apos;string&apos;}}}, &apos;post&apos;: {&apos;/{group_id}&apos;: {&apos;delete&apos;: None, &apos;put&apos;: None}, &apos;body&apos;: {&apos;type&apos;: &apos;Group[]&apos;}}}, ...}.get</failure></testcase><testcase classname="test_submit" file="test_submit.py" line="396" name="test_1313" time="0.0009987354278564453"><failure message="AttributeError: &apos;NoneType&apos; object has no attribute &apos;get&apos;">E   AttributeError: &apos;NoneType&apos; object has no attribute &apos;get&apos;</failure></testcase><testcase classname="test_submit" file="test_submit.py" line="400" name="test_2755" time="0.00099945068359375"><failure message="AttributeError: &apos;NoneType&apos; object has no attribute &apos;get&apos;">E   AttributeError: &apos;NoneType&apos; object has no attribute &apos;get&apos;</failure></testcase><testcase classname="test_submit" file="test_submit.py" line="404" name="test_2305" time="0.0"><failure message="AttributeError: &apos;NoneType&apos; object has no attribute &apos;get&apos;">E   AttributeError: &apos;NoneType&apos; object has no attribute &apos;get&apos;</failure></testcase><testcase classname="test_submit" file="test_submit.py" line="412" name="test_2965" time="0.0010006427764892578"><failure message="AttributeError: &apos;NoneType&apos; object has no attribute &apos;get&apos;">E   AttributeError: &apos;NoneType&apos; object has no attribute &apos;get&apos;</failure></testcase><testcase classname="test_submit" file="test_submit.py" line="416" name="test_2060" time="0.0"><failure message="AttributeError: &apos;NoneType&apos; object has no attribute &apos;get&apos;">E   AttributeError: &apos;NoneType&apos; object has no attribute &apos;get&apos;</failure></testcase><testcase classname="test_submit" file="test_submit.py" line="420" name="test_2625" time="0.0009970664978027344"><failure message="AttributeError: &apos;NoneType&apos; object has no attribute &apos;get&apos;">E   AttributeError: &apos;NoneType&apos; object has no attribute &apos;get&apos;</failure></testcase><testcase classname="test_submit" file="test_submit.py" line="424" name="test_1295" time="0.0010292530059814453"><failure message="AttributeError: &apos;NoneType&apos; object has no attribute &apos;get&apos;">E   AttributeError: &apos;NoneType&apos; object has no attribute &apos;get&apos;</failure></testcase><testcase classname="test_submit" file="test_submit.py" line="432" name="test_2555" time="0.0009970664978027344"><failure message="AttributeError: &apos;NoneType&apos; object has no attribute &apos;get&apos;">E   AttributeError: &apos;NoneType&apos; object has no attribute &apos;get&apos;</failure></testcase><testcase classname="test_submit" file="test_submit.py" line="436" name="test_2610" time="0.0"><failure message="AttributeError: &apos;NoneType&apos; object has no attribute &apos;get&apos;">E   AttributeError: &apos;NoneType&apos; object has no attribute &apos;get&apos;</failure></testcase><testcase classname="test_submit" file="test_submit.py" line="444" name="test_2295" time="0.000997304916381836"><failure message="AttributeError: &apos;NoneType&apos; object has no attribute &apos;get&apos;">E   AttributeError: &apos;NoneType&apos; object has no attribute &apos;get&apos;</failure></testcase><testcase classname="test_submit" file="test_submit.py" line="448" name="test_2800" time="0.0009605884552001953"><failure message="AttributeError: &apos;NoneType&apos; object has no attribute &apos;get&apos;">E   AttributeError: &apos;NoneType&apos; object has no attribute &apos;get&apos;</failure></testcase><testcase classname="test_submit" file="test_submit.py" line="452" name="test_1460" time="0.001996278762817383"><failure message="AttributeError: &apos;NoneType&apos; object has no attribute &apos;get&apos;">E   AttributeError: &apos;NoneType&apos; object has no attribute &apos;get&apos;</failure></testcase><testcase classname="test_submit" file="test_submit.py" line="456" name="test_2745" time="0.0009980201721191406"><failure message="AttributeError: &apos;NoneType&apos; object has no attribute &apos;get&apos;">E   AttributeError: &apos;NoneType&apos; object has no attribute &apos;get&apos;</failure></testcase><testcase classname="test_submit" file="test_submit.py" line="464" name="test_2990" time="0.0009970664978027344"><failure message="AttributeError: &apos;NoneType&apos; object has no attribute &apos;get&apos;">E   AttributeError: &apos;NoneType&apos; object has no attribute &apos;get&apos;</failure></testcase><testcase classname="test_submit" file="test_submit.py" line="476" name="test_2510" time="0.0009958744049072266"><failure message="AttributeError: &apos;NoneType&apos; object has no attribute &apos;get&apos;">E   AttributeError: &apos;NoneType&apos; object has no attribute &apos;get&apos;</failure></testcase><testcase classname="test_submit" file="test_submit.py" line="480" name="test_934" time="0.0009987354278564453"><failure message="AssertionError: assert None
 +  where None = &lt;built-in method get of dict object at 0x000001C3C464B9D8&gt;(&apos;/{id}/events&apos;)
 +    where &lt;built-in method get of dict object at 0x000001C3C464B9D8&gt; = {&apos;get&apos;: {&apos;queryParameters&apos;: {&apos;address&apos;: {&apos;required&apos;: True, &apos;type&apos;: &apos;string&apos;}, &apos;agent_id&apos;: {&apos;required&apos;: True, &apos;type&apos;: &apos;...nt_id}&apos;: {&apos;delete&apos;: None, &apos;put&apos;: None}, &apos;/{user_id}&apos;: {&apos;get&apos;: {&apos;queryparameters&apos;: None}}, &apos;body&apos;: {&apos;type&apos;: &apos;Agent[]&apos;}}}.get
 +      where {&apos;get&apos;: {&apos;queryParameters&apos;: {&apos;address&apos;: {&apos;required&apos;: True, &apos;type&apos;: &apos;string&apos;}, &apos;agent_id&apos;: {&apos;required&apos;: True, &apos;type&apos;: &apos;...nt_id}&apos;: {&apos;delete&apos;: None, &apos;put&apos;: None}, &apos;/{user_id}&apos;: {&apos;get&apos;: {&apos;queryparameters&apos;: None}}, &apos;body&apos;: {&apos;type&apos;: &apos;Agent[]&apos;}}} = &lt;built-in method get of dict object at 0x000001C3C4DA86C0&gt;(&apos;/agents&apos;)
 +        where &lt;built-in method get of dict object at 0x000001C3C4DA86C0&gt; = {&apos;/agents&apos;: {&apos;get&apos;: {&apos;queryParameters&apos;: {&apos;address&apos;: {&apos;required&apos;: True, &apos;type&apos;: &apos;string&apos;}, &apos;agent_id&apos;: {&apos;required&apos;: Tru...: True, &apos;type&apos;: &apos;string&apos;}}}, &apos;post&apos;: {&apos;/{group_id}&apos;: {&apos;delete&apos;: None, &apos;put&apos;: None}, &apos;body&apos;: {&apos;type&apos;: &apos;Group[]&apos;}}}, ...}.get">E   AssertionError: assert None
     +  where None = &lt;built-in method get of dict object at 0x000001C3C464B9D8&gt;(&apos;/{id}/events&apos;)
     +    where &lt;built-in method get of dict object at 0x000001C3C464B9D8&gt; = {&apos;get&apos;: {&apos;queryParameters&apos;: {&apos;address&apos;: {&apos;required&apos;: True, &apos;type&apos;: &apos;string&apos;}, &apos;agent_id&apos;: {&apos;required&apos;: True, &apos;type&apos;: &apos;...nt_id}&apos;: {&apos;delete&apos;: None, &apos;put&apos;: None}, &apos;/{user_id}&apos;: {&apos;get&apos;: {&apos;queryparameters&apos;: None}}, &apos;body&apos;: {&apos;type&apos;: &apos;Agent[]&apos;}}}.get
     +      where {&apos;get&apos;: {&apos;queryParameters&apos;: {&apos;address&apos;: {&apos;required&apos;: True, &apos;type&apos;: &apos;string&apos;}, &apos;agent_id&apos;: {&apos;required&apos;: True, &apos;type&apos;: &apos;...nt_id}&apos;: {&apos;delete&apos;: None, &apos;put&apos;: None}, &apos;/{user_id}&apos;: {&apos;get&apos;: {&apos;queryparameters&apos;: None}}, &apos;body&apos;: {&apos;type&apos;: &apos;Agent[]&apos;}}} = &lt;built-in method get of dict object at 0x000001C3C4DA86C0&gt;(&apos;/agents&apos;)
     +        where &lt;built-in method get of dict object at 0x000001C3C4DA86C0&gt; = {&apos;/agents&apos;: {&apos;get&apos;: {&apos;queryParameters&apos;: {&apos;address&apos;: {&apos;required&apos;: True, &apos;type&apos;: &apos;string&apos;}, &apos;agent_id&apos;: {&apos;required&apos;: Tru...: True, &apos;type&apos;: &apos;string&apos;}}}, &apos;post&apos;: {&apos;/{group_id}&apos;: {&apos;delete&apos;: None, &apos;put&apos;: None}, &apos;body&apos;: {&apos;type&apos;: &apos;Group[]&apos;}}}, ...}.get</failure></testcase><testcase classname="test_submit" file="test_submit.py" line="484" name="test_1130" time="0.0009970664978027344"><failure message="AttributeError: &apos;NoneType&apos; object has no attribute &apos;get&apos;">E   AttributeError: &apos;NoneType&apos; object has no attribute &apos;get&apos;</failure></testcase><testcase classname="test_submit" file="test_submit.py" line="492" name="test_2810" time="0.0"><failure message="AttributeError: &apos;NoneType&apos; object has no attribute &apos;get&apos;">E   AttributeError: &apos;NoneType&apos; object has no attribute &apos;get&apos;</failure></testcase><testcase classname="test_submit" file="test_submit.py" line="500" name="test_2695" time="0.0009951591491699219"><failure message="AttributeError: &apos;NoneType&apos; object has no attribute &apos;get&apos;">E   AttributeError: &apos;NoneType&apos; object has no attribute &apos;get&apos;</failure></testcase><testcase classname="test_submit" file="test_submit.py" line="508" name="test_2645" time="0.0009968280792236328"><failure message="AttributeError: &apos;NoneType&apos; object has no attribute &apos;get&apos;">E   AttributeError: &apos;NoneType&apos; object has no attribute &apos;get&apos;</failure></testcase><testcase classname="test_submit" file="test_submit.py" line="512" name="test_2185" time="0.0"><failure message="AttributeError: &apos;NoneType&apos; object has no attribute &apos;get&apos;">E   AttributeError: &apos;NoneType&apos; object has no attribute &apos;get&apos;</failure></testcase><testcase classname="test_submit" file="test_submit.py" line="516" name="test_2580" time="0.0009975433349609375"><failure message="AttributeError: &apos;NoneType&apos; object has no attribute &apos;get&apos;">E   AttributeError: &apos;NoneType&apos; object has no attribute &apos;get&apos;</failure></testcase><testcase classname="test_submit" file="test_submit.py" line="520" name="test_1148" time="0.001996278762817383"><failure message="AttributeError: &apos;NoneType&apos; object has no attribute &apos;get&apos;">E   AttributeError: &apos;NoneType&apos; object has no attribute &apos;get&apos;</failure></testcase><testcase classname="test_submit" file="test_submit.py" line="524" name="test_2780" time="0.0"><failure message="AttributeError: &apos;NoneType&apos; object has no attribute &apos;get&apos;">E   AttributeError: &apos;NoneType&apos; object has no attribute &apos;get&apos;</failure></testcase><testcase classname="test_submit" file="test_submit.py" line="528" name="test_2805" time="0.0"><failure message="AttributeError: &apos;NoneType&apos; object has no attribute &apos;get&apos;">E   AttributeError: &apos;NoneType&apos; object has no attribute &apos;get&apos;</failure></testcase><testcase classname="test_submit" file="test_submit.py" line="532" name="test_2415" time="0.0009601116180419922"><failure message="AttributeError: &apos;NoneType&apos; object has no attribute &apos;get&apos;">E   AttributeError: &apos;NoneType&apos; object has no attribute &apos;get&apos;</failure></testcase><testcase classname="test_submit" file="test_submit.py" line="536" name="test_2010" time="0.0"><failure message="AttributeError: &apos;NoneType&apos; object has no attribute &apos;get&apos;">E   AttributeError: &apos;NoneType&apos; object has no attribute &apos;get&apos;</failure></testcase><testcase classname="test_submit" file="test_submit.py" line="540" name="test_2545" time="0.0009982585906982422"><failure message="AttributeError: &apos;NoneType&apos; object has no attribute &apos;get&apos;">E   AttributeError: &apos;NoneType&apos; object has no attribute &apos;get&apos;</failure></testcase><testcase classname="test_submit" file="test_submit.py" line="544" name="test_2700" time="0.0009975433349609375"><failure message="AttributeError: &apos;NoneType&apos; object has no attribute &apos;get&apos;">E   AttributeError: &apos;NoneType&apos; object has no attribute &apos;get&apos;</failure></testcase><testcase classname="test_submit" file="test_submit.py" line="548" name="test_1808" time="0.0"><failure message="AttributeError: &apos;NoneType&apos; object has no attribute &apos;get&apos;">E   AttributeError: &apos;NoneType&apos; object has no attribute &apos;get&apos;</failure></testcase><testcase classname="test_submit" file="test_submit.py" line="552" name="test_2880" time="0.0"><failure message="AttributeError: &apos;NoneType&apos; object has no attribute &apos;get&apos;">E   AttributeError: &apos;NoneType&apos; object has no attribute &apos;get&apos;</failure></testcase><testcase classname="test_submit" file="test_submit.py" line="556" name="test_2595" time="0.0009582042694091797"><failure message="AttributeError: &apos;NoneType&apos; object has no attribute &apos;get&apos;">E   AttributeError: &apos;NoneType&apos; object has no attribute &apos;get&apos;</failure></testcase><testcase classname="test_submit" file="test_submit.py" line="560" name="test_2575" time="0.0019593238830566406"><failure message="AttributeError: &apos;NoneType&apos; object has no attribute &apos;get&apos;">E   AttributeError: &apos;NoneType&apos; object has no attribute &apos;get&apos;</failure></testcase><testcase classname="test_submit" file="test_submit.py" line="568" name="test_2035" time="0.000997304916381836"><failure message="AttributeError: &apos;NoneType&apos; object has no attribute &apos;get&apos;">E   AttributeError: &apos;NoneType&apos; object has no attribute &apos;get&apos;</failure></testcase><testcase classname="test_submit" file="test_submit.py" line="572" name="test_2855" time="0.0009942054748535156"><failure message="AttributeError: &apos;NoneType&apos; object has no attribute &apos;get&apos;">E   AttributeError: &apos;NoneType&apos; object has no attribute &apos;get&apos;</failure></testcase><testcase classname="test_submit" file="test_submit.py" line="576" name="test_2450" time="0.0"><failure message="AttributeError: &apos;NoneType&apos; object has no attribute &apos;get&apos;">E   AttributeError: &apos;NoneType&apos; object has no attribute &apos;get&apos;</failure></testcase><testcase classname="test_submit" file="test_submit.py" line="580" name="test_1064" time="0.0019290447235107422"><failure message="AttributeError: &apos;NoneType&apos; object has no attribute &apos;get&apos;">E   AttributeError: &apos;NoneType&apos; object has no attribute &apos;get&apos;</failure></testcase><testcase classname="test_submit" file="test_submit.py" line="584" name="test_2410" time="0.0009980201721191406"><failure message="AttributeError: &apos;NoneType&apos; object has no attribute &apos;get&apos;">E   AttributeError: &apos;NoneType&apos; object has no attribute &apos;get&apos;</failure></testcase><testcase classname="test_submit" file="test_submit.py" line="588" name="test_2445" time="0.000997304916381836"><failure message="AttributeError: &apos;NoneType&apos; object has no attribute &apos;get&apos;">E   AttributeError: &apos;NoneType&apos; object has no attribute &apos;get&apos;</failure></testcase><testcase classname="test_submit" file="test_submit.py" line="592" name="test_2760" time="0.0019953250885009766"><failure message="AttributeError: &apos;NoneType&apos; object has no attribute &apos;get&apos;">E   AttributeError: &apos;NoneType&apos; object has no attribute &apos;get&apos;</failure></testcase><testcase classname="test_submit" file="test_submit.py" line="596" name="test_2550" time="0.0009980201721191406"><failure message="AttributeError: &apos;NoneType&apos; object has no attribute &apos;get&apos;">E   AttributeError: &apos;NoneType&apos; object has no attribute &apos;get&apos;</failure></testcase><testcase classname="test_submit" file="test_submit.py" line="600" name="test_2420" time="0.0"><failure message="AttributeError: &apos;NoneType&apos; object has no attribute &apos;get&apos;">E   AttributeError: &apos;NoneType&apos; object has no attribute &apos;get&apos;</failure></testcase><testcase classname="test_submit" file="test_submit.py" line="604" name="test_2605" time="0.0009865760803222656"><failure message="AttributeError: &apos;NoneType&apos; object has no attribute &apos;get&apos;">E   AttributeError: &apos;NoneType&apos; object has no attribute &apos;get&apos;</failure></testcase><testcase classname="test_submit" file="test_submit.py" line="612" name="test_486" time="0.0"></testcase><testcase classname="test_submit" file="test_submit.py" line="616" name="test_1172" time="0.0009624958038330078"><failure message="AssertionError: assert None
 +  where None = &lt;built-in method get of dict object at 0x000001C3C464B8B8&gt;(&apos;description&apos;)
 +    where &lt;built-in method get of dict object at 0x000001C3C464B8B8&gt; = {&apos;body&apos;: {&apos;type&apos;: &apos;User[]&apos;}}.get
 +      where {&apos;body&apos;: {&apos;type&apos;: &apos;User[]&apos;}} = &lt;built-in method get of dict object at 0x000001C3C464B6C0&gt;(&apos;post&apos;)
 +        where &lt;built-in method get of dict object at 0x000001C3C464B6C0&gt; = {&apos;/{user_id}&apos;: {&apos;delete&apos;: None, &apos;put&apos;: None}, &apos;get&apos;: {&apos;queryParameters&apos;: {&apos;email&apos;: {&apos;required&apos;: True, &apos;type&apos;: &apos;string&apos;...True, &apos;type&apos;: &apos;string&apos;}, &apos;password&apos;: {&apos;required&apos;: True, &apos;type&apos;: &apos;string&apos;}, ...}}, &apos;post&apos;: {&apos;body&apos;: {&apos;type&apos;: &apos;User[]&apos;}}}.get
 +          where {&apos;/{user_id}&apos;: {&apos;delete&apos;: None, &apos;put&apos;: None}, &apos;get&apos;: {&apos;queryParameters&apos;: {&apos;email&apos;: {&apos;required&apos;: True, &apos;type&apos;: &apos;string&apos;...True, &apos;type&apos;: &apos;string&apos;}, &apos;password&apos;: {&apos;required&apos;: True, &apos;type&apos;: &apos;string&apos;}, ...}}, &apos;post&apos;: {&apos;body&apos;: {&apos;type&apos;: &apos;User[]&apos;}}} = &lt;built-in method get of dict object at 0x000001C3C4DA86C0&gt;(&apos;/users&apos;)
 +            where &lt;built-in method get of dict object at 0x000001C3C4DA86C0&gt; = {&apos;/agents&apos;: {&apos;get&apos;: {&apos;queryParameters&apos;: {&apos;address&apos;: {&apos;required&apos;: True, &apos;type&apos;: &apos;string&apos;}, &apos;agent_id&apos;: {&apos;required&apos;: Tru...: True, &apos;type&apos;: &apos;string&apos;}}}, &apos;post&apos;: {&apos;/{group_id}&apos;: {&apos;delete&apos;: None, &apos;put&apos;: None}, &apos;body&apos;: {&apos;type&apos;: &apos;Group[]&apos;}}}, ...}.get">E   AssertionError: assert None
     +  where None = &lt;built-in method get of dict object at 0x000001C3C464B8B8&gt;(&apos;description&apos;)
     +    where &lt;built-in method get of dict object at 0x000001C3C464B8B8&gt; = {&apos;body&apos;: {&apos;type&apos;: &apos;User[]&apos;}}.get
     +      where {&apos;body&apos;: {&apos;type&apos;: &apos;User[]&apos;}} = &lt;built-in method get of dict object at 0x000001C3C464B6C0&gt;(&apos;post&apos;)
     +        where &lt;built-in method get of dict object at 0x000001C3C464B6C0&gt; = {&apos;/{user_id}&apos;: {&apos;delete&apos;: None, &apos;put&apos;: None}, &apos;get&apos;: {&apos;queryParameters&apos;: {&apos;email&apos;: {&apos;required&apos;: True, &apos;type&apos;: &apos;string&apos;...True, &apos;type&apos;: &apos;string&apos;}, &apos;password&apos;: {&apos;required&apos;: True, &apos;type&apos;: &apos;string&apos;}, ...}}, &apos;post&apos;: {&apos;body&apos;: {&apos;type&apos;: &apos;User[]&apos;}}}.get
     +          where {&apos;/{user_id}&apos;: {&apos;delete&apos;: None, &apos;put&apos;: None}, &apos;get&apos;: {&apos;queryParameters&apos;: {&apos;email&apos;: {&apos;required&apos;: True, &apos;type&apos;: &apos;string&apos;...True, &apos;type&apos;: &apos;string&apos;}, &apos;password&apos;: {&apos;required&apos;: True, &apos;type&apos;: &apos;string&apos;}, ...}}, &apos;post&apos;: {&apos;body&apos;: {&apos;type&apos;: &apos;User[]&apos;}}} = &lt;built-in method get of dict object at 0x000001C3C4DA86C0&gt;(&apos;/users&apos;)
     +            where &lt;built-in method get of dict object at 0x000001C3C4DA86C0&gt; = {&apos;/agents&apos;: {&apos;get&apos;: {&apos;queryParameters&apos;: {&apos;address&apos;: {&apos;required&apos;: True, &apos;type&apos;: &apos;string&apos;}, &apos;agent_id&apos;: {&apos;required&apos;: Tru...: True, &apos;type&apos;: &apos;string&apos;}}}, &apos;post&apos;: {&apos;/{group_id}&apos;: {&apos;delete&apos;: None, &apos;put&apos;: None}, &apos;body&apos;: {&apos;type&apos;: &apos;Group[]&apos;}}}, ...}.get</failure></testcase><testcase classname="test_submit" file="test_submit.py" line="624" name="test_1910" time="0.000997304916381836"></testcase><testcase classname="test_submit" file="test_submit.py" line="628" name="test_2440" time="0.002032041549682617"><failure message="AssertionError: assert None
 +  where None = &lt;built-in method get of dict object at 0x000001C3C464BE10&gt;(&apos;application/json&apos;)
 +    where &lt;built-in method get of dict object at 0x000001C3C464BE10&gt; = {&apos;type&apos;: &apos;User[]&apos;}.get
 +      where {&apos;type&apos;: &apos;User[]&apos;} = &lt;built-in method get of dict object at 0x000001C3C464B8B8&gt;(&apos;body&apos;)
 +        where &lt;built-in method get of dict object at 0x000001C3C464B8B8&gt; = {&apos;body&apos;: {&apos;type&apos;: &apos;User[]&apos;}}.get
 +          where {&apos;body&apos;: {&apos;type&apos;: &apos;User[]&apos;}} = &lt;built-in method get of dict object at 0x000001C3C464B6C0&gt;(&apos;post&apos;)
 +            where &lt;built-in method get of dict object at 0x000001C3C464B6C0&gt; = {&apos;/{user_id}&apos;: {&apos;delete&apos;: None, &apos;put&apos;: None}, &apos;get&apos;: {&apos;queryParameters&apos;: {&apos;email&apos;: {&apos;required&apos;: True, &apos;type&apos;: &apos;string&apos;...True, &apos;type&apos;: &apos;string&apos;}, &apos;password&apos;: {&apos;required&apos;: True, &apos;type&apos;: &apos;string&apos;}, ...}}, &apos;post&apos;: {&apos;body&apos;: {&apos;type&apos;: &apos;User[]&apos;}}}.get
 +              where {&apos;/{user_id}&apos;: {&apos;delete&apos;: None, &apos;put&apos;: None}, &apos;get&apos;: {&apos;queryParameters&apos;: {&apos;email&apos;: {&apos;required&apos;: True, &apos;type&apos;: &apos;string&apos;...True, &apos;type&apos;: &apos;string&apos;}, &apos;password&apos;: {&apos;required&apos;: True, &apos;type&apos;: &apos;string&apos;}, ...}}, &apos;post&apos;: {&apos;body&apos;: {&apos;type&apos;: &apos;User[]&apos;}}} = &lt;built-in method get of dict object at 0x000001C3C4DA86C0&gt;(&apos;/users&apos;)
 +                where &lt;built-in method get of dict object at 0x000001C3C4DA86C0&gt; = {&apos;/agents&apos;: {&apos;get&apos;: {&apos;queryParameters&apos;: {&apos;address&apos;: {&apos;required&apos;: True, &apos;type&apos;: &apos;string&apos;}, &apos;agent_id&apos;: {&apos;required&apos;: Tru...: True, &apos;type&apos;: &apos;string&apos;}}}, &apos;post&apos;: {&apos;/{group_id}&apos;: {&apos;delete&apos;: None, &apos;put&apos;: None}, &apos;body&apos;: {&apos;type&apos;: &apos;Group[]&apos;}}}, ...}.get">E   AssertionError: assert None
     +  where None = &lt;built-in method get of dict object at 0x000001C3C464BE10&gt;(&apos;application/json&apos;)
     +    where &lt;built-in method get of dict object at 0x000001C3C464BE10&gt; = {&apos;type&apos;: &apos;User[]&apos;}.get
     +      where {&apos;type&apos;: &apos;User[]&apos;} = &lt;built-in method get of dict object at 0x000001C3C464B8B8&gt;(&apos;body&apos;)
     +        where &lt;built-in method get of dict object at 0x000001C3C464B8B8&gt; = {&apos;body&apos;: {&apos;type&apos;: &apos;User[]&apos;}}.get
     +          where {&apos;body&apos;: {&apos;type&apos;: &apos;User[]&apos;}} = &lt;built-in method get of dict object at 0x000001C3C464B6C0&gt;(&apos;post&apos;)
     +            where &lt;built-in method get of dict object at 0x000001C3C464B6C0&gt; = {&apos;/{user_id}&apos;: {&apos;delete&apos;: None, &apos;put&apos;: None}, &apos;get&apos;: {&apos;queryParameters&apos;: {&apos;email&apos;: {&apos;required&apos;: True, &apos;type&apos;: &apos;string&apos;...True, &apos;type&apos;: &apos;string&apos;}, &apos;password&apos;: {&apos;required&apos;: True, &apos;type&apos;: &apos;string&apos;}, ...}}, &apos;post&apos;: {&apos;body&apos;: {&apos;type&apos;: &apos;User[]&apos;}}}.get
     +              where {&apos;/{user_id}&apos;: {&apos;delete&apos;: None, &apos;put&apos;: None}, &apos;get&apos;: {&apos;queryParameters&apos;: {&apos;email&apos;: {&apos;required&apos;: True, &apos;type&apos;: &apos;string&apos;...True, &apos;type&apos;: &apos;string&apos;}, &apos;password&apos;: {&apos;required&apos;: True, &apos;type&apos;: &apos;string&apos;}, ...}}, &apos;post&apos;: {&apos;body&apos;: {&apos;type&apos;: &apos;User[]&apos;}}} = &lt;built-in method get of dict object at 0x000001C3C4DA86C0&gt;(&apos;/users&apos;)
     +                where &lt;built-in method get of dict object at 0x000001C3C4DA86C0&gt; = {&apos;/agents&apos;: {&apos;get&apos;: {&apos;queryParameters&apos;: {&apos;address&apos;: {&apos;required&apos;: True, &apos;type&apos;: &apos;string&apos;}, &apos;agent_id&apos;: {&apos;required&apos;: Tru...: True, &apos;type&apos;: &apos;string&apos;}}}, &apos;post&apos;: {&apos;/{group_id}&apos;: {&apos;delete&apos;: None, &apos;put&apos;: None}, &apos;body&apos;: {&apos;type&apos;: &apos;Group[]&apos;}}}, ...}.get</failure></testcase><testcase classname="test_submit" file="test_submit.py" line="632" name="test_2650" time="0.0"><failure message="AttributeError: &apos;NoneType&apos; object has no attribute &apos;get&apos;">E   AttributeError: &apos;NoneType&apos; object has no attribute &apos;get&apos;</failure></testcase><testcase classname="test_submit" file="test_submit.py" line="636" name="test_1610" time="0.0009987354278564453"><failure message="AssertionError: assert None
 +  where None = &lt;built-in method get of dict object at 0x000001C3C464B8B8&gt;(&apos;responses&apos;)
 +    where &lt;built-in method get of dict object at 0x000001C3C464B8B8&gt; = {&apos;body&apos;: {&apos;type&apos;: &apos;User[]&apos;}}.get
 +      where {&apos;body&apos;: {&apos;type&apos;: &apos;User[]&apos;}} = &lt;built-in method get of dict object at 0x000001C3C464B6C0&gt;(&apos;post&apos;)
 +        where &lt;built-in method get of dict object at 0x000001C3C464B6C0&gt; = {&apos;/{user_id}&apos;: {&apos;delete&apos;: None, &apos;put&apos;: None}, &apos;get&apos;: {&apos;queryParameters&apos;: {&apos;email&apos;: {&apos;required&apos;: True, &apos;type&apos;: &apos;string&apos;...True, &apos;type&apos;: &apos;string&apos;}, &apos;password&apos;: {&apos;required&apos;: True, &apos;type&apos;: &apos;string&apos;}, ...}}, &apos;post&apos;: {&apos;body&apos;: {&apos;type&apos;: &apos;User[]&apos;}}}.get
 +          where {&apos;/{user_id}&apos;: {&apos;delete&apos;: None, &apos;put&apos;: None}, &apos;get&apos;: {&apos;queryParameters&apos;: {&apos;email&apos;: {&apos;required&apos;: True, &apos;type&apos;: &apos;string&apos;...True, &apos;type&apos;: &apos;string&apos;}, &apos;password&apos;: {&apos;required&apos;: True, &apos;type&apos;: &apos;string&apos;}, ...}}, &apos;post&apos;: {&apos;body&apos;: {&apos;type&apos;: &apos;User[]&apos;}}} = &lt;built-in method get of dict object at 0x000001C3C4DA86C0&gt;(&apos;/users&apos;)
 +            where &lt;built-in method get of dict object at 0x000001C3C4DA86C0&gt; = {&apos;/agents&apos;: {&apos;get&apos;: {&apos;queryParameters&apos;: {&apos;address&apos;: {&apos;required&apos;: True, &apos;type&apos;: &apos;string&apos;}, &apos;agent_id&apos;: {&apos;required&apos;: Tru...: True, &apos;type&apos;: &apos;string&apos;}}}, &apos;post&apos;: {&apos;/{group_id}&apos;: {&apos;delete&apos;: None, &apos;put&apos;: None}, &apos;body&apos;: {&apos;type&apos;: &apos;Group[]&apos;}}}, ...}.get">E   AssertionError: assert None
     +  where None = &lt;built-in method get of dict object at 0x000001C3C464B8B8&gt;(&apos;responses&apos;)
     +    where &lt;built-in method get of dict object at 0x000001C3C464B8B8&gt; = {&apos;body&apos;: {&apos;type&apos;: &apos;User[]&apos;}}.get
     +      where {&apos;body&apos;: {&apos;type&apos;: &apos;User[]&apos;}} = &lt;built-in method get of dict object at 0x000001C3C464B6C0&gt;(&apos;post&apos;)
     +        where &lt;built-in method get of dict object at 0x000001C3C464B6C0&gt; = {&apos;/{user_id}&apos;: {&apos;delete&apos;: None, &apos;put&apos;: None}, &apos;get&apos;: {&apos;queryParameters&apos;: {&apos;email&apos;: {&apos;required&apos;: True, &apos;type&apos;: &apos;string&apos;...True, &apos;type&apos;: &apos;string&apos;}, &apos;password&apos;: {&apos;required&apos;: True, &apos;type&apos;: &apos;string&apos;}, ...}}, &apos;post&apos;: {&apos;body&apos;: {&apos;type&apos;: &apos;User[]&apos;}}}.get
     +          where {&apos;/{user_id}&apos;: {&apos;delete&apos;: None, &apos;put&apos;: None}, &apos;get&apos;: {&apos;queryParameters&apos;: {&apos;email&apos;: {&apos;required&apos;: True, &apos;type&apos;: &apos;string&apos;...True, &apos;type&apos;: &apos;string&apos;}, &apos;password&apos;: {&apos;required&apos;: True, &apos;type&apos;: &apos;string&apos;}, ...}}, &apos;post&apos;: {&apos;body&apos;: {&apos;type&apos;: &apos;User[]&apos;}}} = &lt;built-in method get of dict object at 0x000001C3C4DA86C0&gt;(&apos;/users&apos;)
     +            where &lt;built-in method get of dict object at 0x000001C3C4DA86C0&gt; = {&apos;/agents&apos;: {&apos;get&apos;: {&apos;queryParameters&apos;: {&apos;address&apos;: {&apos;required&apos;: True, &apos;type&apos;: &apos;string&apos;}, &apos;agent_id&apos;: {&apos;required&apos;: Tru...: True, &apos;type&apos;: &apos;string&apos;}}}, &apos;post&apos;: {&apos;/{group_id}&apos;: {&apos;delete&apos;: None, &apos;put&apos;: None}, &apos;body&apos;: {&apos;type&apos;: &apos;Group[]&apos;}}}, ...}.get</failure></testcase><testcase classname="test_submit" file="test_submit.py" line="644" name="test_2025" time="0.0"><failure message="AttributeError: &apos;NoneType&apos; object has no attribute &apos;get&apos;">E   AttributeError: &apos;NoneType&apos; object has no attribute &apos;get&apos;</failure></testcase><testcase classname="test_submit" file="test_submit.py" line="648" name="test_2875" time="0.001996755599975586"><failure message="AttributeError: &apos;NoneType&apos; object has no attribute &apos;get&apos;">E   AttributeError: &apos;NoneType&apos; object has no attribute &apos;get&apos;</failure></testcase><testcase classname="test_submit" file="test_submit.py" line="652" name="test_2775" time="0.0"><failure message="AttributeError: &apos;NoneType&apos; object has no attribute &apos;get&apos;">E   AttributeError: &apos;NoneType&apos; object has no attribute &apos;get&apos;</failure></testcase><testcase classname="test_submit" file="test_submit.py" line="656" name="test_62" time="0.0009875297546386719"></testcase><testcase classname="test_submit" file="test_submit.py" line="660" name="test_1160" time="0.0009670257568359375"><failure message="AssertionError: assert None
 +  where None = &lt;built-in method get of dict object at 0x000001C3C464B828&gt;(&apos;description&apos;)
 +    where &lt;built-in method get of dict object at 0x000001C3C464B828&gt; = {&apos;queryParameters&apos;: {&apos;email&apos;: {&apos;required&apos;: True, &apos;type&apos;: &apos;string&apos;}, &apos;last_login&apos;: {&apos;required&apos;: True, &apos;type&apos;: &apos;date&apos;}, &apos;name&apos;: {&apos;required&apos;: True, &apos;type&apos;: &apos;string&apos;}, &apos;password&apos;: {&apos;required&apos;: True, &apos;type&apos;: &apos;string&apos;}, ...}}.get
 +      where {&apos;queryParameters&apos;: {&apos;email&apos;: {&apos;required&apos;: True, &apos;type&apos;: &apos;string&apos;}, &apos;last_login&apos;: {&apos;required&apos;: True, &apos;type&apos;: &apos;date&apos;}, &apos;name&apos;: {&apos;required&apos;: True, &apos;type&apos;: &apos;string&apos;}, &apos;password&apos;: {&apos;required&apos;: True, &apos;type&apos;: &apos;string&apos;}, ...}} = &lt;built-in method get of dict object at 0x000001C3C464B6C0&gt;(&apos;get&apos;)
 +        where &lt;built-in method get of dict object at 0x000001C3C464B6C0&gt; = {&apos;/{user_id}&apos;: {&apos;delete&apos;: None, &apos;put&apos;: None}, &apos;get&apos;: {&apos;queryParameters&apos;: {&apos;email&apos;: {&apos;required&apos;: True, &apos;type&apos;: &apos;string&apos;...True, &apos;type&apos;: &apos;string&apos;}, &apos;password&apos;: {&apos;required&apos;: True, &apos;type&apos;: &apos;string&apos;}, ...}}, &apos;post&apos;: {&apos;body&apos;: {&apos;type&apos;: &apos;User[]&apos;}}}.get
 +          where {&apos;/{user_id}&apos;: {&apos;delete&apos;: None, &apos;put&apos;: None}, &apos;get&apos;: {&apos;queryParameters&apos;: {&apos;email&apos;: {&apos;required&apos;: True, &apos;type&apos;: &apos;string&apos;...True, &apos;type&apos;: &apos;string&apos;}, &apos;password&apos;: {&apos;required&apos;: True, &apos;type&apos;: &apos;string&apos;}, ...}}, &apos;post&apos;: {&apos;body&apos;: {&apos;type&apos;: &apos;User[]&apos;}}} = &lt;built-in method get of dict object at 0x000001C3C4DA86C0&gt;(&apos;/users&apos;)
 +            where &lt;built-in method get of dict object at 0x000001C3C4DA86C0&gt; = {&apos;/agents&apos;: {&apos;get&apos;: {&apos;queryParameters&apos;: {&apos;address&apos;: {&apos;required&apos;: True, &apos;type&apos;: &apos;string&apos;}, &apos;agent_id&apos;: {&apos;required&apos;: Tru...: True, &apos;type&apos;: &apos;string&apos;}}}, &apos;post&apos;: {&apos;/{group_id}&apos;: {&apos;delete&apos;: None, &apos;put&apos;: None}, &apos;body&apos;: {&apos;type&apos;: &apos;Group[]&apos;}}}, ...}.get">E   AssertionError: assert None
     +  where None = &lt;built-in method get of dict object at 0x000001C3C464B828&gt;(&apos;description&apos;)
     +    where &lt;built-in method get of dict object at 0x000001C3C464B828&gt; = {&apos;queryParameters&apos;: {&apos;email&apos;: {&apos;required&apos;: True, &apos;type&apos;: &apos;string&apos;}, &apos;last_login&apos;: {&apos;required&apos;: True, &apos;type&apos;: &apos;date&apos;}, &apos;name&apos;: {&apos;required&apos;: True, &apos;type&apos;: &apos;string&apos;}, &apos;password&apos;: {&apos;required&apos;: True, &apos;type&apos;: &apos;string&apos;}, ...}}.get
     +      where {&apos;queryParameters&apos;: {&apos;email&apos;: {&apos;required&apos;: True, &apos;type&apos;: &apos;string&apos;}, &apos;last_login&apos;: {&apos;required&apos;: True, &apos;type&apos;: &apos;date&apos;}, &apos;name&apos;: {&apos;required&apos;: True, &apos;type&apos;: &apos;string&apos;}, &apos;password&apos;: {&apos;required&apos;: True, &apos;type&apos;: &apos;string&apos;}, ...}} = &lt;built-in method get of dict object at 0x000001C3C464B6C0&gt;(&apos;get&apos;)
     +        where &lt;built-in method get of dict object at 0x000001C3C464B6C0&gt; = {&apos;/{user_id}&apos;: {&apos;delete&apos;: None, &apos;put&apos;: None}, &apos;get&apos;: {&apos;queryParameters&apos;: {&apos;email&apos;: {&apos;required&apos;: True, &apos;type&apos;: &apos;string&apos;...True, &apos;type&apos;: &apos;string&apos;}, &apos;password&apos;: {&apos;required&apos;: True, &apos;type&apos;: &apos;string&apos;}, ...}}, &apos;post&apos;: {&apos;body&apos;: {&apos;type&apos;: &apos;User[]&apos;}}}.get
     +          where {&apos;/{user_id}&apos;: {&apos;delete&apos;: None, &apos;put&apos;: None}, &apos;get&apos;: {&apos;queryParameters&apos;: {&apos;email&apos;: {&apos;required&apos;: True, &apos;type&apos;: &apos;string&apos;...True, &apos;type&apos;: &apos;string&apos;}, &apos;password&apos;: {&apos;required&apos;: True, &apos;type&apos;: &apos;string&apos;}, ...}}, &apos;post&apos;: {&apos;body&apos;: {&apos;type&apos;: &apos;User[]&apos;}}} = &lt;built-in method get of dict object at 0x000001C3C4DA86C0&gt;(&apos;/users&apos;)
     +            where &lt;built-in method get of dict object at 0x000001C3C4DA86C0&gt; = {&apos;/agents&apos;: {&apos;get&apos;: {&apos;queryParameters&apos;: {&apos;address&apos;: {&apos;required&apos;: True, &apos;type&apos;: &apos;string&apos;}, &apos;agent_id&apos;: {&apos;required&apos;: Tru...: True, &apos;type&apos;: &apos;string&apos;}}}, &apos;post&apos;: {&apos;/{group_id}&apos;: {&apos;delete&apos;: None, &apos;put&apos;: None}, &apos;body&apos;: {&apos;type&apos;: &apos;Group[]&apos;}}}, ...}.get</failure></testcase><testcase classname="test_submit" file="test_submit.py" line="664" name="test_1013" time="0.000995635986328125"><failure message="AssertionError: assert None
 +  where None = &lt;built-in method get of dict object at 0x000001C3C464B828&gt;(&apos;securedBy&apos;)
 +    where &lt;built-in method get of dict object at 0x000001C3C464B828&gt; = {&apos;queryParameters&apos;: {&apos;email&apos;: {&apos;required&apos;: True, &apos;type&apos;: &apos;string&apos;}, &apos;last_login&apos;: {&apos;required&apos;: True, &apos;type&apos;: &apos;date&apos;}, &apos;name&apos;: {&apos;required&apos;: True, &apos;type&apos;: &apos;string&apos;}, &apos;password&apos;: {&apos;required&apos;: True, &apos;type&apos;: &apos;string&apos;}, ...}}.get
 +      where {&apos;queryParameters&apos;: {&apos;email&apos;: {&apos;required&apos;: True, &apos;type&apos;: &apos;string&apos;}, &apos;last_login&apos;: {&apos;required&apos;: True, &apos;type&apos;: &apos;date&apos;}, &apos;name&apos;: {&apos;required&apos;: True, &apos;type&apos;: &apos;string&apos;}, &apos;password&apos;: {&apos;required&apos;: True, &apos;type&apos;: &apos;string&apos;}, ...}} = &lt;built-in method get of dict object at 0x000001C3C464B6C0&gt;(&apos;get&apos;)
 +        where &lt;built-in method get of dict object at 0x000001C3C464B6C0&gt; = {&apos;/{user_id}&apos;: {&apos;delete&apos;: None, &apos;put&apos;: None}, &apos;get&apos;: {&apos;queryParameters&apos;: {&apos;email&apos;: {&apos;required&apos;: True, &apos;type&apos;: &apos;string&apos;...True, &apos;type&apos;: &apos;string&apos;}, &apos;password&apos;: {&apos;required&apos;: True, &apos;type&apos;: &apos;string&apos;}, ...}}, &apos;post&apos;: {&apos;body&apos;: {&apos;type&apos;: &apos;User[]&apos;}}}.get
 +          where {&apos;/{user_id}&apos;: {&apos;delete&apos;: None, &apos;put&apos;: None}, &apos;get&apos;: {&apos;queryParameters&apos;: {&apos;email&apos;: {&apos;required&apos;: True, &apos;type&apos;: &apos;string&apos;...True, &apos;type&apos;: &apos;string&apos;}, &apos;password&apos;: {&apos;required&apos;: True, &apos;type&apos;: &apos;string&apos;}, ...}}, &apos;post&apos;: {&apos;body&apos;: {&apos;type&apos;: &apos;User[]&apos;}}} = &lt;built-in method get of dict object at 0x000001C3C4DA86C0&gt;(&apos;/users&apos;)
 +            where &lt;built-in method get of dict object at 0x000001C3C4DA86C0&gt; = {&apos;/agents&apos;: {&apos;get&apos;: {&apos;queryParameters&apos;: {&apos;address&apos;: {&apos;required&apos;: True, &apos;type&apos;: &apos;string&apos;}, &apos;agent_id&apos;: {&apos;required&apos;: Tru...: True, &apos;type&apos;: &apos;string&apos;}}}, &apos;post&apos;: {&apos;/{group_id}&apos;: {&apos;delete&apos;: None, &apos;put&apos;: None}, &apos;body&apos;: {&apos;type&apos;: &apos;Group[]&apos;}}}, ...}.get">E   AssertionError: assert None
     +  where None = &lt;built-in method get of dict object at 0x000001C3C464B828&gt;(&apos;securedBy&apos;)
     +    where &lt;built-in method get of dict object at 0x000001C3C464B828&gt; = {&apos;queryParameters&apos;: {&apos;email&apos;: {&apos;required&apos;: True, &apos;type&apos;: &apos;string&apos;}, &apos;last_login&apos;: {&apos;required&apos;: True, &apos;type&apos;: &apos;date&apos;}, &apos;name&apos;: {&apos;required&apos;: True, &apos;type&apos;: &apos;string&apos;}, &apos;password&apos;: {&apos;required&apos;: True, &apos;type&apos;: &apos;string&apos;}, ...}}.get
     +      where {&apos;queryParameters&apos;: {&apos;email&apos;: {&apos;required&apos;: True, &apos;type&apos;: &apos;string&apos;}, &apos;last_login&apos;: {&apos;required&apos;: True, &apos;type&apos;: &apos;date&apos;}, &apos;name&apos;: {&apos;required&apos;: True, &apos;type&apos;: &apos;string&apos;}, &apos;password&apos;: {&apos;required&apos;: True, &apos;type&apos;: &apos;string&apos;}, ...}} = &lt;built-in method get of dict object at 0x000001C3C464B6C0&gt;(&apos;get&apos;)
     +        where &lt;built-in method get of dict object at 0x000001C3C464B6C0&gt; = {&apos;/{user_id}&apos;: {&apos;delete&apos;: None, &apos;put&apos;: None}, &apos;get&apos;: {&apos;queryParameters&apos;: {&apos;email&apos;: {&apos;required&apos;: True, &apos;type&apos;: &apos;string&apos;...True, &apos;type&apos;: &apos;string&apos;}, &apos;password&apos;: {&apos;required&apos;: True, &apos;type&apos;: &apos;string&apos;}, ...}}, &apos;post&apos;: {&apos;body&apos;: {&apos;type&apos;: &apos;User[]&apos;}}}.get
     +          where {&apos;/{user_id}&apos;: {&apos;delete&apos;: None, &apos;put&apos;: None}, &apos;get&apos;: {&apos;queryParameters&apos;: {&apos;email&apos;: {&apos;required&apos;: True, &apos;type&apos;: &apos;string&apos;...True, &apos;type&apos;: &apos;string&apos;}, &apos;password&apos;: {&apos;required&apos;: True, &apos;type&apos;: &apos;string&apos;}, ...}}, &apos;post&apos;: {&apos;body&apos;: {&apos;type&apos;: &apos;User[]&apos;}}} = &lt;built-in method get of dict object at 0x000001C3C4DA86C0&gt;(&apos;/users&apos;)
     +            where &lt;built-in method get of dict object at 0x000001C3C4DA86C0&gt; = {&apos;/agents&apos;: {&apos;get&apos;: {&apos;queryParameters&apos;: {&apos;address&apos;: {&apos;required&apos;: True, &apos;type&apos;: &apos;string&apos;}, &apos;agent_id&apos;: {&apos;required&apos;: Tru...: True, &apos;type&apos;: &apos;string&apos;}}}, &apos;post&apos;: {&apos;/{group_id}&apos;: {&apos;delete&apos;: None, &apos;put&apos;: None}, &apos;body&apos;: {&apos;type&apos;: &apos;Group[]&apos;}}}, ...}.get</failure></testcase><testcase classname="test_submit" file="test_submit.py" line="672" name="test_2125" time="0.001993417739868164"><failure message="AttributeError: &apos;NoneType&apos; object has no attribute &apos;get&apos;">E   AttributeError: &apos;NoneType&apos; object has no attribute &apos;get&apos;</failure></testcase><testcase classname="test_submit" file="test_submit.py" line="676" name="test_2740" time="0.0009970664978027344"><failure message="AttributeError: &apos;NoneType&apos; object has no attribute &apos;get&apos;">E   AttributeError: &apos;NoneType&apos; object has no attribute &apos;get&apos;</failure></testcase><testcase classname="test_submit" file="test_submit.py" line="684" name="test_1841" time="0.0009963512420654297"><failure message="AttributeError: &apos;NoneType&apos; object has no attribute &apos;get&apos;">E   AttributeError: &apos;NoneType&apos; object has no attribute &apos;get&apos;</failure></testcase><testcase classname="test_submit" file="test_submit.py" line="688" name="test_2275" time="0.0009591579437255859"><failure message="AttributeError: &apos;NoneType&apos; object has no attribute &apos;get&apos;">E   AttributeError: &apos;NoneType&apos; object has no attribute &apos;get&apos;</failure></testcase><testcase classname="test_submit" file="test_submit.py" line="692" name="test_2520" time="0.000997304916381836"><failure message="AttributeError: &apos;NoneType&apos; object has no attribute &apos;get&apos;">E   AttributeError: &apos;NoneType&apos; object has no attribute &apos;get&apos;</failure></testcase><testcase classname="test_submit" file="test_submit.py" line="696" name="test_2425" time="0.0009975433349609375"><failure message="AttributeError: &apos;NoneType&apos; object has no attribute &apos;get&apos;">E   AttributeError: &apos;NoneType&apos; object has no attribute &apos;get&apos;</failure></testcase><testcase classname="test_submit" file="test_submit.py" line="700" name="test_2505" time="0.000997304916381836"><failure message="AttributeError: &apos;NoneType&apos; object has no attribute &apos;get&apos;">E   AttributeError: &apos;NoneType&apos; object has no attribute &apos;get&apos;</failure></testcase><testcase classname="test_submit" file="test_submit.py" line="704" name="test_2115" time="0.0009920597076416016"><failure message="AttributeError: &apos;NoneType&apos; object has no attribute &apos;get&apos;">E   AttributeError: &apos;NoneType&apos; object has no attribute &apos;get&apos;</failure></testcase><testcase classname="test_submit" file="test_submit.py" line="708" name="test_2300" time="0.0019958019256591797"><failure message="AttributeError: &apos;NoneType&apos; object has no attribute &apos;get&apos;">E   AttributeError: &apos;NoneType&apos; object has no attribute &apos;get&apos;</failure></testcase><testcase classname="test_submit" file="test_submit.py" line="712" name="test_1229" time="0.0019443035125732422"><failure message="AttributeError: &apos;NoneType&apos; object has no attribute &apos;get&apos;">E   AttributeError: &apos;NoneType&apos; object has no attribute &apos;get&apos;</failure></testcase><testcase classname="test_submit" file="test_submit.py" line="716" name="test_2350" time="0.0009975433349609375"><failure message="AttributeError: &apos;NoneType&apos; object has no attribute &apos;get&apos;">E   AttributeError: &apos;NoneType&apos; object has no attribute &apos;get&apos;</failure></testcase><testcase classname="test_submit" file="test_submit.py" line="720" name="test_2935" time="0.0009968280792236328"><failure message="AttributeError: &apos;NoneType&apos; object has no attribute &apos;get&apos;">E   AttributeError: &apos;NoneType&apos; object has no attribute &apos;get&apos;</failure></testcase><testcase classname="test_submit" file="test_submit.py" line="724" name="test_2205" time="0.0009987354278564453"><failure message="AttributeError: &apos;NoneType&apos; object has no attribute &apos;get&apos;">E   AttributeError: &apos;NoneType&apos; object has no attribute &apos;get&apos;</failure></testcase><testcase classname="test_submit" file="test_submit.py" line="732" name="test_2470" time="0.0"><failure message="AttributeError: &apos;NoneType&apos; object has no attribute &apos;get&apos;">E   AttributeError: &apos;NoneType&apos; object has no attribute &apos;get&apos;</failure></testcase><testcase classname="test_submit" file="test_submit.py" line="736" name="test_2940" time="0.0009987354278564453"><failure message="AttributeError: &apos;NoneType&apos; object has no attribute &apos;get&apos;">E   AttributeError: &apos;NoneType&apos; object has no attribute &apos;get&apos;</failure></testcase><testcase classname="test_submit" file="test_submit.py" line="740" name="test_1535" time="0.0009951591491699219"><failure message="AttributeError: &apos;NoneType&apos; object has no attribute &apos;get&apos;">E   AttributeError: &apos;NoneType&apos; object has no attribute &apos;get&apos;</failure></testcase><testcase classname="test_submit" file="test_submit.py" line="748" name="test_2860" time="0.0019974708557128906"><failure message="AttributeError: &apos;NoneType&apos; object has no attribute &apos;get&apos;">E   AttributeError: &apos;NoneType&apos; object has no attribute &apos;get&apos;</failure></testcase><testcase classname="test_submit" file="test_submit.py" line="752" name="test_2310" time="0.000997304916381836"><failure message="AttributeError: &apos;NoneType&apos; object has no attribute &apos;get&apos;">E   AttributeError: &apos;NoneType&apos; object has no attribute &apos;get&apos;</failure></testcase><testcase classname="test_submit" file="test_submit.py" line="756" name="test_2335" time="0.0"><failure message="AttributeError: &apos;NoneType&apos; object has no attribute &apos;get&apos;">E   AttributeError: &apos;NoneType&apos; object has no attribute &apos;get&apos;</failure></testcase><testcase classname="test_submit" file="test_submit.py" line="760" name="test_2910" time="0.0019948482513427734"><failure message="AttributeError: &apos;NoneType&apos; object has no attribute &apos;get&apos;">E   AttributeError: &apos;NoneType&apos; object has no attribute &apos;get&apos;</failure></testcase><testcase classname="test_submit" file="test_submit.py" line="764" name="test_2225" time="0.0"><failure message="AttributeError: &apos;NoneType&apos; object has no attribute &apos;get&apos;">E   AttributeError: &apos;NoneType&apos; object has no attribute &apos;get&apos;</failure></testcase><testcase classname="test_submit" file="test_submit.py" line="768" name="test_442" time="0.0"></testcase><testcase classname="test_submit" file="test_submit.py" line="772" name="test_1103" time="0.000997304916381836"><failure message="AssertionError: assert None
 +  where None = &lt;built-in method get of dict object at 0x000001C3C464BB40&gt;(&apos;description&apos;)
 +    where &lt;built-in method get of dict object at 0x000001C3C464BB40&gt; = {&apos;/{group_id}&apos;: {&apos;delete&apos;: None, &apos;put&apos;: None}, &apos;body&apos;: {&apos;type&apos;: &apos;Group[]&apos;}}.get
 +      where {&apos;/{group_id}&apos;: {&apos;delete&apos;: None, &apos;put&apos;: None}, &apos;body&apos;: {&apos;type&apos;: &apos;Group[]&apos;}} = &lt;built-in method get of dict object at 0x000001C3C464B5A0&gt;(&apos;post&apos;)
 +        where &lt;built-in method get of dict object at 0x000001C3C464B5A0&gt; = {&apos;get&apos;: {&apos;queryParameters&apos;: {&apos;group_id&apos;: {&apos;required&apos;: True, &apos;type&apos;: &apos;number&apos;}, &apos;name&apos;: {&apos;required&apos;: True, &apos;type&apos;: &apos;string&apos;}}}, &apos;post&apos;: {&apos;/{group_id}&apos;: {&apos;delete&apos;: None, &apos;put&apos;: None}, &apos;body&apos;: {&apos;type&apos;: &apos;Group[]&apos;}}}.get
 +          where {&apos;get&apos;: {&apos;queryParameters&apos;: {&apos;group_id&apos;: {&apos;required&apos;: True, &apos;type&apos;: &apos;number&apos;}, &apos;name&apos;: {&apos;required&apos;: True, &apos;type&apos;: &apos;string&apos;}}}, &apos;post&apos;: {&apos;/{group_id}&apos;: {&apos;delete&apos;: None, &apos;put&apos;: None}, &apos;body&apos;: {&apos;type&apos;: &apos;Group[]&apos;}}} = &lt;built-in method get of dict object at 0x000001C3C4DA86C0&gt;(&apos;/groups&apos;)
 +            where &lt;built-in method get of dict object at 0x000001C3C4DA86C0&gt; = {&apos;/agents&apos;: {&apos;get&apos;: {&apos;queryParameters&apos;: {&apos;address&apos;: {&apos;required&apos;: True, &apos;type&apos;: &apos;string&apos;}, &apos;agent_id&apos;: {&apos;required&apos;: Tru...: True, &apos;type&apos;: &apos;string&apos;}}}, &apos;post&apos;: {&apos;/{group_id}&apos;: {&apos;delete&apos;: None, &apos;put&apos;: None}, &apos;body&apos;: {&apos;type&apos;: &apos;Group[]&apos;}}}, ...}.get">E   AssertionError: assert None
     +  where None = &lt;built-in method get of dict object at 0x000001C3C464BB40&gt;(&apos;description&apos;)
     +    where &lt;built-in method get of dict object at 0x000001C3C464BB40&gt; = {&apos;/{group_id}&apos;: {&apos;delete&apos;: None, &apos;put&apos;: None}, &apos;body&apos;: {&apos;type&apos;: &apos;Group[]&apos;}}.get
     +      where {&apos;/{group_id}&apos;: {&apos;delete&apos;: None, &apos;put&apos;: None}, &apos;body&apos;: {&apos;type&apos;: &apos;Group[]&apos;}} = &lt;built-in method get of dict object at 0x000001C3C464B5A0&gt;(&apos;post&apos;)
     +        where &lt;built-in method get of dict object at 0x000001C3C464B5A0&gt; = {&apos;get&apos;: {&apos;queryParameters&apos;: {&apos;group_id&apos;: {&apos;required&apos;: True, &apos;type&apos;: &apos;number&apos;}, &apos;name&apos;: {&apos;required&apos;: True, &apos;type&apos;: &apos;string&apos;}}}, &apos;post&apos;: {&apos;/{group_id}&apos;: {&apos;delete&apos;: None, &apos;put&apos;: None}, &apos;body&apos;: {&apos;type&apos;: &apos;Group[]&apos;}}}.get
     +          where {&apos;get&apos;: {&apos;queryParameters&apos;: {&apos;group_id&apos;: {&apos;required&apos;: True, &apos;type&apos;: &apos;number&apos;}, &apos;name&apos;: {&apos;required&apos;: True, &apos;type&apos;: &apos;string&apos;}}}, &apos;post&apos;: {&apos;/{group_id}&apos;: {&apos;delete&apos;: None, &apos;put&apos;: None}, &apos;body&apos;: {&apos;type&apos;: &apos;Group[]&apos;}}} = &lt;built-in method get of dict object at 0x000001C3C4DA86C0&gt;(&apos;/groups&apos;)
     +            where &lt;built-in method get of dict object at 0x000001C3C4DA86C0&gt; = {&apos;/agents&apos;: {&apos;get&apos;: {&apos;queryParameters&apos;: {&apos;address&apos;: {&apos;required&apos;: True, &apos;type&apos;: &apos;string&apos;}, &apos;agent_id&apos;: {&apos;required&apos;: Tru...: True, &apos;type&apos;: &apos;string&apos;}}}, &apos;post&apos;: {&apos;/{group_id}&apos;: {&apos;delete&apos;: None, &apos;put&apos;: None}, &apos;body&apos;: {&apos;type&apos;: &apos;Group[]&apos;}}}, ...}.get</failure></testcase><testcase classname="test_submit" file="test_submit.py" line="776" name="test_1676" time="0.002993345260620117"><failure message="AssertionError: assert None
 +  where None = &lt;built-in method get of dict object at 0x000001C3C464BB40&gt;(&apos;securedBy&apos;)
 +    where &lt;built-in method get of dict object at 0x000001C3C464BB40&gt; = {&apos;/{group_id}&apos;: {&apos;delete&apos;: None, &apos;put&apos;: None}, &apos;body&apos;: {&apos;type&apos;: &apos;Group[]&apos;}}.get
 +      where {&apos;/{group_id}&apos;: {&apos;delete&apos;: None, &apos;put&apos;: None}, &apos;body&apos;: {&apos;type&apos;: &apos;Group[]&apos;}} = &lt;built-in method get of dict object at 0x000001C3C464B5A0&gt;(&apos;post&apos;)
 +        where &lt;built-in method get of dict object at 0x000001C3C464B5A0&gt; = {&apos;get&apos;: {&apos;queryParameters&apos;: {&apos;group_id&apos;: {&apos;required&apos;: True, &apos;type&apos;: &apos;number&apos;}, &apos;name&apos;: {&apos;required&apos;: True, &apos;type&apos;: &apos;string&apos;}}}, &apos;post&apos;: {&apos;/{group_id}&apos;: {&apos;delete&apos;: None, &apos;put&apos;: None}, &apos;body&apos;: {&apos;type&apos;: &apos;Group[]&apos;}}}.get
 +          where {&apos;get&apos;: {&apos;queryParameters&apos;: {&apos;group_id&apos;: {&apos;required&apos;: True, &apos;type&apos;: &apos;number&apos;}, &apos;name&apos;: {&apos;required&apos;: True, &apos;type&apos;: &apos;string&apos;}}}, &apos;post&apos;: {&apos;/{group_id}&apos;: {&apos;delete&apos;: None, &apos;put&apos;: None}, &apos;body&apos;: {&apos;type&apos;: &apos;Group[]&apos;}}} = &lt;built-in method get of dict object at 0x000001C3C4DA86C0&gt;(&apos;/groups&apos;)
 +            where &lt;built-in method get of dict object at 0x000001C3C4DA86C0&gt; = {&apos;/agents&apos;: {&apos;get&apos;: {&apos;queryParameters&apos;: {&apos;address&apos;: {&apos;required&apos;: True, &apos;type&apos;: &apos;string&apos;}, &apos;agent_id&apos;: {&apos;required&apos;: Tru...: True, &apos;type&apos;: &apos;string&apos;}}}, &apos;post&apos;: {&apos;/{group_id}&apos;: {&apos;delete&apos;: None, &apos;put&apos;: None}, &apos;body&apos;: {&apos;type&apos;: &apos;Group[]&apos;}}}, ...}.get">E   AssertionError: assert None
     +  where None = &lt;built-in method get of dict object at 0x000001C3C464BB40&gt;(&apos;securedBy&apos;)
     +    where &lt;built-in method get of dict object at 0x000001C3C464BB40&gt; = {&apos;/{group_id}&apos;: {&apos;delete&apos;: None, &apos;put&apos;: None}, &apos;body&apos;: {&apos;type&apos;: &apos;Group[]&apos;}}.get
     +      where {&apos;/{group_id}&apos;: {&apos;delete&apos;: None, &apos;put&apos;: None}, &apos;body&apos;: {&apos;type&apos;: &apos;Group[]&apos;}} = &lt;built-in method get of dict object at 0x000001C3C464B5A0&gt;(&apos;post&apos;)
     +        where &lt;built-in method get of dict object at 0x000001C3C464B5A0&gt; = {&apos;get&apos;: {&apos;queryParameters&apos;: {&apos;group_id&apos;: {&apos;required&apos;: True, &apos;type&apos;: &apos;number&apos;}, &apos;name&apos;: {&apos;required&apos;: True, &apos;type&apos;: &apos;string&apos;}}}, &apos;post&apos;: {&apos;/{group_id}&apos;: {&apos;delete&apos;: None, &apos;put&apos;: None}, &apos;body&apos;: {&apos;type&apos;: &apos;Group[]&apos;}}}.get
     +          where {&apos;get&apos;: {&apos;queryParameters&apos;: {&apos;group_id&apos;: {&apos;required&apos;: True, &apos;type&apos;: &apos;number&apos;}, &apos;name&apos;: {&apos;required&apos;: True, &apos;type&apos;: &apos;string&apos;}}}, &apos;post&apos;: {&apos;/{group_id}&apos;: {&apos;delete&apos;: None, &apos;put&apos;: None}, &apos;body&apos;: {&apos;type&apos;: &apos;Group[]&apos;}}} = &lt;built-in method get of dict object at 0x000001C3C4DA86C0&gt;(&apos;/groups&apos;)
     +            where &lt;built-in method get of dict object at 0x000001C3C4DA86C0&gt; = {&apos;/agents&apos;: {&apos;get&apos;: {&apos;queryParameters&apos;: {&apos;address&apos;: {&apos;required&apos;: True, &apos;type&apos;: &apos;string&apos;}, &apos;agent_id&apos;: {&apos;required&apos;: Tru...: True, &apos;type&apos;: &apos;string&apos;}}}, &apos;post&apos;: {&apos;/{group_id}&apos;: {&apos;delete&apos;: None, &apos;put&apos;: None}, &apos;body&apos;: {&apos;type&apos;: &apos;Group[]&apos;}}}, ...}.get</failure></testcase><testcase classname="test_submit" file="test_submit.py" line="780" name="test_1523" time="0.0009980201721191406"></testcase><testcase classname="test_submit" file="test_submit.py" line="784" name="test_2375" time="0.001995086669921875"><failure message="AssertionError: assert None
 +  where None = &lt;built-in method get of dict object at 0x000001C3C464BFC0&gt;(&apos;application/json&apos;)
 +    where &lt;built-in method get of dict object at 0x000001C3C464BFC0&gt; = {&apos;type&apos;: &apos;Group[]&apos;}.get
 +      where {&apos;type&apos;: &apos;Group[]&apos;} = &lt;built-in method get of dict object at 0x000001C3C464BB40&gt;(&apos;body&apos;)
 +        where &lt;built-in method get of dict object at 0x000001C3C464BB40&gt; = {&apos;/{group_id}&apos;: {&apos;delete&apos;: None, &apos;put&apos;: None}, &apos;body&apos;: {&apos;type&apos;: &apos;Group[]&apos;}}.get
 +          where {&apos;/{group_id}&apos;: {&apos;delete&apos;: None, &apos;put&apos;: None}, &apos;body&apos;: {&apos;type&apos;: &apos;Group[]&apos;}} = &lt;built-in method get of dict object at 0x000001C3C464B5A0&gt;(&apos;post&apos;)
 +            where &lt;built-in method get of dict object at 0x000001C3C464B5A0&gt; = {&apos;get&apos;: {&apos;queryParameters&apos;: {&apos;group_id&apos;: {&apos;required&apos;: True, &apos;type&apos;: &apos;number&apos;}, &apos;name&apos;: {&apos;required&apos;: True, &apos;type&apos;: &apos;string&apos;}}}, &apos;post&apos;: {&apos;/{group_id}&apos;: {&apos;delete&apos;: None, &apos;put&apos;: None}, &apos;body&apos;: {&apos;type&apos;: &apos;Group[]&apos;}}}.get
 +              where {&apos;get&apos;: {&apos;queryParameters&apos;: {&apos;group_id&apos;: {&apos;required&apos;: True, &apos;type&apos;: &apos;number&apos;}, &apos;name&apos;: {&apos;required&apos;: True, &apos;type&apos;: &apos;string&apos;}}}, &apos;post&apos;: {&apos;/{group_id}&apos;: {&apos;delete&apos;: None, &apos;put&apos;: None}, &apos;body&apos;: {&apos;type&apos;: &apos;Group[]&apos;}}} = &lt;built-in method get of dict object at 0x000001C3C4DA86C0&gt;(&apos;/groups&apos;)
 +                where &lt;built-in method get of dict object at 0x000001C3C4DA86C0&gt; = {&apos;/agents&apos;: {&apos;get&apos;: {&apos;queryParameters&apos;: {&apos;address&apos;: {&apos;required&apos;: True, &apos;type&apos;: &apos;string&apos;}, &apos;agent_id&apos;: {&apos;required&apos;: Tru...: True, &apos;type&apos;: &apos;string&apos;}}}, &apos;post&apos;: {&apos;/{group_id}&apos;: {&apos;delete&apos;: None, &apos;put&apos;: None}, &apos;body&apos;: {&apos;type&apos;: &apos;Group[]&apos;}}}, ...}.get">E   AssertionError: assert None
     +  where None = &lt;built-in method get of dict object at 0x000001C3C464BFC0&gt;(&apos;application/json&apos;)
     +    where &lt;built-in method get of dict object at 0x000001C3C464BFC0&gt; = {&apos;type&apos;: &apos;Group[]&apos;}.get
     +      where {&apos;type&apos;: &apos;Group[]&apos;} = &lt;built-in method get of dict object at 0x000001C3C464BB40&gt;(&apos;body&apos;)
     +        where &lt;built-in method get of dict object at 0x000001C3C464BB40&gt; = {&apos;/{group_id}&apos;: {&apos;delete&apos;: None, &apos;put&apos;: None}, &apos;body&apos;: {&apos;type&apos;: &apos;Group[]&apos;}}.get
     +          where {&apos;/{group_id}&apos;: {&apos;delete&apos;: None, &apos;put&apos;: None}, &apos;body&apos;: {&apos;type&apos;: &apos;Group[]&apos;}} = &lt;built-in method get of dict object at 0x000001C3C464B5A0&gt;(&apos;post&apos;)
     +            where &lt;built-in method get of dict object at 0x000001C3C464B5A0&gt; = {&apos;get&apos;: {&apos;queryParameters&apos;: {&apos;group_id&apos;: {&apos;required&apos;: True, &apos;type&apos;: &apos;number&apos;}, &apos;name&apos;: {&apos;required&apos;: True, &apos;type&apos;: &apos;string&apos;}}}, &apos;post&apos;: {&apos;/{group_id}&apos;: {&apos;delete&apos;: None, &apos;put&apos;: None}, &apos;body&apos;: {&apos;type&apos;: &apos;Group[]&apos;}}}.get
     +              where {&apos;get&apos;: {&apos;queryParameters&apos;: {&apos;group_id&apos;: {&apos;required&apos;: True, &apos;type&apos;: &apos;number&apos;}, &apos;name&apos;: {&apos;required&apos;: True, &apos;type&apos;: &apos;string&apos;}}}, &apos;post&apos;: {&apos;/{group_id}&apos;: {&apos;delete&apos;: None, &apos;put&apos;: None}, &apos;body&apos;: {&apos;type&apos;: &apos;Group[]&apos;}}} = &lt;built-in method get of dict object at 0x000001C3C4DA86C0&gt;(&apos;/groups&apos;)
     +                where &lt;built-in method get of dict object at 0x000001C3C4DA86C0&gt; = {&apos;/agents&apos;: {&apos;get&apos;: {&apos;queryParameters&apos;: {&apos;address&apos;: {&apos;required&apos;: True, &apos;type&apos;: &apos;string&apos;}, &apos;agent_id&apos;: {&apos;required&apos;: Tru...: True, &apos;type&apos;: &apos;string&apos;}}}, &apos;post&apos;: {&apos;/{group_id}&apos;: {&apos;delete&apos;: None, &apos;put&apos;: None}, &apos;body&apos;: {&apos;type&apos;: &apos;Group[]&apos;}}}, ...}.get</failure></testcase><testcase classname="test_submit" file="test_submit.py" line="788" name="test_2865" time="0.0009975433349609375"><failure message="AttributeError: &apos;NoneType&apos; object has no attribute &apos;get&apos;">E   AttributeError: &apos;NoneType&apos; object has no attribute &apos;get&apos;</failure></testcase><testcase classname="test_submit" file="test_submit.py" line="792" name="test_2380" time="0.0009970664978027344"><failure message="AttributeError: &apos;NoneType&apos; object has no attribute &apos;get&apos;">E   AttributeError: &apos;NoneType&apos; object has no attribute &apos;get&apos;</failure></testcase><testcase classname="test_submit" file="test_submit.py" line="796" name="test_1538" time="0.0009992122650146484"><failure message="AssertionError: assert None
 +  where None = &lt;built-in method get of dict object at 0x000001C3C464BB40&gt;(&apos;responses&apos;)
 +    where &lt;built-in method get of dict object at 0x000001C3C464BB40&gt; = {&apos;/{group_id}&apos;: {&apos;delete&apos;: None, &apos;put&apos;: None}, &apos;body&apos;: {&apos;type&apos;: &apos;Group[]&apos;}}.get
 +      where {&apos;/{group_id}&apos;: {&apos;delete&apos;: None, &apos;put&apos;: None}, &apos;body&apos;: {&apos;type&apos;: &apos;Group[]&apos;}} = &lt;built-in method get of dict object at 0x000001C3C464B5A0&gt;(&apos;post&apos;)
 +        where &lt;built-in method get of dict object at 0x000001C3C464B5A0&gt; = {&apos;get&apos;: {&apos;queryParameters&apos;: {&apos;group_id&apos;: {&apos;required&apos;: True, &apos;type&apos;: &apos;number&apos;}, &apos;name&apos;: {&apos;required&apos;: True, &apos;type&apos;: &apos;string&apos;}}}, &apos;post&apos;: {&apos;/{group_id}&apos;: {&apos;delete&apos;: None, &apos;put&apos;: None}, &apos;body&apos;: {&apos;type&apos;: &apos;Group[]&apos;}}}.get
 +          where {&apos;get&apos;: {&apos;queryParameters&apos;: {&apos;group_id&apos;: {&apos;required&apos;: True, &apos;type&apos;: &apos;number&apos;}, &apos;name&apos;: {&apos;required&apos;: True, &apos;type&apos;: &apos;string&apos;}}}, &apos;post&apos;: {&apos;/{group_id}&apos;: {&apos;delete&apos;: None, &apos;put&apos;: None}, &apos;body&apos;: {&apos;type&apos;: &apos;Group[]&apos;}}} = &lt;built-in method get of dict object at 0x000001C3C4DA86C0&gt;(&apos;/groups&apos;)
 +            where &lt;built-in method get of dict object at 0x000001C3C4DA86C0&gt; = {&apos;/agents&apos;: {&apos;get&apos;: {&apos;queryParameters&apos;: {&apos;address&apos;: {&apos;required&apos;: True, &apos;type&apos;: &apos;string&apos;}, &apos;agent_id&apos;: {&apos;required&apos;: Tru...: True, &apos;type&apos;: &apos;string&apos;}}}, &apos;post&apos;: {&apos;/{group_id}&apos;: {&apos;delete&apos;: None, &apos;put&apos;: None}, &apos;body&apos;: {&apos;type&apos;: &apos;Group[]&apos;}}}, ...}.get">E   AssertionError: assert None
     +  where None = &lt;built-in method get of dict object at 0x000001C3C464BB40&gt;(&apos;responses&apos;)
     +    where &lt;built-in method get of dict object at 0x000001C3C464BB40&gt; = {&apos;/{group_id}&apos;: {&apos;delete&apos;: None, &apos;put&apos;: None}, &apos;body&apos;: {&apos;type&apos;: &apos;Group[]&apos;}}.get
     +      where {&apos;/{group_id}&apos;: {&apos;delete&apos;: None, &apos;put&apos;: None}, &apos;body&apos;: {&apos;type&apos;: &apos;Group[]&apos;}} = &lt;built-in method get of dict object at 0x000001C3C464B5A0&gt;(&apos;post&apos;)
     +        where &lt;built-in method get of dict object at 0x000001C3C464B5A0&gt; = {&apos;get&apos;: {&apos;queryParameters&apos;: {&apos;group_id&apos;: {&apos;required&apos;: True, &apos;type&apos;: &apos;number&apos;}, &apos;name&apos;: {&apos;required&apos;: True, &apos;type&apos;: &apos;string&apos;}}}, &apos;post&apos;: {&apos;/{group_id}&apos;: {&apos;delete&apos;: None, &apos;put&apos;: None}, &apos;body&apos;: {&apos;type&apos;: &apos;Group[]&apos;}}}.get
     +          where {&apos;get&apos;: {&apos;queryParameters&apos;: {&apos;group_id&apos;: {&apos;required&apos;: True, &apos;type&apos;: &apos;number&apos;}, &apos;name&apos;: {&apos;required&apos;: True, &apos;type&apos;: &apos;string&apos;}}}, &apos;post&apos;: {&apos;/{group_id}&apos;: {&apos;delete&apos;: None, &apos;put&apos;: None}, &apos;body&apos;: {&apos;type&apos;: &apos;Group[]&apos;}}} = &lt;built-in method get of dict object at 0x000001C3C4DA86C0&gt;(&apos;/groups&apos;)
     +            where &lt;built-in method get of dict object at 0x000001C3C4DA86C0&gt; = {&apos;/agents&apos;: {&apos;get&apos;: {&apos;queryParameters&apos;: {&apos;address&apos;: {&apos;required&apos;: True, &apos;type&apos;: &apos;string&apos;}, &apos;agent_id&apos;: {&apos;required&apos;: Tru...: True, &apos;type&apos;: &apos;string&apos;}}}, &apos;post&apos;: {&apos;/{group_id}&apos;: {&apos;delete&apos;: None, &apos;put&apos;: None}, &apos;body&apos;: {&apos;type&apos;: &apos;Group[]&apos;}}}, ...}.get</failure></testcase><testcase classname="test_submit" file="test_submit.py" line="800" name="test_2705" time="0.0"><failure message="AttributeError: &apos;NoneType&apos; object has no attribute &apos;get&apos;">E   AttributeError: &apos;NoneType&apos; object has no attribute &apos;get&apos;</failure></testcase><testcase classname="test_submit" file="test_submit.py" line="804" name="test_2145" time="0.0009975433349609375"><failure message="AttributeError: &apos;NoneType&apos; object has no attribute &apos;get&apos;">E   AttributeError: &apos;NoneType&apos; object has no attribute &apos;get&apos;</failure></testcase><testcase classname="test_submit" file="test_submit.py" line="808" name="test_2040" time="0.000997304916381836"><failure message="AttributeError: &apos;NoneType&apos; object has no attribute &apos;get&apos;">E   AttributeError: &apos;NoneType&apos; object has no attribute &apos;get&apos;</failure></testcase><testcase classname="test_submit" file="test_submit.py" line="812" name="test_458" time="0.0"></testcase><testcase classname="test_submit" file="test_submit.py" line="816" name="test_1046" time="0.0009953975677490234"><failure message="AssertionError: assert None
 +  where None = &lt;built-in method get of dict object at 0x000001C3C464BA68&gt;(&apos;description&apos;)
 +    where &lt;built-in method get of dict object at 0x000001C3C464BA68&gt; = {&apos;queryParameters&apos;: {&apos;group_id&apos;: {&apos;required&apos;: True, &apos;type&apos;: &apos;number&apos;}, &apos;name&apos;: {&apos;required&apos;: True, &apos;type&apos;: &apos;string&apos;}}}.get
 +      where {&apos;queryParameters&apos;: {&apos;group_id&apos;: {&apos;required&apos;: True, &apos;type&apos;: &apos;number&apos;}, &apos;name&apos;: {&apos;required&apos;: True, &apos;type&apos;: &apos;string&apos;}}} = &lt;built-in method get of dict object at 0x000001C3C464B5A0&gt;(&apos;get&apos;)
 +        where &lt;built-in method get of dict object at 0x000001C3C464B5A0&gt; = {&apos;get&apos;: {&apos;queryParameters&apos;: {&apos;group_id&apos;: {&apos;required&apos;: True, &apos;type&apos;: &apos;number&apos;}, &apos;name&apos;: {&apos;required&apos;: True, &apos;type&apos;: &apos;string&apos;}}}, &apos;post&apos;: {&apos;/{group_id}&apos;: {&apos;delete&apos;: None, &apos;put&apos;: None}, &apos;body&apos;: {&apos;type&apos;: &apos;Group[]&apos;}}}.get
 +          where {&apos;get&apos;: {&apos;queryParameters&apos;: {&apos;group_id&apos;: {&apos;required&apos;: True, &apos;type&apos;: &apos;number&apos;}, &apos;name&apos;: {&apos;required&apos;: True, &apos;type&apos;: &apos;string&apos;}}}, &apos;post&apos;: {&apos;/{group_id}&apos;: {&apos;delete&apos;: None, &apos;put&apos;: None}, &apos;body&apos;: {&apos;type&apos;: &apos;Group[]&apos;}}} = &lt;built-in method get of dict object at 0x000001C3C4DA86C0&gt;(&apos;/groups&apos;)
 +            where &lt;built-in method get of dict object at 0x000001C3C4DA86C0&gt; = {&apos;/agents&apos;: {&apos;get&apos;: {&apos;queryParameters&apos;: {&apos;address&apos;: {&apos;required&apos;: True, &apos;type&apos;: &apos;string&apos;}, &apos;agent_id&apos;: {&apos;required&apos;: Tru...: True, &apos;type&apos;: &apos;string&apos;}}}, &apos;post&apos;: {&apos;/{group_id}&apos;: {&apos;delete&apos;: None, &apos;put&apos;: None}, &apos;body&apos;: {&apos;type&apos;: &apos;Group[]&apos;}}}, ...}.get">E   AssertionError: assert None
     +  where None = &lt;built-in method get of dict object at 0x000001C3C464BA68&gt;(&apos;description&apos;)
     +    where &lt;built-in method get of dict object at 0x000001C3C464BA68&gt; = {&apos;queryParameters&apos;: {&apos;group_id&apos;: {&apos;required&apos;: True, &apos;type&apos;: &apos;number&apos;}, &apos;name&apos;: {&apos;required&apos;: True, &apos;type&apos;: &apos;string&apos;}}}.get
     +      where {&apos;queryParameters&apos;: {&apos;group_id&apos;: {&apos;required&apos;: True, &apos;type&apos;: &apos;number&apos;}, &apos;name&apos;: {&apos;required&apos;: True, &apos;type&apos;: &apos;string&apos;}}} = &lt;built-in method get of dict object at 0x000001C3C464B5A0&gt;(&apos;get&apos;)
     +        where &lt;built-in method get of dict object at 0x000001C3C464B5A0&gt; = {&apos;get&apos;: {&apos;queryParameters&apos;: {&apos;group_id&apos;: {&apos;required&apos;: True, &apos;type&apos;: &apos;number&apos;}, &apos;name&apos;: {&apos;required&apos;: True, &apos;type&apos;: &apos;string&apos;}}}, &apos;post&apos;: {&apos;/{group_id}&apos;: {&apos;delete&apos;: None, &apos;put&apos;: None}, &apos;body&apos;: {&apos;type&apos;: &apos;Group[]&apos;}}}.get
     +          where {&apos;get&apos;: {&apos;queryParameters&apos;: {&apos;group_id&apos;: {&apos;required&apos;: True, &apos;type&apos;: &apos;number&apos;}, &apos;name&apos;: {&apos;required&apos;: True, &apos;type&apos;: &apos;string&apos;}}}, &apos;post&apos;: {&apos;/{group_id}&apos;: {&apos;delete&apos;: None, &apos;put&apos;: None}, &apos;body&apos;: {&apos;type&apos;: &apos;Group[]&apos;}}} = &lt;built-in method get of dict object at 0x000001C3C4DA86C0&gt;(&apos;/groups&apos;)
     +            where &lt;built-in method get of dict object at 0x000001C3C4DA86C0&gt; = {&apos;/agents&apos;: {&apos;get&apos;: {&apos;queryParameters&apos;: {&apos;address&apos;: {&apos;required&apos;: True, &apos;type&apos;: &apos;string&apos;}, &apos;agent_id&apos;: {&apos;required&apos;: Tru...: True, &apos;type&apos;: &apos;string&apos;}}}, &apos;post&apos;: {&apos;/{group_id}&apos;: {&apos;delete&apos;: None, &apos;put&apos;: None}, &apos;body&apos;: {&apos;type&apos;: &apos;Group[]&apos;}}}, ...}.get</failure></testcase><testcase classname="test_submit" file="test_submit.py" line="820" name="test_1457" time="0.000997304916381836"><failure message="AssertionError: assert None
 +  where None = &lt;built-in method get of dict object at 0x000001C3C464BA68&gt;(&apos;securedBy&apos;)
 +    where &lt;built-in method get of dict object at 0x000001C3C464BA68&gt; = {&apos;queryParameters&apos;: {&apos;group_id&apos;: {&apos;required&apos;: True, &apos;type&apos;: &apos;number&apos;}, &apos;name&apos;: {&apos;required&apos;: True, &apos;type&apos;: &apos;string&apos;}}}.get
 +      where {&apos;queryParameters&apos;: {&apos;group_id&apos;: {&apos;required&apos;: True, &apos;type&apos;: &apos;number&apos;}, &apos;name&apos;: {&apos;required&apos;: True, &apos;type&apos;: &apos;string&apos;}}} = &lt;built-in method get of dict object at 0x000001C3C464B5A0&gt;(&apos;get&apos;)
 +        where &lt;built-in method get of dict object at 0x000001C3C464B5A0&gt; = {&apos;get&apos;: {&apos;queryParameters&apos;: {&apos;group_id&apos;: {&apos;required&apos;: True, &apos;type&apos;: &apos;number&apos;}, &apos;name&apos;: {&apos;required&apos;: True, &apos;type&apos;: &apos;string&apos;}}}, &apos;post&apos;: {&apos;/{group_id}&apos;: {&apos;delete&apos;: None, &apos;put&apos;: None}, &apos;body&apos;: {&apos;type&apos;: &apos;Group[]&apos;}}}.get
 +          where {&apos;get&apos;: {&apos;queryParameters&apos;: {&apos;group_id&apos;: {&apos;required&apos;: True, &apos;type&apos;: &apos;number&apos;}, &apos;name&apos;: {&apos;required&apos;: True, &apos;type&apos;: &apos;string&apos;}}}, &apos;post&apos;: {&apos;/{group_id}&apos;: {&apos;delete&apos;: None, &apos;put&apos;: None}, &apos;body&apos;: {&apos;type&apos;: &apos;Group[]&apos;}}} = &lt;built-in method get of dict object at 0x000001C3C4DA86C0&gt;(&apos;/groups&apos;)
 +            where &lt;built-in method get of dict object at 0x000001C3C4DA86C0&gt; = {&apos;/agents&apos;: {&apos;get&apos;: {&apos;queryParameters&apos;: {&apos;address&apos;: {&apos;required&apos;: True, &apos;type&apos;: &apos;string&apos;}, &apos;agent_id&apos;: {&apos;required&apos;: Tru...: True, &apos;type&apos;: &apos;string&apos;}}}, &apos;post&apos;: {&apos;/{group_id}&apos;: {&apos;delete&apos;: None, &apos;put&apos;: None}, &apos;body&apos;: {&apos;type&apos;: &apos;Group[]&apos;}}}, ...}.get">E   AssertionError: assert None
     +  where None = &lt;built-in method get of dict object at 0x000001C3C464BA68&gt;(&apos;securedBy&apos;)
     +    where &lt;built-in method get of dict object at 0x000001C3C464BA68&gt; = {&apos;queryParameters&apos;: {&apos;group_id&apos;: {&apos;required&apos;: True, &apos;type&apos;: &apos;number&apos;}, &apos;name&apos;: {&apos;required&apos;: True, &apos;type&apos;: &apos;string&apos;}}}.get
     +      where {&apos;queryParameters&apos;: {&apos;group_id&apos;: {&apos;required&apos;: True, &apos;type&apos;: &apos;number&apos;}, &apos;name&apos;: {&apos;required&apos;: True, &apos;type&apos;: &apos;string&apos;}}} = &lt;built-in method get of dict object at 0x000001C3C464B5A0&gt;(&apos;get&apos;)
     +        where &lt;built-in method get of dict object at 0x000001C3C464B5A0&gt; = {&apos;get&apos;: {&apos;queryParameters&apos;: {&apos;group_id&apos;: {&apos;required&apos;: True, &apos;type&apos;: &apos;number&apos;}, &apos;name&apos;: {&apos;required&apos;: True, &apos;type&apos;: &apos;string&apos;}}}, &apos;post&apos;: {&apos;/{group_id}&apos;: {&apos;delete&apos;: None, &apos;put&apos;: None}, &apos;body&apos;: {&apos;type&apos;: &apos;Group[]&apos;}}}.get
     +          where {&apos;get&apos;: {&apos;queryParameters&apos;: {&apos;group_id&apos;: {&apos;required&apos;: True, &apos;type&apos;: &apos;number&apos;}, &apos;name&apos;: {&apos;required&apos;: True, &apos;type&apos;: &apos;string&apos;}}}, &apos;post&apos;: {&apos;/{group_id}&apos;: {&apos;delete&apos;: None, &apos;put&apos;: None}, &apos;body&apos;: {&apos;type&apos;: &apos;Group[]&apos;}}} = &lt;built-in method get of dict object at 0x000001C3C4DA86C0&gt;(&apos;/groups&apos;)
     +            where &lt;built-in method get of dict object at 0x000001C3C4DA86C0&gt; = {&apos;/agents&apos;: {&apos;get&apos;: {&apos;queryParameters&apos;: {&apos;address&apos;: {&apos;required&apos;: True, &apos;type&apos;: &apos;string&apos;}, &apos;agent_id&apos;: {&apos;required&apos;: Tru...: True, &apos;type&apos;: &apos;string&apos;}}}, &apos;post&apos;: {&apos;/{group_id}&apos;: {&apos;delete&apos;: None, &apos;put&apos;: None}, &apos;body&apos;: {&apos;type&apos;: &apos;Group[]&apos;}}}, ...}.get</failure></testcase><testcase classname="test_submit" file="test_submit.py" line="824" name="test_1757" time="0.0009961128234863281"><failure message="AssertionError: assert None
 +  where None = &lt;built-in method get of dict object at 0x000001C3C464BA68&gt;(&apos;responses&apos;)
 +    where &lt;built-in method get of dict object at 0x000001C3C464BA68&gt; = {&apos;queryParameters&apos;: {&apos;group_id&apos;: {&apos;required&apos;: True, &apos;type&apos;: &apos;number&apos;}, &apos;name&apos;: {&apos;required&apos;: True, &apos;type&apos;: &apos;string&apos;}}}.get
 +      where {&apos;queryParameters&apos;: {&apos;group_id&apos;: {&apos;required&apos;: True, &apos;type&apos;: &apos;number&apos;}, &apos;name&apos;: {&apos;required&apos;: True, &apos;type&apos;: &apos;string&apos;}}} = &lt;built-in method get of dict object at 0x000001C3C464B5A0&gt;(&apos;get&apos;)
 +        where &lt;built-in method get of dict object at 0x000001C3C464B5A0&gt; = {&apos;get&apos;: {&apos;queryParameters&apos;: {&apos;group_id&apos;: {&apos;required&apos;: True, &apos;type&apos;: &apos;number&apos;}, &apos;name&apos;: {&apos;required&apos;: True, &apos;type&apos;: &apos;string&apos;}}}, &apos;post&apos;: {&apos;/{group_id}&apos;: {&apos;delete&apos;: None, &apos;put&apos;: None}, &apos;body&apos;: {&apos;type&apos;: &apos;Group[]&apos;}}}.get
 +          where {&apos;get&apos;: {&apos;queryParameters&apos;: {&apos;group_id&apos;: {&apos;required&apos;: True, &apos;type&apos;: &apos;number&apos;}, &apos;name&apos;: {&apos;required&apos;: True, &apos;type&apos;: &apos;string&apos;}}}, &apos;post&apos;: {&apos;/{group_id}&apos;: {&apos;delete&apos;: None, &apos;put&apos;: None}, &apos;body&apos;: {&apos;type&apos;: &apos;Group[]&apos;}}} = &lt;built-in method get of dict object at 0x000001C3C4DA86C0&gt;(&apos;/groups&apos;)
 +            where &lt;built-in method get of dict object at 0x000001C3C4DA86C0&gt; = {&apos;/agents&apos;: {&apos;get&apos;: {&apos;queryParameters&apos;: {&apos;address&apos;: {&apos;required&apos;: True, &apos;type&apos;: &apos;string&apos;}, &apos;agent_id&apos;: {&apos;required&apos;: Tru...: True, &apos;type&apos;: &apos;string&apos;}}}, &apos;post&apos;: {&apos;/{group_id}&apos;: {&apos;delete&apos;: None, &apos;put&apos;: None}, &apos;body&apos;: {&apos;type&apos;: &apos;Group[]&apos;}}}, ...}.get">E   AssertionError: assert None
     +  where None = &lt;built-in method get of dict object at 0x000001C3C464BA68&gt;(&apos;responses&apos;)
     +    where &lt;built-in method get of dict object at 0x000001C3C464BA68&gt; = {&apos;queryParameters&apos;: {&apos;group_id&apos;: {&apos;required&apos;: True, &apos;type&apos;: &apos;number&apos;}, &apos;name&apos;: {&apos;required&apos;: True, &apos;type&apos;: &apos;string&apos;}}}.get
     +      where {&apos;queryParameters&apos;: {&apos;group_id&apos;: {&apos;required&apos;: True, &apos;type&apos;: &apos;number&apos;}, &apos;name&apos;: {&apos;required&apos;: True, &apos;type&apos;: &apos;string&apos;}}} = &lt;built-in method get of dict object at 0x000001C3C464B5A0&gt;(&apos;get&apos;)
     +        where &lt;built-in method get of dict object at 0x000001C3C464B5A0&gt; = {&apos;get&apos;: {&apos;queryParameters&apos;: {&apos;group_id&apos;: {&apos;required&apos;: True, &apos;type&apos;: &apos;number&apos;}, &apos;name&apos;: {&apos;required&apos;: True, &apos;type&apos;: &apos;string&apos;}}}, &apos;post&apos;: {&apos;/{group_id}&apos;: {&apos;delete&apos;: None, &apos;put&apos;: None}, &apos;body&apos;: {&apos;type&apos;: &apos;Group[]&apos;}}}.get
     +          where {&apos;get&apos;: {&apos;queryParameters&apos;: {&apos;group_id&apos;: {&apos;required&apos;: True, &apos;type&apos;: &apos;number&apos;}, &apos;name&apos;: {&apos;required&apos;: True, &apos;type&apos;: &apos;string&apos;}}}, &apos;post&apos;: {&apos;/{group_id}&apos;: {&apos;delete&apos;: None, &apos;put&apos;: None}, &apos;body&apos;: {&apos;type&apos;: &apos;Group[]&apos;}}} = &lt;built-in method get of dict object at 0x000001C3C4DA86C0&gt;(&apos;/groups&apos;)
     +            where &lt;built-in method get of dict object at 0x000001C3C4DA86C0&gt; = {&apos;/agents&apos;: {&apos;get&apos;: {&apos;queryParameters&apos;: {&apos;address&apos;: {&apos;required&apos;: True, &apos;type&apos;: &apos;string&apos;}, &apos;agent_id&apos;: {&apos;required&apos;: Tru...: True, &apos;type&apos;: &apos;string&apos;}}}, &apos;post&apos;: {&apos;/{group_id}&apos;: {&apos;delete&apos;: None, &apos;put&apos;: None}, &apos;body&apos;: {&apos;type&apos;: &apos;Group[]&apos;}}}, ...}.get</failure></testcase><testcase classname="test_submit" file="test_submit.py" line="828" name="test_2900" time="0.0009975433349609375"><failure message="AttributeError: &apos;NoneType&apos; object has no attribute &apos;get&apos;">E   AttributeError: &apos;NoneType&apos; object has no attribute &apos;get&apos;</failure></testcase><testcase classname="test_submit" file="test_submit.py" line="832" name="test_2710" time="0.0019998550415039062"><failure message="AttributeError: &apos;NoneType&apos; object has no attribute &apos;get&apos;">E   AttributeError: &apos;NoneType&apos; object has no attribute &apos;get&apos;</failure></testcase><testcase classname="test_submit" file="test_submit.py" line="836" name="test_2070" time="0.0009937286376953125"><failure message="AttributeError: &apos;NoneType&apos; object has no attribute &apos;get&apos;">E   AttributeError: &apos;NoneType&apos; object has no attribute &apos;get&apos;</failure></testcase><testcase classname="test_submit" file="test_submit.py" line="840" name="test_2970" time="0.0009975433349609375"><failure message="AttributeError: &apos;NoneType&apos; object has no attribute &apos;get&apos;">E   AttributeError: &apos;NoneType&apos; object has no attribute &apos;get&apos;</failure></testcase><testcase classname="test_submit" file="test_submit.py" line="844" name="test_80" time="0.0019986629486083984"><failure message="AssertionError: assert None
 +  where None = &lt;built-in method get of dict object at 0x000001C3C464B5A0&gt;(&apos;/{id}&apos;)
 +    where &lt;built-in method get of dict object at 0x000001C3C464B5A0&gt; = {&apos;get&apos;: {&apos;queryParameters&apos;: {&apos;group_id&apos;: {&apos;required&apos;: True, &apos;type&apos;: &apos;number&apos;}, &apos;name&apos;: {&apos;required&apos;: True, &apos;type&apos;: &apos;string&apos;}}}, &apos;post&apos;: {&apos;/{group_id}&apos;: {&apos;delete&apos;: None, &apos;put&apos;: None}, &apos;body&apos;: {&apos;type&apos;: &apos;Group[]&apos;}}}.get
 +      where {&apos;get&apos;: {&apos;queryParameters&apos;: {&apos;group_id&apos;: {&apos;required&apos;: True, &apos;type&apos;: &apos;number&apos;}, &apos;name&apos;: {&apos;required&apos;: True, &apos;type&apos;: &apos;string&apos;}}}, &apos;post&apos;: {&apos;/{group_id}&apos;: {&apos;delete&apos;: None, &apos;put&apos;: None}, &apos;body&apos;: {&apos;type&apos;: &apos;Group[]&apos;}}} = &lt;built-in method get of dict object at 0x000001C3C4DA86C0&gt;(&apos;/groups&apos;)
 +        where &lt;built-in method get of dict object at 0x000001C3C4DA86C0&gt; = {&apos;/agents&apos;: {&apos;get&apos;: {&apos;queryParameters&apos;: {&apos;address&apos;: {&apos;required&apos;: True, &apos;type&apos;: &apos;string&apos;}, &apos;agent_id&apos;: {&apos;required&apos;: Tru...: True, &apos;type&apos;: &apos;string&apos;}}}, &apos;post&apos;: {&apos;/{group_id}&apos;: {&apos;delete&apos;: None, &apos;put&apos;: None}, &apos;body&apos;: {&apos;type&apos;: &apos;Group[]&apos;}}}, ...}.get">E   AssertionError: assert None
     +  where None = &lt;built-in method get of dict object at 0x000001C3C464B5A0&gt;(&apos;/{id}&apos;)
     +    where &lt;built-in method get of dict object at 0x000001C3C464B5A0&gt; = {&apos;get&apos;: {&apos;queryParameters&apos;: {&apos;group_id&apos;: {&apos;required&apos;: True, &apos;type&apos;: &apos;number&apos;}, &apos;name&apos;: {&apos;required&apos;: True, &apos;type&apos;: &apos;string&apos;}}}, &apos;post&apos;: {&apos;/{group_id}&apos;: {&apos;delete&apos;: None, &apos;put&apos;: None}, &apos;body&apos;: {&apos;type&apos;: &apos;Group[]&apos;}}}.get
     +      where {&apos;get&apos;: {&apos;queryParameters&apos;: {&apos;group_id&apos;: {&apos;required&apos;: True, &apos;type&apos;: &apos;number&apos;}, &apos;name&apos;: {&apos;required&apos;: True, &apos;type&apos;: &apos;string&apos;}}}, &apos;post&apos;: {&apos;/{group_id}&apos;: {&apos;delete&apos;: None, &apos;put&apos;: None}, &apos;body&apos;: {&apos;type&apos;: &apos;Group[]&apos;}}} = &lt;built-in method get of dict object at 0x000001C3C4DA86C0&gt;(&apos;/groups&apos;)
     +        where &lt;built-in method get of dict object at 0x000001C3C4DA86C0&gt; = {&apos;/agents&apos;: {&apos;get&apos;: {&apos;queryParameters&apos;: {&apos;address&apos;: {&apos;required&apos;: True, &apos;type&apos;: &apos;string&apos;}, &apos;agent_id&apos;: {&apos;required&apos;: Tru...: True, &apos;type&apos;: &apos;string&apos;}}}, &apos;post&apos;: {&apos;/{group_id}&apos;: {&apos;delete&apos;: None, &apos;put&apos;: None}, &apos;body&apos;: {&apos;type&apos;: &apos;Group[]&apos;}}}, ...}.get</failure></testcase><testcase classname="test_submit" file="test_submit.py" line="848" name="test_1835" time="0.0"><failure message="AttributeError: &apos;NoneType&apos; object has no attribute &apos;get&apos;">E   AttributeError: &apos;NoneType&apos; object has no attribute &apos;get&apos;</failure></testcase><testcase classname="test_submit" file="test_submit.py" line="852" name="test_2680" time="0.0009975433349609375"><failure message="AttributeError: &apos;NoneType&apos; object has no attribute &apos;get&apos;">E   AttributeError: &apos;NoneType&apos; object has no attribute &apos;get&apos;</failure></testcase><testcase classname="test_submit" file="test_submit.py" line="856" name="test_2565" time="0.0009968280792236328"><failure message="AttributeError: &apos;NoneType&apos; object has no attribute &apos;get&apos;">E   AttributeError: &apos;NoneType&apos; object has no attribute &apos;get&apos;</failure></testcase><testcase classname="test_submit" file="test_submit.py" line="860" name="test_2080" time="0.000997304916381836"><failure message="AttributeError: &apos;NoneType&apos; object has no attribute &apos;get&apos;">E   AttributeError: &apos;NoneType&apos; object has no attribute &apos;get&apos;</failure></testcase><testcase classname="test_submit" file="test_submit.py" line="864" name="test_2120" time="0.003992319107055664"><failure message="AttributeError: &apos;NoneType&apos; object has no attribute &apos;get&apos;">E   AttributeError: &apos;NoneType&apos; object has no attribute &apos;get&apos;</failure></testcase><testcase classname="test_submit" file="test_submit.py" line="868" name="test_2250" time="0.002992391586303711"><failure message="AttributeError: &apos;NoneType&apos; object has no attribute &apos;get&apos;">E   AttributeError: &apos;NoneType&apos; object has no attribute &apos;get&apos;</failure></testcase><testcase classname="test_submit" file="test_submit.py" line="872" name="test_2270" time="0.0"><failure message="AttributeError: &apos;NoneType&apos; object has no attribute &apos;get&apos;">E   AttributeError: &apos;NoneType&apos; object has no attribute &apos;get&apos;</failure></testcase><testcase classname="test_submit" file="test_submit.py" line="876" name="test_1904" time="0.001992940902709961"><failure message="AttributeError: &apos;NoneType&apos; object has no attribute &apos;get&apos;">E   AttributeError: &apos;NoneType&apos; object has no attribute &apos;get&apos;</failure></testcase><testcase classname="test_submit" file="test_submit.py" line="880" name="test_2130" time="0.0"><failure message="AttributeError: &apos;NoneType&apos; object has no attribute &apos;get&apos;">E   AttributeError: &apos;NoneType&apos; object has no attribute &apos;get&apos;</failure></testcase><testcase classname="test_submit" file="test_submit.py" line="884" name="test_2630" time="0.0009975433349609375"><failure message="AttributeError: &apos;NoneType&apos; object has no attribute &apos;get&apos;">E   AttributeError: &apos;NoneType&apos; object has no attribute &apos;get&apos;</failure></testcase><testcase classname="test_submit" file="test_submit.py" line="888" name="test_2525" time="0.0009982585906982422"><failure message="AttributeError: &apos;NoneType&apos; object has no attribute &apos;get&apos;">E   AttributeError: &apos;NoneType&apos; object has no attribute &apos;get&apos;</failure></testcase><testcase classname="test_submit" file="test_submit.py" line="892" name="test_2405" time="0.0"><failure message="AttributeError: &apos;NoneType&apos; object has no attribute &apos;get&apos;">E   AttributeError: &apos;NoneType&apos; object has no attribute &apos;get&apos;</failure></testcase><testcase classname="test_submit" file="test_submit.py" line="896" name="test_2255" time="0.0019860267639160156"><failure message="AttributeError: &apos;NoneType&apos; object has no attribute &apos;get&apos;">E   AttributeError: &apos;NoneType&apos; object has no attribute &apos;get&apos;</failure></testcase><testcase classname="test_submit" file="test_submit.py" line="900" name="test_1577" time="0.001995563507080078"><failure message="AttributeError: &apos;NoneType&apos; object has no attribute &apos;get&apos;">E   AttributeError: &apos;NoneType&apos; object has no attribute &apos;get&apos;</failure></testcase><testcase classname="test_submit" file="test_submit.py" line="904" name="test_2090" time="0.0009970664978027344"><failure message="AttributeError: &apos;NoneType&apos; object has no attribute &apos;get&apos;">E   AttributeError: &apos;NoneType&apos; object has no attribute &apos;get&apos;</failure></testcase><testcase classname="test_submit" file="test_submit.py" line="908" name="test_2960" time="0.000997304916381836"><failure message="AttributeError: &apos;NoneType&apos; object has no attribute &apos;get&apos;">E   AttributeError: &apos;NoneType&apos; object has no attribute &apos;get&apos;</failure></testcase><testcase classname="test_submit" file="test_submit.py" line="912" name="test_2260" time="0.0"><failure message="AttributeError: &apos;NoneType&apos; object has no attribute &apos;get&apos;">E   AttributeError: &apos;NoneType&apos; object has no attribute &apos;get&apos;</failure></testcase></testsuite>