<?xml version="1.0" encoding="utf-8"?><testsuite errors="0" failures="28" name="pytest" skips="0" tests="183" time="3.021"><testcase classname="test_submit" file="test_submit.py" line="8" name="test_826" time="0.0002589225769042969"></testcase><testcase classname="test_submit" file="test_submit.py" line="12" name="test_1376" time="0.001764059066772461"></testcase><testcase classname="test_submit" file="test_submit.py" line="16" name="test_1565" time="0.01827406883239746"><failure message="assert None
 +  where None = &lt;built-in method get of dict object at 0x000001EEC7F6C3F0&gt;(&apos;type&apos;)
 +    where &lt;built-in method get of dict object at 0x000001EEC7F6C3F0&gt; = {&apos;describedBy&apos;: {&apos;headers&apos;: {&apos;Authorization&apos;: {&apos;description&apos;: &apos;Usado para enviar o JSON Web Token no request.\n&apos;, &apos;req...&apos;implicit&apos;], &apos;signatures&apos;: [&apos;HMAC-SHA256&apos;]}}}, &apos;description&apos;: &apos;Esquema para autenticação com Token JWT.&apos;, &apos;type&apos;: None}.get
 +      where {&apos;describedBy&apos;: {&apos;headers&apos;: {&apos;Authorization&apos;: {&apos;description&apos;: &apos;Usado para enviar o JSON Web Token no request.\n&apos;, &apos;req...&apos;implicit&apos;], &apos;signatures&apos;: [&apos;HMAC-SHA256&apos;]}}}, &apos;description&apos;: &apos;Esquema para autenticação com Token JWT.&apos;, &apos;type&apos;: None} = &lt;built-in method get of dict object at 0x000001EEC6C2E900&gt;(&apos;JWT&apos;)
 +        where &lt;built-in method get of dict object at 0x000001EEC6C2E900&gt; = {&apos;JWT&apos;: {&apos;describedBy&apos;: {&apos;headers&apos;: {&apos;Authorization&apos;: {&apos;description&apos;: &apos;Usado para enviar o JSON Web Token no request.\...implicit&apos;], &apos;signatures&apos;: [&apos;HMAC-SHA256&apos;]}}}, &apos;description&apos;: &apos;Esquema para autenticação com Token JWT.&apos;, &apos;type&apos;: None}}.get
 +          where {&apos;JWT&apos;: {&apos;describedBy&apos;: {&apos;headers&apos;: {&apos;Authorization&apos;: {&apos;description&apos;: &apos;Usado para enviar o JSON Web Token no request.\...implicit&apos;], &apos;signatures&apos;: [&apos;HMAC-SHA256&apos;]}}}, &apos;description&apos;: &apos;Esquema para autenticação com Token JWT.&apos;, &apos;type&apos;: None}} = &lt;built-in method get of dict object at 0x000001EEC86BE678&gt;(&apos;securitySchemes&apos;)
 +            where &lt;built-in method get of dict object at 0x000001EEC86BE678&gt; = {&apos;/agents&apos;: {&apos;/{id}&apos;: {&apos;delete&apos;: {&apos;description&apos;: &apos;Remoção de agente pelo id.&apos;, &apos;responses&apos;: {200: {&apos;body&apos;: {...}}, 401..., 401: {&apos;body&apos;: {&apos;application/json&apos;: &apos;{&quot;error&quot;: &quot;Senha de autenticação Incorreta.&quot;}\n&apos;}}}, &apos;securedBy&apos;: [&apos;JWT&apos;]}}, ...}.get">E   assert None
     +  where None = &lt;built-in method get of dict object at 0x000001EEC7F6C3F0&gt;(&apos;type&apos;)
     +    where &lt;built-in method get of dict object at 0x000001EEC7F6C3F0&gt; = {&apos;describedBy&apos;: {&apos;headers&apos;: {&apos;Authorization&apos;: {&apos;description&apos;: &apos;Usado para enviar o JSON Web Token no request.\n&apos;, &apos;req...&apos;implicit&apos;], &apos;signatures&apos;: [&apos;HMAC-SHA256&apos;]}}}, &apos;description&apos;: &apos;Esquema para autenticação com Token JWT.&apos;, &apos;type&apos;: None}.get
     +      where {&apos;describedBy&apos;: {&apos;headers&apos;: {&apos;Authorization&apos;: {&apos;description&apos;: &apos;Usado para enviar o JSON Web Token no request.\n&apos;, &apos;req...&apos;implicit&apos;], &apos;signatures&apos;: [&apos;HMAC-SHA256&apos;]}}}, &apos;description&apos;: &apos;Esquema para autenticação com Token JWT.&apos;, &apos;type&apos;: None} = &lt;built-in method get of dict object at 0x000001EEC6C2E900&gt;(&apos;JWT&apos;)
     +        where &lt;built-in method get of dict object at 0x000001EEC6C2E900&gt; = {&apos;JWT&apos;: {&apos;describedBy&apos;: {&apos;headers&apos;: {&apos;Authorization&apos;: {&apos;description&apos;: &apos;Usado para enviar o JSON Web Token no request.\...implicit&apos;], &apos;signatures&apos;: [&apos;HMAC-SHA256&apos;]}}}, &apos;description&apos;: &apos;Esquema para autenticação com Token JWT.&apos;, &apos;type&apos;: None}}.get
     +          where {&apos;JWT&apos;: {&apos;describedBy&apos;: {&apos;headers&apos;: {&apos;Authorization&apos;: {&apos;description&apos;: &apos;Usado para enviar o JSON Web Token no request.\...implicit&apos;], &apos;signatures&apos;: [&apos;HMAC-SHA256&apos;]}}}, &apos;description&apos;: &apos;Esquema para autenticação com Token JWT.&apos;, &apos;type&apos;: None}} = &lt;built-in method get of dict object at 0x000001EEC86BE678&gt;(&apos;securitySchemes&apos;)
     +            where &lt;built-in method get of dict object at 0x000001EEC86BE678&gt; = {&apos;/agents&apos;: {&apos;/{id}&apos;: {&apos;delete&apos;: {&apos;description&apos;: &apos;Remoção de agente pelo id.&apos;, &apos;responses&apos;: {200: {&apos;body&apos;: {...}}, 401..., 401: {&apos;body&apos;: {&apos;application/json&apos;: &apos;{&quot;error&quot;: &quot;Senha de autenticação Incorreta.&quot;}\n&apos;}}}, &apos;securedBy&apos;: [&apos;JWT&apos;]}}, ...}.get</failure></testcase><testcase classname="test_submit" file="test_submit.py" line="24" name="test_2725" time="0.0013689994812011719"></testcase><testcase classname="test_submit" file="test_submit.py" line="28" name="test_2655" time="0.001996278762817383"></testcase><testcase classname="test_submit" file="test_submit.py" line="32" name="test_2500" time="0.007280588150024414"><failure message="assert None
 +  where None = &lt;built-in method get of dict object at 0x000001EEC7F6C870&gt;(&apos;responses&apos;)
 +    where &lt;built-in method get of dict object at 0x000001EEC7F6C870&gt; = {&apos;headers&apos;: {&apos;Authorization&apos;: {&apos;description&apos;: &apos;Usado para enviar o JSON Web Token no request.\n&apos;, &apos;required&apos;: True, &apos;t...        \n&apos;}}, &apos;settings&apos;: {&apos;authorizationGrants&apos;: [&apos;authorization_code&apos;, &apos;implicit&apos;], &apos;signatures&apos;: [&apos;HMAC-SHA256&apos;]}}}.get
 +      where {&apos;headers&apos;: {&apos;Authorization&apos;: {&apos;description&apos;: &apos;Usado para enviar o JSON Web Token no request.\n&apos;, &apos;required&apos;: True, &apos;t...        \n&apos;}}, &apos;settings&apos;: {&apos;authorizationGrants&apos;: [&apos;authorization_code&apos;, &apos;implicit&apos;], &apos;signatures&apos;: [&apos;HMAC-SHA256&apos;]}}} = &lt;built-in method get of dict object at 0x000001EEC7F6C3F0&gt;(&apos;describedBy&apos;)
 +        where &lt;built-in method get of dict object at 0x000001EEC7F6C3F0&gt; = {&apos;describedBy&apos;: {&apos;headers&apos;: {&apos;Authorization&apos;: {&apos;description&apos;: &apos;Usado para enviar o JSON Web Token no request.\n&apos;, &apos;req...&apos;implicit&apos;], &apos;signatures&apos;: [&apos;HMAC-SHA256&apos;]}}}, &apos;description&apos;: &apos;Esquema para autenticação com Token JWT.&apos;, &apos;type&apos;: None}.get
 +          where {&apos;describedBy&apos;: {&apos;headers&apos;: {&apos;Authorization&apos;: {&apos;description&apos;: &apos;Usado para enviar o JSON Web Token no request.\n&apos;, &apos;req...&apos;implicit&apos;], &apos;signatures&apos;: [&apos;HMAC-SHA256&apos;]}}}, &apos;description&apos;: &apos;Esquema para autenticação com Token JWT.&apos;, &apos;type&apos;: None} = &lt;built-in method get of dict object at 0x000001EEC6C2E900&gt;(&apos;JWT&apos;)
 +            where &lt;built-in method get of dict object at 0x000001EEC6C2E900&gt; = {&apos;JWT&apos;: {&apos;describedBy&apos;: {&apos;headers&apos;: {&apos;Authorization&apos;: {&apos;description&apos;: &apos;Usado para enviar o JSON Web Token no request.\...implicit&apos;], &apos;signatures&apos;: [&apos;HMAC-SHA256&apos;]}}}, &apos;description&apos;: &apos;Esquema para autenticação com Token JWT.&apos;, &apos;type&apos;: None}}.get
 +              where {&apos;JWT&apos;: {&apos;describedBy&apos;: {&apos;headers&apos;: {&apos;Authorization&apos;: {&apos;description&apos;: &apos;Usado para enviar o JSON Web Token no request.\...implicit&apos;], &apos;signatures&apos;: [&apos;HMAC-SHA256&apos;]}}}, &apos;description&apos;: &apos;Esquema para autenticação com Token JWT.&apos;, &apos;type&apos;: None}} = &lt;built-in method get of dict object at 0x000001EEC86BE678&gt;(&apos;securitySchemes&apos;)
 +                where &lt;built-in method get of dict object at 0x000001EEC86BE678&gt; = {&apos;/agents&apos;: {&apos;/{id}&apos;: {&apos;delete&apos;: {&apos;description&apos;: &apos;Remoção de agente pelo id.&apos;, &apos;responses&apos;: {200: {&apos;body&apos;: {...}}, 401..., 401: {&apos;body&apos;: {&apos;application/json&apos;: &apos;{&quot;error&quot;: &quot;Senha de autenticação Incorreta.&quot;}\n&apos;}}}, &apos;securedBy&apos;: [&apos;JWT&apos;]}}, ...}.get">E   assert None
     +  where None = &lt;built-in method get of dict object at 0x000001EEC7F6C870&gt;(&apos;responses&apos;)
     +    where &lt;built-in method get of dict object at 0x000001EEC7F6C870&gt; = {&apos;headers&apos;: {&apos;Authorization&apos;: {&apos;description&apos;: &apos;Usado para enviar o JSON Web Token no request.\n&apos;, &apos;required&apos;: True, &apos;t...        \n&apos;}}, &apos;settings&apos;: {&apos;authorizationGrants&apos;: [&apos;authorization_code&apos;, &apos;implicit&apos;], &apos;signatures&apos;: [&apos;HMAC-SHA256&apos;]}}}.get
     +      where {&apos;headers&apos;: {&apos;Authorization&apos;: {&apos;description&apos;: &apos;Usado para enviar o JSON Web Token no request.\n&apos;, &apos;required&apos;: True, &apos;t...        \n&apos;}}, &apos;settings&apos;: {&apos;authorizationGrants&apos;: [&apos;authorization_code&apos;, &apos;implicit&apos;], &apos;signatures&apos;: [&apos;HMAC-SHA256&apos;]}}} = &lt;built-in method get of dict object at 0x000001EEC7F6C3F0&gt;(&apos;describedBy&apos;)
     +        where &lt;built-in method get of dict object at 0x000001EEC7F6C3F0&gt; = {&apos;describedBy&apos;: {&apos;headers&apos;: {&apos;Authorization&apos;: {&apos;description&apos;: &apos;Usado para enviar o JSON Web Token no request.\n&apos;, &apos;req...&apos;implicit&apos;], &apos;signatures&apos;: [&apos;HMAC-SHA256&apos;]}}}, &apos;description&apos;: &apos;Esquema para autenticação com Token JWT.&apos;, &apos;type&apos;: None}.get
     +          where {&apos;describedBy&apos;: {&apos;headers&apos;: {&apos;Authorization&apos;: {&apos;description&apos;: &apos;Usado para enviar o JSON Web Token no request.\n&apos;, &apos;req...&apos;implicit&apos;], &apos;signatures&apos;: [&apos;HMAC-SHA256&apos;]}}}, &apos;description&apos;: &apos;Esquema para autenticação com Token JWT.&apos;, &apos;type&apos;: None} = &lt;built-in method get of dict object at 0x000001EEC6C2E900&gt;(&apos;JWT&apos;)
     +            where &lt;built-in method get of dict object at 0x000001EEC6C2E900&gt; = {&apos;JWT&apos;: {&apos;describedBy&apos;: {&apos;headers&apos;: {&apos;Authorization&apos;: {&apos;description&apos;: &apos;Usado para enviar o JSON Web Token no request.\...implicit&apos;], &apos;signatures&apos;: [&apos;HMAC-SHA256&apos;]}}}, &apos;description&apos;: &apos;Esquema para autenticação com Token JWT.&apos;, &apos;type&apos;: None}}.get
     +              where {&apos;JWT&apos;: {&apos;describedBy&apos;: {&apos;headers&apos;: {&apos;Authorization&apos;: {&apos;description&apos;: &apos;Usado para enviar o JSON Web Token no request.\...implicit&apos;], &apos;signatures&apos;: [&apos;HMAC-SHA256&apos;]}}}, &apos;description&apos;: &apos;Esquema para autenticação com Token JWT.&apos;, &apos;type&apos;: None}} = &lt;built-in method get of dict object at 0x000001EEC86BE678&gt;(&apos;securitySchemes&apos;)
     +                where &lt;built-in method get of dict object at 0x000001EEC86BE678&gt; = {&apos;/agents&apos;: {&apos;/{id}&apos;: {&apos;delete&apos;: {&apos;description&apos;: &apos;Remoção de agente pelo id.&apos;, &apos;responses&apos;: {200: {&apos;body&apos;: {...}}, 401..., 401: {&apos;body&apos;: {&apos;application/json&apos;: &apos;{&quot;error&quot;: &quot;Senha de autenticação Incorreta.&quot;}\n&apos;}}}, &apos;securedBy&apos;: [&apos;JWT&apos;]}}, ...}.get</failure></testcase><testcase classname="test_submit" file="test_submit.py" line="40" name="test_1763" time="0.0038213729858398438"><failure message="assert None
 +  where None = &lt;built-in method get of dict object at 0x000001EEC7F6C3F0&gt;(&apos;settings&apos;)
 +    where &lt;built-in method get of dict object at 0x000001EEC7F6C3F0&gt; = {&apos;describedBy&apos;: {&apos;headers&apos;: {&apos;Authorization&apos;: {&apos;description&apos;: &apos;Usado para enviar o JSON Web Token no request.\n&apos;, &apos;req...&apos;implicit&apos;], &apos;signatures&apos;: [&apos;HMAC-SHA256&apos;]}}}, &apos;description&apos;: &apos;Esquema para autenticação com Token JWT.&apos;, &apos;type&apos;: None}.get
 +      where {&apos;describedBy&apos;: {&apos;headers&apos;: {&apos;Authorization&apos;: {&apos;description&apos;: &apos;Usado para enviar o JSON Web Token no request.\n&apos;, &apos;req...&apos;implicit&apos;], &apos;signatures&apos;: [&apos;HMAC-SHA256&apos;]}}}, &apos;description&apos;: &apos;Esquema para autenticação com Token JWT.&apos;, &apos;type&apos;: None} = &lt;built-in method get of dict object at 0x000001EEC6C2E900&gt;(&apos;JWT&apos;)
 +        where &lt;built-in method get of dict object at 0x000001EEC6C2E900&gt; = {&apos;JWT&apos;: {&apos;describedBy&apos;: {&apos;headers&apos;: {&apos;Authorization&apos;: {&apos;description&apos;: &apos;Usado para enviar o JSON Web Token no request.\...implicit&apos;], &apos;signatures&apos;: [&apos;HMAC-SHA256&apos;]}}}, &apos;description&apos;: &apos;Esquema para autenticação com Token JWT.&apos;, &apos;type&apos;: None}}.get
 +          where {&apos;JWT&apos;: {&apos;describedBy&apos;: {&apos;headers&apos;: {&apos;Authorization&apos;: {&apos;description&apos;: &apos;Usado para enviar o JSON Web Token no request.\...implicit&apos;], &apos;signatures&apos;: [&apos;HMAC-SHA256&apos;]}}}, &apos;description&apos;: &apos;Esquema para autenticação com Token JWT.&apos;, &apos;type&apos;: None}} = &lt;built-in method get of dict object at 0x000001EEC86BE678&gt;(&apos;securitySchemes&apos;)
 +            where &lt;built-in method get of dict object at 0x000001EEC86BE678&gt; = {&apos;/agents&apos;: {&apos;/{id}&apos;: {&apos;delete&apos;: {&apos;description&apos;: &apos;Remoção de agente pelo id.&apos;, &apos;responses&apos;: {200: {&apos;body&apos;: {...}}, 401..., 401: {&apos;body&apos;: {&apos;application/json&apos;: &apos;{&quot;error&quot;: &quot;Senha de autenticação Incorreta.&quot;}\n&apos;}}}, &apos;securedBy&apos;: [&apos;JWT&apos;]}}, ...}.get">E   assert None
     +  where None = &lt;built-in method get of dict object at 0x000001EEC7F6C3F0&gt;(&apos;settings&apos;)
     +    where &lt;built-in method get of dict object at 0x000001EEC7F6C3F0&gt; = {&apos;describedBy&apos;: {&apos;headers&apos;: {&apos;Authorization&apos;: {&apos;description&apos;: &apos;Usado para enviar o JSON Web Token no request.\n&apos;, &apos;req...&apos;implicit&apos;], &apos;signatures&apos;: [&apos;HMAC-SHA256&apos;]}}}, &apos;description&apos;: &apos;Esquema para autenticação com Token JWT.&apos;, &apos;type&apos;: None}.get
     +      where {&apos;describedBy&apos;: {&apos;headers&apos;: {&apos;Authorization&apos;: {&apos;description&apos;: &apos;Usado para enviar o JSON Web Token no request.\n&apos;, &apos;req...&apos;implicit&apos;], &apos;signatures&apos;: [&apos;HMAC-SHA256&apos;]}}}, &apos;description&apos;: &apos;Esquema para autenticação com Token JWT.&apos;, &apos;type&apos;: None} = &lt;built-in method get of dict object at 0x000001EEC6C2E900&gt;(&apos;JWT&apos;)
     +        where &lt;built-in method get of dict object at 0x000001EEC6C2E900&gt; = {&apos;JWT&apos;: {&apos;describedBy&apos;: {&apos;headers&apos;: {&apos;Authorization&apos;: {&apos;description&apos;: &apos;Usado para enviar o JSON Web Token no request.\...implicit&apos;], &apos;signatures&apos;: [&apos;HMAC-SHA256&apos;]}}}, &apos;description&apos;: &apos;Esquema para autenticação com Token JWT.&apos;, &apos;type&apos;: None}}.get
     +          where {&apos;JWT&apos;: {&apos;describedBy&apos;: {&apos;headers&apos;: {&apos;Authorization&apos;: {&apos;description&apos;: &apos;Usado para enviar o JSON Web Token no request.\...implicit&apos;], &apos;signatures&apos;: [&apos;HMAC-SHA256&apos;]}}}, &apos;description&apos;: &apos;Esquema para autenticação com Token JWT.&apos;, &apos;type&apos;: None}} = &lt;built-in method get of dict object at 0x000001EEC86BE678&gt;(&apos;securitySchemes&apos;)
     +            where &lt;built-in method get of dict object at 0x000001EEC86BE678&gt; = {&apos;/agents&apos;: {&apos;/{id}&apos;: {&apos;delete&apos;: {&apos;description&apos;: &apos;Remoção de agente pelo id.&apos;, &apos;responses&apos;: {200: {&apos;body&apos;: {...}}, 401..., 401: {&apos;body&apos;: {&apos;application/json&apos;: &apos;{&quot;error&quot;: &quot;Senha de autenticação Incorreta.&quot;}\n&apos;}}}, &apos;securedBy&apos;: [&apos;JWT&apos;]}}, ...}.get</failure></testcase><testcase classname="test_submit" file="test_submit.py" line="44" name="test_168" time="0.0002989768981933594"></testcase><testcase classname="test_submit" file="test_submit.py" line="56" name="test_1304" time="0.003093242645263672"><failure message="assert None
 +  where None = &lt;built-in method get of dict object at 0x000001EEC7F693A8&gt;(&apos;properties&apos;)
 +    where &lt;built-in method get of dict object at 0x000001EEC7F693A8&gt; = {&apos;discriminator&apos;: {&apos;properties&apos;: {&apos;token&apos;: None}}, &apos;type&apos;: &apos;object&apos;}.get
 +      where {&apos;discriminator&apos;: {&apos;properties&apos;: {&apos;token&apos;: None}}, &apos;type&apos;: &apos;object&apos;} = &lt;built-in method get of dict object at 0x000001EEC86BE630&gt;(&apos;Auth&apos;)
 +        where &lt;built-in method get of dict object at 0x000001EEC86BE630&gt; = {&apos;Agent&apos;: {&apos;discriminator&apos;: {&apos;example&apos;: {&apos;address&apos;: &apos;python12.com&apos;, &apos;agent_id&apos;: 8, &apos;environment&apos;: &apos;Environment X&apos;, &apos;na..., &apos;properties&apos;: {&apos;group_id&apos;: {&apos;type&apos;: &apos;integer&apos;}, &apos;name&apos;: {&apos;maxLength&apos;: 20, &apos;type&apos;: &apos;string&apos;}}, &apos;type&apos;: &apos;object&apos;}, ...}.get
 +          where {&apos;Agent&apos;: {&apos;discriminator&apos;: {&apos;example&apos;: {&apos;address&apos;: &apos;python12.com&apos;, &apos;agent_id&apos;: 8, &apos;environment&apos;: &apos;Environment X&apos;, &apos;na..., &apos;properties&apos;: {&apos;group_id&apos;: {&apos;type&apos;: &apos;integer&apos;}, &apos;name&apos;: {&apos;maxLength&apos;: 20, &apos;type&apos;: &apos;string&apos;}}, &apos;type&apos;: &apos;object&apos;}, ...} = &lt;built-in method get of dict object at 0x000001EEC86BE678&gt;(&apos;types&apos;)
 +            where &lt;built-in method get of dict object at 0x000001EEC86BE678&gt; = {&apos;/agents&apos;: {&apos;/{id}&apos;: {&apos;delete&apos;: {&apos;description&apos;: &apos;Remoção de agente pelo id.&apos;, &apos;responses&apos;: {200: {&apos;body&apos;: {...}}, 401..., 401: {&apos;body&apos;: {&apos;application/json&apos;: &apos;{&quot;error&quot;: &quot;Senha de autenticação Incorreta.&quot;}\n&apos;}}}, &apos;securedBy&apos;: [&apos;JWT&apos;]}}, ...}.get">E   assert None
     +  where None = &lt;built-in method get of dict object at 0x000001EEC7F693A8&gt;(&apos;properties&apos;)
     +    where &lt;built-in method get of dict object at 0x000001EEC7F693A8&gt; = {&apos;discriminator&apos;: {&apos;properties&apos;: {&apos;token&apos;: None}}, &apos;type&apos;: &apos;object&apos;}.get
     +      where {&apos;discriminator&apos;: {&apos;properties&apos;: {&apos;token&apos;: None}}, &apos;type&apos;: &apos;object&apos;} = &lt;built-in method get of dict object at 0x000001EEC86BE630&gt;(&apos;Auth&apos;)
     +        where &lt;built-in method get of dict object at 0x000001EEC86BE630&gt; = {&apos;Agent&apos;: {&apos;discriminator&apos;: {&apos;example&apos;: {&apos;address&apos;: &apos;python12.com&apos;, &apos;agent_id&apos;: 8, &apos;environment&apos;: &apos;Environment X&apos;, &apos;na..., &apos;properties&apos;: {&apos;group_id&apos;: {&apos;type&apos;: &apos;integer&apos;}, &apos;name&apos;: {&apos;maxLength&apos;: 20, &apos;type&apos;: &apos;string&apos;}}, &apos;type&apos;: &apos;object&apos;}, ...}.get
     +          where {&apos;Agent&apos;: {&apos;discriminator&apos;: {&apos;example&apos;: {&apos;address&apos;: &apos;python12.com&apos;, &apos;agent_id&apos;: 8, &apos;environment&apos;: &apos;Environment X&apos;, &apos;na..., &apos;properties&apos;: {&apos;group_id&apos;: {&apos;type&apos;: &apos;integer&apos;}, &apos;name&apos;: {&apos;maxLength&apos;: 20, &apos;type&apos;: &apos;string&apos;}}, &apos;type&apos;: &apos;object&apos;}, ...} = &lt;built-in method get of dict object at 0x000001EEC86BE678&gt;(&apos;types&apos;)
     +            where &lt;built-in method get of dict object at 0x000001EEC86BE678&gt; = {&apos;/agents&apos;: {&apos;/{id}&apos;: {&apos;delete&apos;: {&apos;description&apos;: &apos;Remoção de agente pelo id.&apos;, &apos;responses&apos;: {200: {&apos;body&apos;: {...}}, 401..., 401: {&apos;body&apos;: {&apos;application/json&apos;: &apos;{&quot;error&quot;: &quot;Senha de autenticação Incorreta.&quot;}\n&apos;}}}, &apos;securedBy&apos;: [&apos;JWT&apos;]}}, ...}.get</failure></testcase><testcase classname="test_submit" file="test_submit.py" line="60" name="test_2600" time="0.0009627342224121094"><failure message="AttributeError: &apos;NoneType&apos; object has no attribute &apos;get&apos;">E   AttributeError: &apos;NoneType&apos; object has no attribute &apos;get&apos;</failure></testcase><testcase classname="test_submit" file="test_submit.py" line="64" name="test_296" time="0.0013723373413085938"></testcase><testcase classname="test_submit" file="test_submit.py" line="68" name="test_1466" time="0.0011301040649414062"></testcase><testcase classname="test_submit" file="test_submit.py" line="72" name="test_1076" time="0.0"></testcase><testcase classname="test_submit" file="test_submit.py" line="76" name="test_1271" time="0.0033004283905029297"><failure message="assert None
 +  where None = &lt;built-in method get of dict object at 0x000001EEC7F6C360&gt;(&apos;properties&apos;)
 +    where &lt;built-in method get of dict object at 0x000001EEC7F6C360&gt; = {&apos;discriminator&apos;: {&apos;example&apos;: {&apos;address&apos;: &apos;python12.com&apos;, &apos;agent_id&apos;: 8, &apos;environment&apos;: &apos;Environment X&apos;, &apos;name&apos;: &apos;Agen...nvironment&apos;: {&apos;maxLength&apos;: 20, &apos;type&apos;: &apos;string&apos;}, &apos;name&apos;: {&apos;maxLength&apos;: 50, &apos;type&apos;: &apos;string&apos;}, ...}}, &apos;type&apos;: &apos;object&apos;}.get
 +      where {&apos;discriminator&apos;: {&apos;example&apos;: {&apos;address&apos;: &apos;python12.com&apos;, &apos;agent_id&apos;: 8, &apos;environment&apos;: &apos;Environment X&apos;, &apos;name&apos;: &apos;Agen...nvironment&apos;: {&apos;maxLength&apos;: 20, &apos;type&apos;: &apos;string&apos;}, &apos;name&apos;: {&apos;maxLength&apos;: 50, &apos;type&apos;: &apos;string&apos;}, ...}}, &apos;type&apos;: &apos;object&apos;} = &lt;built-in method get of dict object at 0x000001EEC86BE630&gt;(&apos;Agent&apos;)
 +        where &lt;built-in method get of dict object at 0x000001EEC86BE630&gt; = {&apos;Agent&apos;: {&apos;discriminator&apos;: {&apos;example&apos;: {&apos;address&apos;: &apos;python12.com&apos;, &apos;agent_id&apos;: 8, &apos;environment&apos;: &apos;Environment X&apos;, &apos;na..., &apos;properties&apos;: {&apos;group_id&apos;: {&apos;type&apos;: &apos;integer&apos;}, &apos;name&apos;: {&apos;maxLength&apos;: 20, &apos;type&apos;: &apos;string&apos;}}, &apos;type&apos;: &apos;object&apos;}, ...}.get
 +          where {&apos;Agent&apos;: {&apos;discriminator&apos;: {&apos;example&apos;: {&apos;address&apos;: &apos;python12.com&apos;, &apos;agent_id&apos;: 8, &apos;environment&apos;: &apos;Environment X&apos;, &apos;na..., &apos;properties&apos;: {&apos;group_id&apos;: {&apos;type&apos;: &apos;integer&apos;}, &apos;name&apos;: {&apos;maxLength&apos;: 20, &apos;type&apos;: &apos;string&apos;}}, &apos;type&apos;: &apos;object&apos;}, ...} = &lt;built-in method get of dict object at 0x000001EEC86BE678&gt;(&apos;types&apos;)
 +            where &lt;built-in method get of dict object at 0x000001EEC86BE678&gt; = {&apos;/agents&apos;: {&apos;/{id}&apos;: {&apos;delete&apos;: {&apos;description&apos;: &apos;Remoção de agente pelo id.&apos;, &apos;responses&apos;: {200: {&apos;body&apos;: {...}}, 401..., 401: {&apos;body&apos;: {&apos;application/json&apos;: &apos;{&quot;error&quot;: &quot;Senha de autenticação Incorreta.&quot;}\n&apos;}}}, &apos;securedBy&apos;: [&apos;JWT&apos;]}}, ...}.get">E   assert None
     +  where None = &lt;built-in method get of dict object at 0x000001EEC7F6C360&gt;(&apos;properties&apos;)
     +    where &lt;built-in method get of dict object at 0x000001EEC7F6C360&gt; = {&apos;discriminator&apos;: {&apos;example&apos;: {&apos;address&apos;: &apos;python12.com&apos;, &apos;agent_id&apos;: 8, &apos;environment&apos;: &apos;Environment X&apos;, &apos;name&apos;: &apos;Agen...nvironment&apos;: {&apos;maxLength&apos;: 20, &apos;type&apos;: &apos;string&apos;}, &apos;name&apos;: {&apos;maxLength&apos;: 50, &apos;type&apos;: &apos;string&apos;}, ...}}, &apos;type&apos;: &apos;object&apos;}.get
     +      where {&apos;discriminator&apos;: {&apos;example&apos;: {&apos;address&apos;: &apos;python12.com&apos;, &apos;agent_id&apos;: 8, &apos;environment&apos;: &apos;Environment X&apos;, &apos;name&apos;: &apos;Agen...nvironment&apos;: {&apos;maxLength&apos;: 20, &apos;type&apos;: &apos;string&apos;}, &apos;name&apos;: {&apos;maxLength&apos;: 50, &apos;type&apos;: &apos;string&apos;}, ...}}, &apos;type&apos;: &apos;object&apos;} = &lt;built-in method get of dict object at 0x000001EEC86BE630&gt;(&apos;Agent&apos;)
     +        where &lt;built-in method get of dict object at 0x000001EEC86BE630&gt; = {&apos;Agent&apos;: {&apos;discriminator&apos;: {&apos;example&apos;: {&apos;address&apos;: &apos;python12.com&apos;, &apos;agent_id&apos;: 8, &apos;environment&apos;: &apos;Environment X&apos;, &apos;na..., &apos;properties&apos;: {&apos;group_id&apos;: {&apos;type&apos;: &apos;integer&apos;}, &apos;name&apos;: {&apos;maxLength&apos;: 20, &apos;type&apos;: &apos;string&apos;}}, &apos;type&apos;: &apos;object&apos;}, ...}.get
     +          where {&apos;Agent&apos;: {&apos;discriminator&apos;: {&apos;example&apos;: {&apos;address&apos;: &apos;python12.com&apos;, &apos;agent_id&apos;: 8, &apos;environment&apos;: &apos;Environment X&apos;, &apos;na..., &apos;properties&apos;: {&apos;group_id&apos;: {&apos;type&apos;: &apos;integer&apos;}, &apos;name&apos;: {&apos;maxLength&apos;: 20, &apos;type&apos;: &apos;string&apos;}}, &apos;type&apos;: &apos;object&apos;}, ...} = &lt;built-in method get of dict object at 0x000001EEC86BE678&gt;(&apos;types&apos;)
     +            where &lt;built-in method get of dict object at 0x000001EEC86BE678&gt; = {&apos;/agents&apos;: {&apos;/{id}&apos;: {&apos;delete&apos;: {&apos;description&apos;: &apos;Remoção de agente pelo id.&apos;, &apos;responses&apos;: {200: {&apos;body&apos;: {...}}, 401..., 401: {&apos;body&apos;: {&apos;application/json&apos;: &apos;{&quot;error&quot;: &quot;Senha de autenticação Incorreta.&quot;}\n&apos;}}}, &apos;securedBy&apos;: [&apos;JWT&apos;]}}, ...}.get</failure></testcase><testcase classname="test_submit" file="test_submit.py" line="96" name="test_2785" time="0.00099945068359375"><failure message="AttributeError: &apos;NoneType&apos; object has no attribute &apos;get&apos;">E   AttributeError: &apos;NoneType&apos; object has no attribute &apos;get&apos;</failure></testcase><testcase classname="test_submit" file="test_submit.py" line="104" name="test_2895" time="0.0013453960418701172"><failure message="AttributeError: &apos;NoneType&apos; object has no attribute &apos;get&apos;">E   AttributeError: &apos;NoneType&apos; object has no attribute &apos;get&apos;</failure></testcase><testcase classname="test_submit" file="test_submit.py" line="108" name="test_1394" time="0.003437042236328125"><failure message="assert None
 +  where None = &lt;built-in method get of dict object at 0x000001EEC7F6C360&gt;(&apos;example&apos;)
 +    where &lt;built-in method get of dict object at 0x000001EEC7F6C360&gt; = {&apos;discriminator&apos;: {&apos;example&apos;: {&apos;address&apos;: &apos;python12.com&apos;, &apos;agent_id&apos;: 8, &apos;environment&apos;: &apos;Environment X&apos;, &apos;name&apos;: &apos;Agen...nvironment&apos;: {&apos;maxLength&apos;: 20, &apos;type&apos;: &apos;string&apos;}, &apos;name&apos;: {&apos;maxLength&apos;: 50, &apos;type&apos;: &apos;string&apos;}, ...}}, &apos;type&apos;: &apos;object&apos;}.get
 +      where {&apos;discriminator&apos;: {&apos;example&apos;: {&apos;address&apos;: &apos;python12.com&apos;, &apos;agent_id&apos;: 8, &apos;environment&apos;: &apos;Environment X&apos;, &apos;name&apos;: &apos;Agen...nvironment&apos;: {&apos;maxLength&apos;: 20, &apos;type&apos;: &apos;string&apos;}, &apos;name&apos;: {&apos;maxLength&apos;: 50, &apos;type&apos;: &apos;string&apos;}, ...}}, &apos;type&apos;: &apos;object&apos;} = &lt;built-in method get of dict object at 0x000001EEC86BE630&gt;(&apos;Agent&apos;)
 +        where &lt;built-in method get of dict object at 0x000001EEC86BE630&gt; = {&apos;Agent&apos;: {&apos;discriminator&apos;: {&apos;example&apos;: {&apos;address&apos;: &apos;python12.com&apos;, &apos;agent_id&apos;: 8, &apos;environment&apos;: &apos;Environment X&apos;, &apos;na..., &apos;properties&apos;: {&apos;group_id&apos;: {&apos;type&apos;: &apos;integer&apos;}, &apos;name&apos;: {&apos;maxLength&apos;: 20, &apos;type&apos;: &apos;string&apos;}}, &apos;type&apos;: &apos;object&apos;}, ...}.get
 +          where {&apos;Agent&apos;: {&apos;discriminator&apos;: {&apos;example&apos;: {&apos;address&apos;: &apos;python12.com&apos;, &apos;agent_id&apos;: 8, &apos;environment&apos;: &apos;Environment X&apos;, &apos;na..., &apos;properties&apos;: {&apos;group_id&apos;: {&apos;type&apos;: &apos;integer&apos;}, &apos;name&apos;: {&apos;maxLength&apos;: 20, &apos;type&apos;: &apos;string&apos;}}, &apos;type&apos;: &apos;object&apos;}, ...} = &lt;built-in method get of dict object at 0x000001EEC86BE678&gt;(&apos;types&apos;)
 +            where &lt;built-in method get of dict object at 0x000001EEC86BE678&gt; = {&apos;/agents&apos;: {&apos;/{id}&apos;: {&apos;delete&apos;: {&apos;description&apos;: &apos;Remoção de agente pelo id.&apos;, &apos;responses&apos;: {200: {&apos;body&apos;: {...}}, 401..., 401: {&apos;body&apos;: {&apos;application/json&apos;: &apos;{&quot;error&quot;: &quot;Senha de autenticação Incorreta.&quot;}\n&apos;}}}, &apos;securedBy&apos;: [&apos;JWT&apos;]}}, ...}.get">E   assert None
     +  where None = &lt;built-in method get of dict object at 0x000001EEC7F6C360&gt;(&apos;example&apos;)
     +    where &lt;built-in method get of dict object at 0x000001EEC7F6C360&gt; = {&apos;discriminator&apos;: {&apos;example&apos;: {&apos;address&apos;: &apos;python12.com&apos;, &apos;agent_id&apos;: 8, &apos;environment&apos;: &apos;Environment X&apos;, &apos;name&apos;: &apos;Agen...nvironment&apos;: {&apos;maxLength&apos;: 20, &apos;type&apos;: &apos;string&apos;}, &apos;name&apos;: {&apos;maxLength&apos;: 50, &apos;type&apos;: &apos;string&apos;}, ...}}, &apos;type&apos;: &apos;object&apos;}.get
     +      where {&apos;discriminator&apos;: {&apos;example&apos;: {&apos;address&apos;: &apos;python12.com&apos;, &apos;agent_id&apos;: 8, &apos;environment&apos;: &apos;Environment X&apos;, &apos;name&apos;: &apos;Agen...nvironment&apos;: {&apos;maxLength&apos;: 20, &apos;type&apos;: &apos;string&apos;}, &apos;name&apos;: {&apos;maxLength&apos;: 50, &apos;type&apos;: &apos;string&apos;}, ...}}, &apos;type&apos;: &apos;object&apos;} = &lt;built-in method get of dict object at 0x000001EEC86BE630&gt;(&apos;Agent&apos;)
     +        where &lt;built-in method get of dict object at 0x000001EEC86BE630&gt; = {&apos;Agent&apos;: {&apos;discriminator&apos;: {&apos;example&apos;: {&apos;address&apos;: &apos;python12.com&apos;, &apos;agent_id&apos;: 8, &apos;environment&apos;: &apos;Environment X&apos;, &apos;na..., &apos;properties&apos;: {&apos;group_id&apos;: {&apos;type&apos;: &apos;integer&apos;}, &apos;name&apos;: {&apos;maxLength&apos;: 20, &apos;type&apos;: &apos;string&apos;}}, &apos;type&apos;: &apos;object&apos;}, ...}.get
     +          where {&apos;Agent&apos;: {&apos;discriminator&apos;: {&apos;example&apos;: {&apos;address&apos;: &apos;python12.com&apos;, &apos;agent_id&apos;: 8, &apos;environment&apos;: &apos;Environment X&apos;, &apos;na..., &apos;properties&apos;: {&apos;group_id&apos;: {&apos;type&apos;: &apos;integer&apos;}, &apos;name&apos;: {&apos;maxLength&apos;: 20, &apos;type&apos;: &apos;string&apos;}}, &apos;type&apos;: &apos;object&apos;}, ...} = &lt;built-in method get of dict object at 0x000001EEC86BE678&gt;(&apos;types&apos;)
     +            where &lt;built-in method get of dict object at 0x000001EEC86BE678&gt; = {&apos;/agents&apos;: {&apos;/{id}&apos;: {&apos;delete&apos;: {&apos;description&apos;: &apos;Remoção de agente pelo id.&apos;, &apos;responses&apos;: {200: {&apos;body&apos;: {...}}, 401..., 401: {&apos;body&apos;: {&apos;application/json&apos;: &apos;{&quot;error&quot;: &quot;Senha de autenticação Incorreta.&quot;}\n&apos;}}}, &apos;securedBy&apos;: [&apos;JWT&apos;]}}, ...}.get</failure></testcase><testcase classname="test_submit" file="test_submit.py" line="112" name="test_2465" time="0.000431060791015625"><failure message="AttributeError: &apos;NoneType&apos; object has no attribute &apos;get&apos;">E   AttributeError: &apos;NoneType&apos; object has no attribute &apos;get&apos;</failure></testcase><testcase classname="test_submit" file="test_submit.py" line="120" name="test_2730" time="0.001001119613647461"><failure message="AttributeError: &apos;NoneType&apos; object has no attribute &apos;get&apos;">E   AttributeError: &apos;NoneType&apos; object has no attribute &apos;get&apos;</failure></testcase><testcase classname="test_submit" file="test_submit.py" line="124" name="test_2620" time="0.001734018325805664"><failure message="AttributeError: &apos;NoneType&apos; object has no attribute &apos;get&apos;">E   AttributeError: &apos;NoneType&apos; object has no attribute &apos;get&apos;</failure></testcase><testcase classname="test_submit" file="test_submit.py" line="128" name="test_2340" time="0.0"><failure message="AttributeError: &apos;NoneType&apos; object has no attribute &apos;get&apos;">E   AttributeError: &apos;NoneType&apos; object has no attribute &apos;get&apos;</failure></testcase><testcase classname="test_submit" file="test_submit.py" line="140" name="test_252" time="0.0017859935760498047"></testcase><testcase classname="test_submit" file="test_submit.py" line="144" name="test_1085" time="0.0015399456024169922"></testcase><testcase classname="test_submit" file="test_submit.py" line="152" name="test_1781" time="0.0019936561584472656"></testcase><testcase classname="test_submit" file="test_submit.py" line="160" name="test_2160" time="0.001035451889038086"></testcase><testcase classname="test_submit" file="test_submit.py" line="168" name="test_2210" time="0.0010364055633544922"></testcase><testcase classname="test_submit" file="test_submit.py" line="172" name="test_2590" time="0.0044727325439453125"><failure message="assert None
 +  where None = &lt;built-in method get of dict object at 0x000001EEC7F6C948&gt;(&apos;shelved&apos;)
 +    where &lt;built-in method get of dict object at 0x000001EEC7F6C948&gt; = {&apos;agent_id&apos;: {&apos;type&apos;: &apos;integer&apos;}, &apos;date&apos;: {&apos;type&apos;: &apos;datetime&apos;}, &apos;event_id&apos;: {&apos;type&apos;: &apos;integer&apos;}, &apos;level&apos;: {&apos;maxLength&apos;: 20, &apos;type&apos;: &apos;text&apos;}, ...}.get
 +      where {&apos;agent_id&apos;: {&apos;type&apos;: &apos;integer&apos;}, &apos;date&apos;: {&apos;type&apos;: &apos;datetime&apos;}, &apos;event_id&apos;: {&apos;type&apos;: &apos;integer&apos;}, &apos;level&apos;: {&apos;maxLength&apos;: 20, &apos;type&apos;: &apos;text&apos;}, ...} = &lt;built-in method get of dict object at 0x000001EEC7F6C090&gt;(&apos;properties&apos;)
 +        where &lt;built-in method get of dict object at 0x000001EEC7F6C090&gt; = {&apos;discriminator&apos;: None, &apos;example&apos;: {&apos;agent_id&apos;: 15, &apos;date&apos;: datetime.datetime(2020, 7, 1, 21, 0), &apos;event_id&apos;: 20, &apos;lev...ype&apos;: &apos;datetime&apos;}, &apos;event_id&apos;: {&apos;type&apos;: &apos;integer&apos;}, &apos;level&apos;: {&apos;maxLength&apos;: 20, &apos;type&apos;: &apos;text&apos;}, ...}, &apos;type&apos;: &apos;object&apos;}.get
 +          where {&apos;discriminator&apos;: None, &apos;example&apos;: {&apos;agent_id&apos;: 15, &apos;date&apos;: datetime.datetime(2020, 7, 1, 21, 0), &apos;event_id&apos;: 20, &apos;lev...ype&apos;: &apos;datetime&apos;}, &apos;event_id&apos;: {&apos;type&apos;: &apos;integer&apos;}, &apos;level&apos;: {&apos;maxLength&apos;: 20, &apos;type&apos;: &apos;text&apos;}, ...}, &apos;type&apos;: &apos;object&apos;} = &lt;built-in method get of dict object at 0x000001EEC86BE630&gt;(&apos;Event&apos;)
 +            where &lt;built-in method get of dict object at 0x000001EEC86BE630&gt; = {&apos;Agent&apos;: {&apos;discriminator&apos;: {&apos;example&apos;: {&apos;address&apos;: &apos;python12.com&apos;, &apos;agent_id&apos;: 8, &apos;environment&apos;: &apos;Environment X&apos;, &apos;na..., &apos;properties&apos;: {&apos;group_id&apos;: {&apos;type&apos;: &apos;integer&apos;}, &apos;name&apos;: {&apos;maxLength&apos;: 20, &apos;type&apos;: &apos;string&apos;}}, &apos;type&apos;: &apos;object&apos;}, ...}.get
 +              where {&apos;Agent&apos;: {&apos;discriminator&apos;: {&apos;example&apos;: {&apos;address&apos;: &apos;python12.com&apos;, &apos;agent_id&apos;: 8, &apos;environment&apos;: &apos;Environment X&apos;, &apos;na..., &apos;properties&apos;: {&apos;group_id&apos;: {&apos;type&apos;: &apos;integer&apos;}, &apos;name&apos;: {&apos;maxLength&apos;: 20, &apos;type&apos;: &apos;string&apos;}}, &apos;type&apos;: &apos;object&apos;}, ...} = &lt;built-in method get of dict object at 0x000001EEC86BE678&gt;(&apos;types&apos;)
 +                where &lt;built-in method get of dict object at 0x000001EEC86BE678&gt; = {&apos;/agents&apos;: {&apos;/{id}&apos;: {&apos;delete&apos;: {&apos;description&apos;: &apos;Remoção de agente pelo id.&apos;, &apos;responses&apos;: {200: {&apos;body&apos;: {...}}, 401..., 401: {&apos;body&apos;: {&apos;application/json&apos;: &apos;{&quot;error&quot;: &quot;Senha de autenticação Incorreta.&quot;}\n&apos;}}}, &apos;securedBy&apos;: [&apos;JWT&apos;]}}, ...}.get">E   assert None
     +  where None = &lt;built-in method get of dict object at 0x000001EEC7F6C948&gt;(&apos;shelved&apos;)
     +    where &lt;built-in method get of dict object at 0x000001EEC7F6C948&gt; = {&apos;agent_id&apos;: {&apos;type&apos;: &apos;integer&apos;}, &apos;date&apos;: {&apos;type&apos;: &apos;datetime&apos;}, &apos;event_id&apos;: {&apos;type&apos;: &apos;integer&apos;}, &apos;level&apos;: {&apos;maxLength&apos;: 20, &apos;type&apos;: &apos;text&apos;}, ...}.get
     +      where {&apos;agent_id&apos;: {&apos;type&apos;: &apos;integer&apos;}, &apos;date&apos;: {&apos;type&apos;: &apos;datetime&apos;}, &apos;event_id&apos;: {&apos;type&apos;: &apos;integer&apos;}, &apos;level&apos;: {&apos;maxLength&apos;: 20, &apos;type&apos;: &apos;text&apos;}, ...} = &lt;built-in method get of dict object at 0x000001EEC7F6C090&gt;(&apos;properties&apos;)
     +        where &lt;built-in method get of dict object at 0x000001EEC7F6C090&gt; = {&apos;discriminator&apos;: None, &apos;example&apos;: {&apos;agent_id&apos;: 15, &apos;date&apos;: datetime.datetime(2020, 7, 1, 21, 0), &apos;event_id&apos;: 20, &apos;lev...ype&apos;: &apos;datetime&apos;}, &apos;event_id&apos;: {&apos;type&apos;: &apos;integer&apos;}, &apos;level&apos;: {&apos;maxLength&apos;: 20, &apos;type&apos;: &apos;text&apos;}, ...}, &apos;type&apos;: &apos;object&apos;}.get
     +          where {&apos;discriminator&apos;: None, &apos;example&apos;: {&apos;agent_id&apos;: 15, &apos;date&apos;: datetime.datetime(2020, 7, 1, 21, 0), &apos;event_id&apos;: 20, &apos;lev...ype&apos;: &apos;datetime&apos;}, &apos;event_id&apos;: {&apos;type&apos;: &apos;integer&apos;}, &apos;level&apos;: {&apos;maxLength&apos;: 20, &apos;type&apos;: &apos;text&apos;}, ...}, &apos;type&apos;: &apos;object&apos;} = &lt;built-in method get of dict object at 0x000001EEC86BE630&gt;(&apos;Event&apos;)
     +            where &lt;built-in method get of dict object at 0x000001EEC86BE630&gt; = {&apos;Agent&apos;: {&apos;discriminator&apos;: {&apos;example&apos;: {&apos;address&apos;: &apos;python12.com&apos;, &apos;agent_id&apos;: 8, &apos;environment&apos;: &apos;Environment X&apos;, &apos;na..., &apos;properties&apos;: {&apos;group_id&apos;: {&apos;type&apos;: &apos;integer&apos;}, &apos;name&apos;: {&apos;maxLength&apos;: 20, &apos;type&apos;: &apos;string&apos;}}, &apos;type&apos;: &apos;object&apos;}, ...}.get
     +              where {&apos;Agent&apos;: {&apos;discriminator&apos;: {&apos;example&apos;: {&apos;address&apos;: &apos;python12.com&apos;, &apos;agent_id&apos;: 8, &apos;environment&apos;: &apos;Environment X&apos;, &apos;na..., &apos;properties&apos;: {&apos;group_id&apos;: {&apos;type&apos;: &apos;integer&apos;}, &apos;name&apos;: {&apos;maxLength&apos;: 20, &apos;type&apos;: &apos;string&apos;}}, &apos;type&apos;: &apos;object&apos;}, ...} = &lt;built-in method get of dict object at 0x000001EEC86BE678&gt;(&apos;types&apos;)
     +                where &lt;built-in method get of dict object at 0x000001EEC86BE678&gt; = {&apos;/agents&apos;: {&apos;/{id}&apos;: {&apos;delete&apos;: {&apos;description&apos;: &apos;Remoção de agente pelo id.&apos;, &apos;responses&apos;: {200: {&apos;body&apos;: {...}}, 401..., 401: {&apos;body&apos;: {&apos;application/json&apos;: &apos;{&quot;error&quot;: &quot;Senha de autenticação Incorreta.&quot;}\n&apos;}}}, &apos;securedBy&apos;: [&apos;JWT&apos;]}}, ...}.get</failure></testcase><testcase classname="test_submit" file="test_submit.py" line="184" name="test_2480" time="0.0004878044128417969"></testcase><testcase classname="test_submit" file="test_submit.py" line="188" name="test_2020" time="0.0002219676971435547"></testcase><testcase classname="test_submit" file="test_submit.py" line="192" name="test_2830" time="0.0006434917449951172"></testcase><testcase classname="test_submit" file="test_submit.py" line="196" name="test_2765" time="0.004048585891723633"><failure message="assert None
 +  where None = &lt;built-in method get of dict object at 0x000001EEC7F6C990&gt;(&apos;data&apos;)
 +    where &lt;built-in method get of dict object at 0x000001EEC7F6C990&gt; = {&apos;agent_id&apos;: 15, &apos;date&apos;: datetime.datetime(2020, 7, 1, 21, 0), &apos;event_id&apos;: 20, &apos;level&apos;: &apos;Level example&apos;, ...}.get
 +      where {&apos;agent_id&apos;: 15, &apos;date&apos;: datetime.datetime(2020, 7, 1, 21, 0), &apos;event_id&apos;: 20, &apos;level&apos;: &apos;Level example&apos;, ...} = &lt;built-in method get of dict object at 0x000001EEC7F6C090&gt;(&apos;example&apos;)
 +        where &lt;built-in method get of dict object at 0x000001EEC7F6C090&gt; = {&apos;discriminator&apos;: None, &apos;example&apos;: {&apos;agent_id&apos;: 15, &apos;date&apos;: datetime.datetime(2020, 7, 1, 21, 0), &apos;event_id&apos;: 20, &apos;lev...ype&apos;: &apos;datetime&apos;}, &apos;event_id&apos;: {&apos;type&apos;: &apos;integer&apos;}, &apos;level&apos;: {&apos;maxLength&apos;: 20, &apos;type&apos;: &apos;text&apos;}, ...}, &apos;type&apos;: &apos;object&apos;}.get
 +          where {&apos;discriminator&apos;: None, &apos;example&apos;: {&apos;agent_id&apos;: 15, &apos;date&apos;: datetime.datetime(2020, 7, 1, 21, 0), &apos;event_id&apos;: 20, &apos;lev...ype&apos;: &apos;datetime&apos;}, &apos;event_id&apos;: {&apos;type&apos;: &apos;integer&apos;}, &apos;level&apos;: {&apos;maxLength&apos;: 20, &apos;type&apos;: &apos;text&apos;}, ...}, &apos;type&apos;: &apos;object&apos;} = &lt;built-in method get of dict object at 0x000001EEC86BE630&gt;(&apos;Event&apos;)
 +            where &lt;built-in method get of dict object at 0x000001EEC86BE630&gt; = {&apos;Agent&apos;: {&apos;discriminator&apos;: {&apos;example&apos;: {&apos;address&apos;: &apos;python12.com&apos;, &apos;agent_id&apos;: 8, &apos;environment&apos;: &apos;Environment X&apos;, &apos;na..., &apos;properties&apos;: {&apos;group_id&apos;: {&apos;type&apos;: &apos;integer&apos;}, &apos;name&apos;: {&apos;maxLength&apos;: 20, &apos;type&apos;: &apos;string&apos;}}, &apos;type&apos;: &apos;object&apos;}, ...}.get
 +              where {&apos;Agent&apos;: {&apos;discriminator&apos;: {&apos;example&apos;: {&apos;address&apos;: &apos;python12.com&apos;, &apos;agent_id&apos;: 8, &apos;environment&apos;: &apos;Environment X&apos;, &apos;na..., &apos;properties&apos;: {&apos;group_id&apos;: {&apos;type&apos;: &apos;integer&apos;}, &apos;name&apos;: {&apos;maxLength&apos;: 20, &apos;type&apos;: &apos;string&apos;}}, &apos;type&apos;: &apos;object&apos;}, ...} = &lt;built-in method get of dict object at 0x000001EEC86BE678&gt;(&apos;types&apos;)
 +                where &lt;built-in method get of dict object at 0x000001EEC86BE678&gt; = {&apos;/agents&apos;: {&apos;/{id}&apos;: {&apos;delete&apos;: {&apos;description&apos;: &apos;Remoção de agente pelo id.&apos;, &apos;responses&apos;: {200: {&apos;body&apos;: {...}}, 401..., 401: {&apos;body&apos;: {&apos;application/json&apos;: &apos;{&quot;error&quot;: &quot;Senha de autenticação Incorreta.&quot;}\n&apos;}}}, &apos;securedBy&apos;: [&apos;JWT&apos;]}}, ...}.get">E   assert None
     +  where None = &lt;built-in method get of dict object at 0x000001EEC7F6C990&gt;(&apos;data&apos;)
     +    where &lt;built-in method get of dict object at 0x000001EEC7F6C990&gt; = {&apos;agent_id&apos;: 15, &apos;date&apos;: datetime.datetime(2020, 7, 1, 21, 0), &apos;event_id&apos;: 20, &apos;level&apos;: &apos;Level example&apos;, ...}.get
     +      where {&apos;agent_id&apos;: 15, &apos;date&apos;: datetime.datetime(2020, 7, 1, 21, 0), &apos;event_id&apos;: 20, &apos;level&apos;: &apos;Level example&apos;, ...} = &lt;built-in method get of dict object at 0x000001EEC7F6C090&gt;(&apos;example&apos;)
     +        where &lt;built-in method get of dict object at 0x000001EEC7F6C090&gt; = {&apos;discriminator&apos;: None, &apos;example&apos;: {&apos;agent_id&apos;: 15, &apos;date&apos;: datetime.datetime(2020, 7, 1, 21, 0), &apos;event_id&apos;: 20, &apos;lev...ype&apos;: &apos;datetime&apos;}, &apos;event_id&apos;: {&apos;type&apos;: &apos;integer&apos;}, &apos;level&apos;: {&apos;maxLength&apos;: 20, &apos;type&apos;: &apos;text&apos;}, ...}, &apos;type&apos;: &apos;object&apos;}.get
     +          where {&apos;discriminator&apos;: None, &apos;example&apos;: {&apos;agent_id&apos;: 15, &apos;date&apos;: datetime.datetime(2020, 7, 1, 21, 0), &apos;event_id&apos;: 20, &apos;lev...ype&apos;: &apos;datetime&apos;}, &apos;event_id&apos;: {&apos;type&apos;: &apos;integer&apos;}, &apos;level&apos;: {&apos;maxLength&apos;: 20, &apos;type&apos;: &apos;text&apos;}, ...}, &apos;type&apos;: &apos;object&apos;} = &lt;built-in method get of dict object at 0x000001EEC86BE630&gt;(&apos;Event&apos;)
     +            where &lt;built-in method get of dict object at 0x000001EEC86BE630&gt; = {&apos;Agent&apos;: {&apos;discriminator&apos;: {&apos;example&apos;: {&apos;address&apos;: &apos;python12.com&apos;, &apos;agent_id&apos;: 8, &apos;environment&apos;: &apos;Environment X&apos;, &apos;na..., &apos;properties&apos;: {&apos;group_id&apos;: {&apos;type&apos;: &apos;integer&apos;}, &apos;name&apos;: {&apos;maxLength&apos;: 20, &apos;type&apos;: &apos;string&apos;}}, &apos;type&apos;: &apos;object&apos;}, ...}.get
     +              where {&apos;Agent&apos;: {&apos;discriminator&apos;: {&apos;example&apos;: {&apos;address&apos;: &apos;python12.com&apos;, &apos;agent_id&apos;: 8, &apos;environment&apos;: &apos;Environment X&apos;, &apos;na..., &apos;properties&apos;: {&apos;group_id&apos;: {&apos;type&apos;: &apos;integer&apos;}, &apos;name&apos;: {&apos;maxLength&apos;: 20, &apos;type&apos;: &apos;string&apos;}}, &apos;type&apos;: &apos;object&apos;}, ...} = &lt;built-in method get of dict object at 0x000001EEC86BE678&gt;(&apos;types&apos;)
     +                where &lt;built-in method get of dict object at 0x000001EEC86BE678&gt; = {&apos;/agents&apos;: {&apos;/{id}&apos;: {&apos;delete&apos;: {&apos;description&apos;: &apos;Remoção de agente pelo id.&apos;, &apos;responses&apos;: {200: {&apos;body&apos;: {...}}, 401..., 401: {&apos;body&apos;: {&apos;application/json&apos;: &apos;{&quot;error&quot;: &quot;Senha de autenticação Incorreta.&quot;}\n&apos;}}}, &apos;securedBy&apos;: [&apos;JWT&apos;]}}, ...}.get</failure></testcase><testcase classname="test_submit" file="test_submit.py" line="200" name="test_2055" time="0.0009965896606445312"></testcase><testcase classname="test_submit" file="test_submit.py" line="204" name="test_764" time="0.0001804828643798828"></testcase><testcase classname="test_submit" file="test_submit.py" line="208" name="test_1742" time="0.0006389617919921875"></testcase><testcase classname="test_submit" file="test_submit.py" line="212" name="test_1643" time="0.0020160675048828125"><failure message="assert None
 +  where None = &lt;built-in method get of dict object at 0x000001EEC7F6C2D0&gt;(&apos;discriminator&apos;)
 +    where &lt;built-in method get of dict object at 0x000001EEC7F6C2D0&gt; = {&apos;discriminator&apos;: None, &apos;example&apos;: {&apos;group_id&apos;: 27, &apos;name&apos;: &apos;Group example&apos;}, &apos;properties&apos;: {&apos;group_id&apos;: {&apos;type&apos;: &apos;integer&apos;}, &apos;name&apos;: {&apos;maxLength&apos;: 20, &apos;type&apos;: &apos;string&apos;}}, &apos;type&apos;: &apos;object&apos;}.get
 +      where {&apos;discriminator&apos;: None, &apos;example&apos;: {&apos;group_id&apos;: 27, &apos;name&apos;: &apos;Group example&apos;}, &apos;properties&apos;: {&apos;group_id&apos;: {&apos;type&apos;: &apos;integer&apos;}, &apos;name&apos;: {&apos;maxLength&apos;: 20, &apos;type&apos;: &apos;string&apos;}}, &apos;type&apos;: &apos;object&apos;} = &lt;built-in method get of dict object at 0x000001EEC86BE630&gt;(&apos;Group&apos;)
 +        where &lt;built-in method get of dict object at 0x000001EEC86BE630&gt; = {&apos;Agent&apos;: {&apos;discriminator&apos;: {&apos;example&apos;: {&apos;address&apos;: &apos;python12.com&apos;, &apos;agent_id&apos;: 8, &apos;environment&apos;: &apos;Environment X&apos;, &apos;na..., &apos;properties&apos;: {&apos;group_id&apos;: {&apos;type&apos;: &apos;integer&apos;}, &apos;name&apos;: {&apos;maxLength&apos;: 20, &apos;type&apos;: &apos;string&apos;}}, &apos;type&apos;: &apos;object&apos;}, ...}.get
 +          where {&apos;Agent&apos;: {&apos;discriminator&apos;: {&apos;example&apos;: {&apos;address&apos;: &apos;python12.com&apos;, &apos;agent_id&apos;: 8, &apos;environment&apos;: &apos;Environment X&apos;, &apos;na..., &apos;properties&apos;: {&apos;group_id&apos;: {&apos;type&apos;: &apos;integer&apos;}, &apos;name&apos;: {&apos;maxLength&apos;: 20, &apos;type&apos;: &apos;string&apos;}}, &apos;type&apos;: &apos;object&apos;}, ...} = &lt;built-in method get of dict object at 0x000001EEC86BE678&gt;(&apos;types&apos;)
 +            where &lt;built-in method get of dict object at 0x000001EEC86BE678&gt; = {&apos;/agents&apos;: {&apos;/{id}&apos;: {&apos;delete&apos;: {&apos;description&apos;: &apos;Remoção de agente pelo id.&apos;, &apos;responses&apos;: {200: {&apos;body&apos;: {...}}, 401..., 401: {&apos;body&apos;: {&apos;application/json&apos;: &apos;{&quot;error&quot;: &quot;Senha de autenticação Incorreta.&quot;}\n&apos;}}}, &apos;securedBy&apos;: [&apos;JWT&apos;]}}, ...}.get">E   assert None
     +  where None = &lt;built-in method get of dict object at 0x000001EEC7F6C2D0&gt;(&apos;discriminator&apos;)
     +    where &lt;built-in method get of dict object at 0x000001EEC7F6C2D0&gt; = {&apos;discriminator&apos;: None, &apos;example&apos;: {&apos;group_id&apos;: 27, &apos;name&apos;: &apos;Group example&apos;}, &apos;properties&apos;: {&apos;group_id&apos;: {&apos;type&apos;: &apos;integer&apos;}, &apos;name&apos;: {&apos;maxLength&apos;: 20, &apos;type&apos;: &apos;string&apos;}}, &apos;type&apos;: &apos;object&apos;}.get
     +      where {&apos;discriminator&apos;: None, &apos;example&apos;: {&apos;group_id&apos;: 27, &apos;name&apos;: &apos;Group example&apos;}, &apos;properties&apos;: {&apos;group_id&apos;: {&apos;type&apos;: &apos;integer&apos;}, &apos;name&apos;: {&apos;maxLength&apos;: 20, &apos;type&apos;: &apos;string&apos;}}, &apos;type&apos;: &apos;object&apos;} = &lt;built-in method get of dict object at 0x000001EEC86BE630&gt;(&apos;Group&apos;)
     +        where &lt;built-in method get of dict object at 0x000001EEC86BE630&gt; = {&apos;Agent&apos;: {&apos;discriminator&apos;: {&apos;example&apos;: {&apos;address&apos;: &apos;python12.com&apos;, &apos;agent_id&apos;: 8, &apos;environment&apos;: &apos;Environment X&apos;, &apos;na..., &apos;properties&apos;: {&apos;group_id&apos;: {&apos;type&apos;: &apos;integer&apos;}, &apos;name&apos;: {&apos;maxLength&apos;: 20, &apos;type&apos;: &apos;string&apos;}}, &apos;type&apos;: &apos;object&apos;}, ...}.get
     +          where {&apos;Agent&apos;: {&apos;discriminator&apos;: {&apos;example&apos;: {&apos;address&apos;: &apos;python12.com&apos;, &apos;agent_id&apos;: 8, &apos;environment&apos;: &apos;Environment X&apos;, &apos;na..., &apos;properties&apos;: {&apos;group_id&apos;: {&apos;type&apos;: &apos;integer&apos;}, &apos;name&apos;: {&apos;maxLength&apos;: 20, &apos;type&apos;: &apos;string&apos;}}, &apos;type&apos;: &apos;object&apos;}, ...} = &lt;built-in method get of dict object at 0x000001EEC86BE678&gt;(&apos;types&apos;)
     +            where &lt;built-in method get of dict object at 0x000001EEC86BE678&gt; = {&apos;/agents&apos;: {&apos;/{id}&apos;: {&apos;delete&apos;: {&apos;description&apos;: &apos;Remoção de agente pelo id.&apos;, &apos;responses&apos;: {200: {&apos;body&apos;: {...}}, 401..., 401: {&apos;body&apos;: {&apos;application/json&apos;: &apos;{&quot;error&quot;: &quot;Senha de autenticação Incorreta.&quot;}\n&apos;}}}, &apos;securedBy&apos;: [&apos;JWT&apos;]}}, ...}.get</failure></testcase><testcase classname="test_submit" file="test_submit.py" line="216" name="test_1790" time="0.0013036727905273438"></testcase><testcase classname="test_submit" file="test_submit.py" line="224" name="test_2015" time="0.0009622573852539062"></testcase><testcase classname="test_submit" file="test_submit.py" line="228" name="test_1232" time="0.0010139942169189453"></testcase><testcase classname="test_submit" file="test_submit.py" line="232" name="test_2845" time="0.000997781753540039"></testcase><testcase classname="test_submit" file="test_submit.py" line="240" name="test_502" time="0.0020334720611572266"></testcase><testcase classname="test_submit" file="test_submit.py" line="244" name="test_1325" time="0.0003600120544433594"></testcase><testcase classname="test_submit" file="test_submit.py" line="248" name="test_1670" time="0.002029895782470703"><failure message="assert None
 +  where None = &lt;built-in method get of dict object at 0x000001EEC7F6C288&gt;(&apos;discriminator&apos;)
 +    where &lt;built-in method get of dict object at 0x000001EEC7F6C288&gt; = {&apos;discriminator&apos;: None, &apos;example&apos;: {&apos;email&apos;: &apos;python12@email.com&apos;, &apos;last_login&apos;: None, &apos;name&apos;: &apos;User example&apos;, &apos;passwo..., &apos;name&apos;: {&apos;maxLength&apos;: 50, &apos;type&apos;: &apos;string&apos;}, &apos;password&apos;: {&apos;maxLength&apos;: 50, &apos;type&apos;: &apos;string&apos;}, ...}, &apos;type&apos;: &apos;object&apos;}.get
 +      where {&apos;discriminator&apos;: None, &apos;example&apos;: {&apos;email&apos;: &apos;python12@email.com&apos;, &apos;last_login&apos;: None, &apos;name&apos;: &apos;User example&apos;, &apos;passwo..., &apos;name&apos;: {&apos;maxLength&apos;: 50, &apos;type&apos;: &apos;string&apos;}, &apos;password&apos;: {&apos;maxLength&apos;: 50, &apos;type&apos;: &apos;string&apos;}, ...}, &apos;type&apos;: &apos;object&apos;} = &lt;built-in method get of dict object at 0x000001EEC86BE630&gt;(&apos;User&apos;)
 +        where &lt;built-in method get of dict object at 0x000001EEC86BE630&gt; = {&apos;Agent&apos;: {&apos;discriminator&apos;: {&apos;example&apos;: {&apos;address&apos;: &apos;python12.com&apos;, &apos;agent_id&apos;: 8, &apos;environment&apos;: &apos;Environment X&apos;, &apos;na..., &apos;properties&apos;: {&apos;group_id&apos;: {&apos;type&apos;: &apos;integer&apos;}, &apos;name&apos;: {&apos;maxLength&apos;: 20, &apos;type&apos;: &apos;string&apos;}}, &apos;type&apos;: &apos;object&apos;}, ...}.get
 +          where {&apos;Agent&apos;: {&apos;discriminator&apos;: {&apos;example&apos;: {&apos;address&apos;: &apos;python12.com&apos;, &apos;agent_id&apos;: 8, &apos;environment&apos;: &apos;Environment X&apos;, &apos;na..., &apos;properties&apos;: {&apos;group_id&apos;: {&apos;type&apos;: &apos;integer&apos;}, &apos;name&apos;: {&apos;maxLength&apos;: 20, &apos;type&apos;: &apos;string&apos;}}, &apos;type&apos;: &apos;object&apos;}, ...} = &lt;built-in method get of dict object at 0x000001EEC86BE678&gt;(&apos;types&apos;)
 +            where &lt;built-in method get of dict object at 0x000001EEC86BE678&gt; = {&apos;/agents&apos;: {&apos;/{id}&apos;: {&apos;delete&apos;: {&apos;description&apos;: &apos;Remoção de agente pelo id.&apos;, &apos;responses&apos;: {200: {&apos;body&apos;: {...}}, 401..., 401: {&apos;body&apos;: {&apos;application/json&apos;: &apos;{&quot;error&quot;: &quot;Senha de autenticação Incorreta.&quot;}\n&apos;}}}, &apos;securedBy&apos;: [&apos;JWT&apos;]}}, ...}.get">E   assert None
     +  where None = &lt;built-in method get of dict object at 0x000001EEC7F6C288&gt;(&apos;discriminator&apos;)
     +    where &lt;built-in method get of dict object at 0x000001EEC7F6C288&gt; = {&apos;discriminator&apos;: None, &apos;example&apos;: {&apos;email&apos;: &apos;python12@email.com&apos;, &apos;last_login&apos;: None, &apos;name&apos;: &apos;User example&apos;, &apos;passwo..., &apos;name&apos;: {&apos;maxLength&apos;: 50, &apos;type&apos;: &apos;string&apos;}, &apos;password&apos;: {&apos;maxLength&apos;: 50, &apos;type&apos;: &apos;string&apos;}, ...}, &apos;type&apos;: &apos;object&apos;}.get
     +      where {&apos;discriminator&apos;: None, &apos;example&apos;: {&apos;email&apos;: &apos;python12@email.com&apos;, &apos;last_login&apos;: None, &apos;name&apos;: &apos;User example&apos;, &apos;passwo..., &apos;name&apos;: {&apos;maxLength&apos;: 50, &apos;type&apos;: &apos;string&apos;}, &apos;password&apos;: {&apos;maxLength&apos;: 50, &apos;type&apos;: &apos;string&apos;}, ...}, &apos;type&apos;: &apos;object&apos;} = &lt;built-in method get of dict object at 0x000001EEC86BE630&gt;(&apos;User&apos;)
     +        where &lt;built-in method get of dict object at 0x000001EEC86BE630&gt; = {&apos;Agent&apos;: {&apos;discriminator&apos;: {&apos;example&apos;: {&apos;address&apos;: &apos;python12.com&apos;, &apos;agent_id&apos;: 8, &apos;environment&apos;: &apos;Environment X&apos;, &apos;na..., &apos;properties&apos;: {&apos;group_id&apos;: {&apos;type&apos;: &apos;integer&apos;}, &apos;name&apos;: {&apos;maxLength&apos;: 20, &apos;type&apos;: &apos;string&apos;}}, &apos;type&apos;: &apos;object&apos;}, ...}.get
     +          where {&apos;Agent&apos;: {&apos;discriminator&apos;: {&apos;example&apos;: {&apos;address&apos;: &apos;python12.com&apos;, &apos;agent_id&apos;: 8, &apos;environment&apos;: &apos;Environment X&apos;, &apos;na..., &apos;properties&apos;: {&apos;group_id&apos;: {&apos;type&apos;: &apos;integer&apos;}, &apos;name&apos;: {&apos;maxLength&apos;: 20, &apos;type&apos;: &apos;string&apos;}}, &apos;type&apos;: &apos;object&apos;}, ...} = &lt;built-in method get of dict object at 0x000001EEC86BE678&gt;(&apos;types&apos;)
     +            where &lt;built-in method get of dict object at 0x000001EEC86BE678&gt; = {&apos;/agents&apos;: {&apos;/{id}&apos;: {&apos;delete&apos;: {&apos;description&apos;: &apos;Remoção de agente pelo id.&apos;, &apos;responses&apos;: {200: {&apos;body&apos;: {...}}, 401..., 401: {&apos;body&apos;: {&apos;application/json&apos;: &apos;{&quot;error&quot;: &quot;Senha de autenticação Incorreta.&quot;}\n&apos;}}}, &apos;securedBy&apos;: [&apos;JWT&apos;]}}, ...}.get</failure></testcase><testcase classname="test_submit" file="test_submit.py" line="252" name="test_1091" time="0.0015451908111572266"></testcase><testcase classname="test_submit" file="test_submit.py" line="256" name="test_2455" time="0.00099945068359375"></testcase><testcase classname="test_submit" file="test_submit.py" line="260" name="test_2975" time="0.0009548664093017578"></testcase><testcase classname="test_submit" file="test_submit.py" line="264" name="test_2230" time="0.0014057159423828125"></testcase><testcase classname="test_submit" file="test_submit.py" line="272" name="test_2670" time="0.0039882659912109375"><failure message="assert None
 +  where None = &lt;built-in method get of dict object at 0x000001EEC7F6CA68&gt;(&apos;group_id&apos;)
 +    where &lt;built-in method get of dict object at 0x000001EEC7F6CA68&gt; = {&apos;email&apos;: {&apos;maxLength&apos;: 254, &apos;type&apos;: &apos;string&apos;}, &apos;last_login&apos;: {&apos;type&apos;: &apos;datetime&apos;}, &apos;name&apos;: {&apos;maxLength&apos;: 50, &apos;type&apos;: &apos;string&apos;}, &apos;password&apos;: {&apos;maxLength&apos;: 50, &apos;type&apos;: &apos;string&apos;}, ...}.get
 +      where {&apos;email&apos;: {&apos;maxLength&apos;: 254, &apos;type&apos;: &apos;string&apos;}, &apos;last_login&apos;: {&apos;type&apos;: &apos;datetime&apos;}, &apos;name&apos;: {&apos;maxLength&apos;: 50, &apos;type&apos;: &apos;string&apos;}, &apos;password&apos;: {&apos;maxLength&apos;: 50, &apos;type&apos;: &apos;string&apos;}, ...} = &lt;built-in method get of dict object at 0x000001EEC7F6C288&gt;(&apos;properties&apos;)
 +        where &lt;built-in method get of dict object at 0x000001EEC7F6C288&gt; = {&apos;discriminator&apos;: None, &apos;example&apos;: {&apos;email&apos;: &apos;python12@email.com&apos;, &apos;last_login&apos;: None, &apos;name&apos;: &apos;User example&apos;, &apos;passwo..., &apos;name&apos;: {&apos;maxLength&apos;: 50, &apos;type&apos;: &apos;string&apos;}, &apos;password&apos;: {&apos;maxLength&apos;: 50, &apos;type&apos;: &apos;string&apos;}, ...}, &apos;type&apos;: &apos;object&apos;}.get
 +          where {&apos;discriminator&apos;: None, &apos;example&apos;: {&apos;email&apos;: &apos;python12@email.com&apos;, &apos;last_login&apos;: None, &apos;name&apos;: &apos;User example&apos;, &apos;passwo..., &apos;name&apos;: {&apos;maxLength&apos;: 50, &apos;type&apos;: &apos;string&apos;}, &apos;password&apos;: {&apos;maxLength&apos;: 50, &apos;type&apos;: &apos;string&apos;}, ...}, &apos;type&apos;: &apos;object&apos;} = &lt;built-in method get of dict object at 0x000001EEC86BE630&gt;(&apos;User&apos;)
 +            where &lt;built-in method get of dict object at 0x000001EEC86BE630&gt; = {&apos;Agent&apos;: {&apos;discriminator&apos;: {&apos;example&apos;: {&apos;address&apos;: &apos;python12.com&apos;, &apos;agent_id&apos;: 8, &apos;environment&apos;: &apos;Environment X&apos;, &apos;na..., &apos;properties&apos;: {&apos;group_id&apos;: {&apos;type&apos;: &apos;integer&apos;}, &apos;name&apos;: {&apos;maxLength&apos;: 20, &apos;type&apos;: &apos;string&apos;}}, &apos;type&apos;: &apos;object&apos;}, ...}.get
 +              where {&apos;Agent&apos;: {&apos;discriminator&apos;: {&apos;example&apos;: {&apos;address&apos;: &apos;python12.com&apos;, &apos;agent_id&apos;: 8, &apos;environment&apos;: &apos;Environment X&apos;, &apos;na..., &apos;properties&apos;: {&apos;group_id&apos;: {&apos;type&apos;: &apos;integer&apos;}, &apos;name&apos;: {&apos;maxLength&apos;: 20, &apos;type&apos;: &apos;string&apos;}}, &apos;type&apos;: &apos;object&apos;}, ...} = &lt;built-in method get of dict object at 0x000001EEC86BE678&gt;(&apos;types&apos;)
 +                where &lt;built-in method get of dict object at 0x000001EEC86BE678&gt; = {&apos;/agents&apos;: {&apos;/{id}&apos;: {&apos;delete&apos;: {&apos;description&apos;: &apos;Remoção de agente pelo id.&apos;, &apos;responses&apos;: {200: {&apos;body&apos;: {...}}, 401..., 401: {&apos;body&apos;: {&apos;application/json&apos;: &apos;{&quot;error&quot;: &quot;Senha de autenticação Incorreta.&quot;}\n&apos;}}}, &apos;securedBy&apos;: [&apos;JWT&apos;]}}, ...}.get">E   assert None
     +  where None = &lt;built-in method get of dict object at 0x000001EEC7F6CA68&gt;(&apos;group_id&apos;)
     +    where &lt;built-in method get of dict object at 0x000001EEC7F6CA68&gt; = {&apos;email&apos;: {&apos;maxLength&apos;: 254, &apos;type&apos;: &apos;string&apos;}, &apos;last_login&apos;: {&apos;type&apos;: &apos;datetime&apos;}, &apos;name&apos;: {&apos;maxLength&apos;: 50, &apos;type&apos;: &apos;string&apos;}, &apos;password&apos;: {&apos;maxLength&apos;: 50, &apos;type&apos;: &apos;string&apos;}, ...}.get
     +      where {&apos;email&apos;: {&apos;maxLength&apos;: 254, &apos;type&apos;: &apos;string&apos;}, &apos;last_login&apos;: {&apos;type&apos;: &apos;datetime&apos;}, &apos;name&apos;: {&apos;maxLength&apos;: 50, &apos;type&apos;: &apos;string&apos;}, &apos;password&apos;: {&apos;maxLength&apos;: 50, &apos;type&apos;: &apos;string&apos;}, ...} = &lt;built-in method get of dict object at 0x000001EEC7F6C288&gt;(&apos;properties&apos;)
     +        where &lt;built-in method get of dict object at 0x000001EEC7F6C288&gt; = {&apos;discriminator&apos;: None, &apos;example&apos;: {&apos;email&apos;: &apos;python12@email.com&apos;, &apos;last_login&apos;: None, &apos;name&apos;: &apos;User example&apos;, &apos;passwo..., &apos;name&apos;: {&apos;maxLength&apos;: 50, &apos;type&apos;: &apos;string&apos;}, &apos;password&apos;: {&apos;maxLength&apos;: 50, &apos;type&apos;: &apos;string&apos;}, ...}, &apos;type&apos;: &apos;object&apos;}.get
     +          where {&apos;discriminator&apos;: None, &apos;example&apos;: {&apos;email&apos;: &apos;python12@email.com&apos;, &apos;last_login&apos;: None, &apos;name&apos;: &apos;User example&apos;, &apos;passwo..., &apos;name&apos;: {&apos;maxLength&apos;: 50, &apos;type&apos;: &apos;string&apos;}, &apos;password&apos;: {&apos;maxLength&apos;: 50, &apos;type&apos;: &apos;string&apos;}, ...}, &apos;type&apos;: &apos;object&apos;} = &lt;built-in method get of dict object at 0x000001EEC86BE630&gt;(&apos;User&apos;)
     +            where &lt;built-in method get of dict object at 0x000001EEC86BE630&gt; = {&apos;Agent&apos;: {&apos;discriminator&apos;: {&apos;example&apos;: {&apos;address&apos;: &apos;python12.com&apos;, &apos;agent_id&apos;: 8, &apos;environment&apos;: &apos;Environment X&apos;, &apos;na..., &apos;properties&apos;: {&apos;group_id&apos;: {&apos;type&apos;: &apos;integer&apos;}, &apos;name&apos;: {&apos;maxLength&apos;: 20, &apos;type&apos;: &apos;string&apos;}}, &apos;type&apos;: &apos;object&apos;}, ...}.get
     +              where {&apos;Agent&apos;: {&apos;discriminator&apos;: {&apos;example&apos;: {&apos;address&apos;: &apos;python12.com&apos;, &apos;agent_id&apos;: 8, &apos;environment&apos;: &apos;Environment X&apos;, &apos;na..., &apos;properties&apos;: {&apos;group_id&apos;: {&apos;type&apos;: &apos;integer&apos;}, &apos;name&apos;: {&apos;maxLength&apos;: 20, &apos;type&apos;: &apos;string&apos;}}, &apos;type&apos;: &apos;object&apos;}, ...} = &lt;built-in method get of dict object at 0x000001EEC86BE678&gt;(&apos;types&apos;)
     +                where &lt;built-in method get of dict object at 0x000001EEC86BE678&gt; = {&apos;/agents&apos;: {&apos;/{id}&apos;: {&apos;delete&apos;: {&apos;description&apos;: &apos;Remoção de agente pelo id.&apos;, &apos;responses&apos;: {200: {&apos;body&apos;: {...}}, 401..., 401: {&apos;body&apos;: {&apos;application/json&apos;: &apos;{&quot;error&quot;: &quot;Senha de autenticação Incorreta.&quot;}\n&apos;}}}, &apos;securedBy&apos;: [&apos;JWT&apos;]}}, ...}.get</failure></testcase><testcase classname="test_submit" file="test_submit.py" line="276" name="test_638" time="0.00042319297790527344"></testcase><testcase classname="test_submit" file="test_submit.py" line="280" name="test_1358" time="0.003110170364379883"><failure message="assert None
 +  where None = &lt;built-in method get of dict object at 0x000001EEC7F6C168&gt;(&apos;description&apos;)
 +    where &lt;built-in method get of dict object at 0x000001EEC7F6C168&gt; = {&apos;body&apos;: {&apos;application/json&apos;: {&apos;properties&apos;: {&apos;name&apos;: {&apos;maxLength&apos;: 50, &apos;type&apos;: &apos;string&apos;}, &apos;password&apos;: {&apos;maxLength&apos;: 5.../json&apos;: {&apos;type&apos;: &apos;Auth&apos;}}}, 400: {&apos;body&apos;: {&apos;application/json&apos;: {&apos;example&apos;: &apos;{&quot;error&quot;: &quot;Solicitação Incorreta.&quot;}\n&apos;}}}}}.get
 +      where {&apos;body&apos;: {&apos;application/json&apos;: {&apos;properties&apos;: {&apos;name&apos;: {&apos;maxLength&apos;: 50, &apos;type&apos;: &apos;string&apos;}, &apos;password&apos;: {&apos;maxLength&apos;: 5.../json&apos;: {&apos;type&apos;: &apos;Auth&apos;}}}, 400: {&apos;body&apos;: {&apos;application/json&apos;: {&apos;example&apos;: &apos;{&quot;error&quot;: &quot;Solicitação Incorreta.&quot;}\n&apos;}}}}} = &lt;built-in method get of dict object at 0x000001EEC7F6C510&gt;(&apos;post&apos;)
 +        where &lt;built-in method get of dict object at 0x000001EEC7F6C510&gt; = {&apos;description&apos;: &apos;Obter o token de autenticação.&apos;, &apos;post&apos;: {&apos;body&apos;: {&apos;application/json&apos;: {&apos;properties&apos;: {&apos;name&apos;: {&apos;maxL...json&apos;: {&apos;type&apos;: &apos;Auth&apos;}}}, 400: {&apos;body&apos;: {&apos;application/json&apos;: {&apos;example&apos;: &apos;{&quot;error&quot;: &quot;Solicitação Incorreta.&quot;}\n&apos;}}}}}}.get
 +          where {&apos;description&apos;: &apos;Obter o token de autenticação.&apos;, &apos;post&apos;: {&apos;body&apos;: {&apos;application/json&apos;: {&apos;properties&apos;: {&apos;name&apos;: {&apos;maxL...json&apos;: {&apos;type&apos;: &apos;Auth&apos;}}}, 400: {&apos;body&apos;: {&apos;application/json&apos;: {&apos;example&apos;: &apos;{&quot;error&quot;: &quot;Solicitação Incorreta.&quot;}\n&apos;}}}}}} = &lt;built-in method get of dict object at 0x000001EEC86BE678&gt;(&apos;/auth/token&apos;)
 +            where &lt;built-in method get of dict object at 0x000001EEC86BE678&gt; = {&apos;/agents&apos;: {&apos;/{id}&apos;: {&apos;delete&apos;: {&apos;description&apos;: &apos;Remoção de agente pelo id.&apos;, &apos;responses&apos;: {200: {&apos;body&apos;: {...}}, 401..., 401: {&apos;body&apos;: {&apos;application/json&apos;: &apos;{&quot;error&quot;: &quot;Senha de autenticação Incorreta.&quot;}\n&apos;}}}, &apos;securedBy&apos;: [&apos;JWT&apos;]}}, ...}.get">E   assert None
     +  where None = &lt;built-in method get of dict object at 0x000001EEC7F6C168&gt;(&apos;description&apos;)
     +    where &lt;built-in method get of dict object at 0x000001EEC7F6C168&gt; = {&apos;body&apos;: {&apos;application/json&apos;: {&apos;properties&apos;: {&apos;name&apos;: {&apos;maxLength&apos;: 50, &apos;type&apos;: &apos;string&apos;}, &apos;password&apos;: {&apos;maxLength&apos;: 5.../json&apos;: {&apos;type&apos;: &apos;Auth&apos;}}}, 400: {&apos;body&apos;: {&apos;application/json&apos;: {&apos;example&apos;: &apos;{&quot;error&quot;: &quot;Solicitação Incorreta.&quot;}\n&apos;}}}}}.get
     +      where {&apos;body&apos;: {&apos;application/json&apos;: {&apos;properties&apos;: {&apos;name&apos;: {&apos;maxLength&apos;: 50, &apos;type&apos;: &apos;string&apos;}, &apos;password&apos;: {&apos;maxLength&apos;: 5.../json&apos;: {&apos;type&apos;: &apos;Auth&apos;}}}, 400: {&apos;body&apos;: {&apos;application/json&apos;: {&apos;example&apos;: &apos;{&quot;error&quot;: &quot;Solicitação Incorreta.&quot;}\n&apos;}}}}} = &lt;built-in method get of dict object at 0x000001EEC7F6C510&gt;(&apos;post&apos;)
     +        where &lt;built-in method get of dict object at 0x000001EEC7F6C510&gt; = {&apos;description&apos;: &apos;Obter o token de autenticação.&apos;, &apos;post&apos;: {&apos;body&apos;: {&apos;application/json&apos;: {&apos;properties&apos;: {&apos;name&apos;: {&apos;maxL...json&apos;: {&apos;type&apos;: &apos;Auth&apos;}}}, 400: {&apos;body&apos;: {&apos;application/json&apos;: {&apos;example&apos;: &apos;{&quot;error&quot;: &quot;Solicitação Incorreta.&quot;}\n&apos;}}}}}}.get
     +          where {&apos;description&apos;: &apos;Obter o token de autenticação.&apos;, &apos;post&apos;: {&apos;body&apos;: {&apos;application/json&apos;: {&apos;properties&apos;: {&apos;name&apos;: {&apos;maxL...json&apos;: {&apos;type&apos;: &apos;Auth&apos;}}}, 400: {&apos;body&apos;: {&apos;application/json&apos;: {&apos;example&apos;: &apos;{&quot;error&quot;: &quot;Solicitação Incorreta.&quot;}\n&apos;}}}}}} = &lt;built-in method get of dict object at 0x000001EEC86BE678&gt;(&apos;/auth/token&apos;)
     +            where &lt;built-in method get of dict object at 0x000001EEC86BE678&gt; = {&apos;/agents&apos;: {&apos;/{id}&apos;: {&apos;delete&apos;: {&apos;description&apos;: &apos;Remoção de agente pelo id.&apos;, &apos;responses&apos;: {200: {&apos;body&apos;: {...}}, 401..., 401: {&apos;body&apos;: {&apos;application/json&apos;: &apos;{&quot;error&quot;: &quot;Senha de autenticação Incorreta.&quot;}\n&apos;}}}, &apos;securedBy&apos;: [&apos;JWT&apos;]}}, ...}.get</failure></testcase><testcase classname="test_submit" file="test_submit.py" line="288" name="test_2365" time="0.0009970664978027344"></testcase><testcase classname="test_submit" file="test_submit.py" line="292" name="test_2715" time="0.0024781227111816406"><failure message="assert None
 +  where None = &lt;built-in method get of dict object at 0x000001EEC7F746C0&gt;(&apos;username&apos;)
 +    where &lt;built-in method get of dict object at 0x000001EEC7F746C0&gt; = {&apos;properties&apos;: {&apos;name&apos;: {&apos;maxLength&apos;: 50, &apos;type&apos;: &apos;string&apos;}, &apos;password&apos;: {&apos;maxLength&apos;: 50, &apos;type&apos;: &apos;string&apos;}}}.get
 +      where {&apos;properties&apos;: {&apos;name&apos;: {&apos;maxLength&apos;: 50, &apos;type&apos;: &apos;string&apos;}, &apos;password&apos;: {&apos;maxLength&apos;: 50, &apos;type&apos;: &apos;string&apos;}}} = &lt;built-in method get of dict object at 0x000001EEC7F6CAF8&gt;(&apos;application/json&apos;)
 +        where &lt;built-in method get of dict object at 0x000001EEC7F6CAF8&gt; = {&apos;application/json&apos;: {&apos;properties&apos;: {&apos;name&apos;: {&apos;maxLength&apos;: 50, &apos;type&apos;: &apos;string&apos;}, &apos;password&apos;: {&apos;maxLength&apos;: 50, &apos;type&apos;: &apos;string&apos;}}}}.get
 +          where {&apos;application/json&apos;: {&apos;properties&apos;: {&apos;name&apos;: {&apos;maxLength&apos;: 50, &apos;type&apos;: &apos;string&apos;}, &apos;password&apos;: {&apos;maxLength&apos;: 50, &apos;type&apos;: &apos;string&apos;}}}} = &lt;built-in method get of dict object at 0x000001EEC7F6C168&gt;(&apos;body&apos;)
 +            where &lt;built-in method get of dict object at 0x000001EEC7F6C168&gt; = {&apos;body&apos;: {&apos;application/json&apos;: {&apos;properties&apos;: {&apos;name&apos;: {&apos;maxLength&apos;: 50, &apos;type&apos;: &apos;string&apos;}, &apos;password&apos;: {&apos;maxLength&apos;: 5.../json&apos;: {&apos;type&apos;: &apos;Auth&apos;}}}, 400: {&apos;body&apos;: {&apos;application/json&apos;: {&apos;example&apos;: &apos;{&quot;error&quot;: &quot;Solicitação Incorreta.&quot;}\n&apos;}}}}}.get
 +              where {&apos;body&apos;: {&apos;application/json&apos;: {&apos;properties&apos;: {&apos;name&apos;: {&apos;maxLength&apos;: 50, &apos;type&apos;: &apos;string&apos;}, &apos;password&apos;: {&apos;maxLength&apos;: 5.../json&apos;: {&apos;type&apos;: &apos;Auth&apos;}}}, 400: {&apos;body&apos;: {&apos;application/json&apos;: {&apos;example&apos;: &apos;{&quot;error&quot;: &quot;Solicitação Incorreta.&quot;}\n&apos;}}}}} = &lt;built-in method get of dict object at 0x000001EEC7F6C510&gt;(&apos;post&apos;)
 +                where &lt;built-in method get of dict object at 0x000001EEC7F6C510&gt; = {&apos;description&apos;: &apos;Obter o token de autenticação.&apos;, &apos;post&apos;: {&apos;body&apos;: {&apos;application/json&apos;: {&apos;properties&apos;: {&apos;name&apos;: {&apos;maxL...json&apos;: {&apos;type&apos;: &apos;Auth&apos;}}}, 400: {&apos;body&apos;: {&apos;application/json&apos;: {&apos;example&apos;: &apos;{&quot;error&quot;: &quot;Solicitação Incorreta.&quot;}\n&apos;}}}}}}.get
 +                  where {&apos;description&apos;: &apos;Obter o token de autenticação.&apos;, &apos;post&apos;: {&apos;body&apos;: {&apos;application/json&apos;: {&apos;properties&apos;: {&apos;name&apos;: {&apos;maxL...json&apos;: {&apos;type&apos;: &apos;Auth&apos;}}}, 400: {&apos;body&apos;: {&apos;application/json&apos;: {&apos;example&apos;: &apos;{&quot;error&quot;: &quot;Solicitação Incorreta.&quot;}\n&apos;}}}}}} = &lt;built-in method get of dict object at 0x000001EEC86BE678&gt;(&apos;/auth/token&apos;)
 +                    where &lt;built-in method get of dict object at 0x000001EEC86BE678&gt; = {&apos;/agents&apos;: {&apos;/{id}&apos;: {&apos;delete&apos;: {&apos;description&apos;: &apos;Remoção de agente pelo id.&apos;, &apos;responses&apos;: {200: {&apos;body&apos;: {...}}, 401..., 401: {&apos;body&apos;: {&apos;application/json&apos;: &apos;{&quot;error&quot;: &quot;Senha de autenticação Incorreta.&quot;}\n&apos;}}}, &apos;securedBy&apos;: [&apos;JWT&apos;]}}, ...}.get">E   assert None
     +  where None = &lt;built-in method get of dict object at 0x000001EEC7F746C0&gt;(&apos;username&apos;)
     +    where &lt;built-in method get of dict object at 0x000001EEC7F746C0&gt; = {&apos;properties&apos;: {&apos;name&apos;: {&apos;maxLength&apos;: 50, &apos;type&apos;: &apos;string&apos;}, &apos;password&apos;: {&apos;maxLength&apos;: 50, &apos;type&apos;: &apos;string&apos;}}}.get
     +      where {&apos;properties&apos;: {&apos;name&apos;: {&apos;maxLength&apos;: 50, &apos;type&apos;: &apos;string&apos;}, &apos;password&apos;: {&apos;maxLength&apos;: 50, &apos;type&apos;: &apos;string&apos;}}} = &lt;built-in method get of dict object at 0x000001EEC7F6CAF8&gt;(&apos;application/json&apos;)
     +        where &lt;built-in method get of dict object at 0x000001EEC7F6CAF8&gt; = {&apos;application/json&apos;: {&apos;properties&apos;: {&apos;name&apos;: {&apos;maxLength&apos;: 50, &apos;type&apos;: &apos;string&apos;}, &apos;password&apos;: {&apos;maxLength&apos;: 50, &apos;type&apos;: &apos;string&apos;}}}}.get
[...]
     +    where &lt;built-in method get of dict object at 0x000001EEC7F74AF8&gt; = {&apos;application/json&apos;: &apos;Event[]&apos;}.get
     +      where {&apos;application/json&apos;: &apos;Event[]&apos;} = &lt;built-in method get of dict object at 0x000001EEC7F6CE10&gt;(&apos;body&apos;)
     +        where &lt;built-in method get of dict object at 0x000001EEC7F6CE10&gt; = {&apos;body&apos;: {&apos;application/json&apos;: &apos;Event[]&apos;}, &apos;description&apos;: &apos;Remoção de mais de um evento de um agente específico.&apos;, &apos;res...icação Incorreta.&quot;}\n&apos;}}, 404: {&apos;body&apos;: {&apos;application/json&apos;: &apos;{&quot;error&quot;: &quot;Não encontrado.&quot;}\n&apos;}}}, &apos;securedBy&apos;: [&apos;JWT&apos;]}.get
     +          where {&apos;body&apos;: {&apos;application/json&apos;: &apos;Event[]&apos;}, &apos;description&apos;: &apos;Remoção de mais de um evento de um agente específico.&apos;, &apos;res...icação Incorreta.&quot;}\n&apos;}}, 404: {&apos;body&apos;: {&apos;application/json&apos;: &apos;{&quot;error&quot;: &quot;Não encontrado.&quot;}\n&apos;}}}, &apos;securedBy&apos;: [&apos;JWT&apos;]} = &lt;built-in method get of dict object at 0x000001EEC7F6C678&gt;(&apos;delete&apos;)
     +            where &lt;built-in method get of dict object at 0x000001EEC7F6C678&gt; = {&apos;delete&apos;: {&apos;body&apos;: {&apos;application/json&apos;: &apos;Event[]&apos;}, &apos;description&apos;: &apos;Remoção de mais de um evento de um agente específ...cação Incorreta.&quot;}\n&apos;}}, 404: {&apos;body&apos;: {&apos;application/json&apos;: &apos;{&quot;error&quot;: &quot;Não encontrado.&quot;}\n&apos;}}}, &apos;securedBy&apos;: [&apos;JWT&apos;]}}.get
     +              where {&apos;delete&apos;: {&apos;body&apos;: {&apos;application/json&apos;: &apos;Event[]&apos;}, &apos;description&apos;: &apos;Remoção de mais de um evento de um agente específ...cação Incorreta.&quot;}\n&apos;}}, 404: {&apos;body&apos;: {&apos;application/json&apos;: &apos;{&quot;error&quot;: &quot;Não encontrado.&quot;}\n&apos;}}}, &apos;securedBy&apos;: [&apos;JWT&apos;]}} = &lt;built-in method get of dict object at 0x000001EEC7F60510&gt;(&apos;/{id}/events&apos;)
     +                where &lt;built-in method get of dict object at 0x000001EEC7F60510&gt; = {&apos;/{id}&apos;: {&apos;delete&apos;: {&apos;description&apos;: &apos;Remoção de agente pelo id.&apos;, &apos;responses&apos;: {200: {&apos;body&apos;: {&apos;application/json&apos;: &apos;{...{&apos;body&apos;: {&apos;application/json&apos;: {&apos;example&apos;: &apos;{&quot;error&quot;: &quot;Senha de autenticação incorreta.&quot;}\n&apos;}}}}, &apos;securedBy&apos;: [&apos;JWT&apos;]}}.get
     +                  where {&apos;/{id}&apos;: {&apos;delete&apos;: {&apos;description&apos;: &apos;Remoção de agente pelo id.&apos;, &apos;responses&apos;: {200: {&apos;body&apos;: {&apos;application/json&apos;: &apos;{...{&apos;body&apos;: {&apos;application/json&apos;: {&apos;example&apos;: &apos;{&quot;error&quot;: &quot;Senha de autenticação incorreta.&quot;}\n&apos;}}}}, &apos;securedBy&apos;: [&apos;JWT&apos;]}} = &lt;built-in method get of dict object at 0x000001EEC86BE678&gt;(&apos;/agents&apos;)
     +                    where &lt;built-in method get of dict object at 0x000001EEC86BE678&gt; = {&apos;/agents&apos;: {&apos;/{id}&apos;: {&apos;delete&apos;: {&apos;description&apos;: &apos;Remoção de agente pelo id.&apos;, &apos;responses&apos;: {200: {&apos;body&apos;: {...}}, 401..., 401: {&apos;body&apos;: {&apos;application/json&apos;: &apos;{&quot;error&quot;: &quot;Senha de autenticação Incorreta.&quot;}\n&apos;}}}, &apos;securedBy&apos;: [&apos;JWT&apos;]}}, ...}.get</failure></testcase><testcase classname="test_submit" file="test_submit.py" line="604" name="test_2605" time="0.005415439605712891"><failure message="assert None
 +  where None = &lt;built-in method get of dict object at 0x000001EEC7F74AF8&gt;(401)
 +    where &lt;built-in method get of dict object at 0x000001EEC7F74AF8&gt; = {&apos;application/json&apos;: &apos;Event[]&apos;}.get
 +      where {&apos;application/json&apos;: &apos;Event[]&apos;} = &lt;built-in method get of dict object at 0x000001EEC7F6CE10&gt;(&apos;body&apos;)
 +        where &lt;built-in method get of dict object at 0x000001EEC7F6CE10&gt; = {&apos;body&apos;: {&apos;application/json&apos;: &apos;Event[]&apos;}, &apos;description&apos;: &apos;Remoção de mais de um evento de um agente específico.&apos;, &apos;res...icação Incorreta.&quot;}\n&apos;}}, 404: {&apos;body&apos;: {&apos;application/json&apos;: &apos;{&quot;error&quot;: &quot;Não encontrado.&quot;}\n&apos;}}}, &apos;securedBy&apos;: [&apos;JWT&apos;]}.get
 +          where {&apos;body&apos;: {&apos;application/json&apos;: &apos;Event[]&apos;}, &apos;description&apos;: &apos;Remoção de mais de um evento de um agente específico.&apos;, &apos;res...icação Incorreta.&quot;}\n&apos;}}, 404: {&apos;body&apos;: {&apos;application/json&apos;: &apos;{&quot;error&quot;: &quot;Não encontrado.&quot;}\n&apos;}}}, &apos;securedBy&apos;: [&apos;JWT&apos;]} = &lt;built-in method get of dict object at 0x000001EEC7F6C678&gt;(&apos;delete&apos;)
 +            where &lt;built-in method get of dict object at 0x000001EEC7F6C678&gt; = {&apos;delete&apos;: {&apos;body&apos;: {&apos;application/json&apos;: &apos;Event[]&apos;}, &apos;description&apos;: &apos;Remoção de mais de um evento de um agente específ...cação Incorreta.&quot;}\n&apos;}}, 404: {&apos;body&apos;: {&apos;application/json&apos;: &apos;{&quot;error&quot;: &quot;Não encontrado.&quot;}\n&apos;}}}, &apos;securedBy&apos;: [&apos;JWT&apos;]}}.get
 +              where {&apos;delete&apos;: {&apos;body&apos;: {&apos;application/json&apos;: &apos;Event[]&apos;}, &apos;description&apos;: &apos;Remoção de mais de um evento de um agente específ...cação Incorreta.&quot;}\n&apos;}}, 404: {&apos;body&apos;: {&apos;application/json&apos;: &apos;{&quot;error&quot;: &quot;Não encontrado.&quot;}\n&apos;}}}, &apos;securedBy&apos;: [&apos;JWT&apos;]}} = &lt;built-in method get of dict object at 0x000001EEC7F60510&gt;(&apos;/{id}/events&apos;)
 +                where &lt;built-in method get of dict object at 0x000001EEC7F60510&gt; = {&apos;/{id}&apos;: {&apos;delete&apos;: {&apos;description&apos;: &apos;Remoção de agente pelo id.&apos;, &apos;responses&apos;: {200: {&apos;body&apos;: {&apos;application/json&apos;: &apos;{...{&apos;body&apos;: {&apos;application/json&apos;: {&apos;example&apos;: &apos;{&quot;error&quot;: &quot;Senha de autenticação incorreta.&quot;}\n&apos;}}}}, &apos;securedBy&apos;: [&apos;JWT&apos;]}}.get
 +                  where {&apos;/{id}&apos;: {&apos;delete&apos;: {&apos;description&apos;: &apos;Remoção de agente pelo id.&apos;, &apos;responses&apos;: {200: {&apos;body&apos;: {&apos;application/json&apos;: &apos;{...{&apos;body&apos;: {&apos;application/json&apos;: {&apos;example&apos;: &apos;{&quot;error&quot;: &quot;Senha de autenticação incorreta.&quot;}\n&apos;}}}}, &apos;securedBy&apos;: [&apos;JWT&apos;]}} = &lt;built-in method get of dict object at 0x000001EEC86BE678&gt;(&apos;/agents&apos;)
 +                    where &lt;built-in method get of dict object at 0x000001EEC86BE678&gt; = {&apos;/agents&apos;: {&apos;/{id}&apos;: {&apos;delete&apos;: {&apos;description&apos;: &apos;Remoção de agente pelo id.&apos;, &apos;responses&apos;: {200: {&apos;body&apos;: {...}}, 401..., 401: {&apos;body&apos;: {&apos;application/json&apos;: &apos;{&quot;error&quot;: &quot;Senha de autenticação Incorreta.&quot;}\n&apos;}}}, &apos;securedBy&apos;: [&apos;JWT&apos;]}}, ...}.get">E   assert None
     +  where None = &lt;built-in method get of dict object at 0x000001EEC7F74AF8&gt;(401)
     +    where &lt;built-in method get of dict object at 0x000001EEC7F74AF8&gt; = {&apos;application/json&apos;: &apos;Event[]&apos;}.get
     +      where {&apos;application/json&apos;: &apos;Event[]&apos;} = &lt;built-in method get of dict object at 0x000001EEC7F6CE10&gt;(&apos;body&apos;)
     +        where &lt;built-in method get of dict object at 0x000001EEC7F6CE10&gt; = {&apos;body&apos;: {&apos;application/json&apos;: &apos;Event[]&apos;}, &apos;description&apos;: &apos;Remoção de mais de um evento de um agente específico.&apos;, &apos;res...icação Incorreta.&quot;}\n&apos;}}, 404: {&apos;body&apos;: {&apos;application/json&apos;: &apos;{&quot;error&quot;: &quot;Não encontrado.&quot;}\n&apos;}}}, &apos;securedBy&apos;: [&apos;JWT&apos;]}.get
     +          where {&apos;body&apos;: {&apos;application/json&apos;: &apos;Event[]&apos;}, &apos;description&apos;: &apos;Remoção de mais de um evento de um agente específico.&apos;, &apos;res...icação Incorreta.&quot;}\n&apos;}}, 404: {&apos;body&apos;: {&apos;application/json&apos;: &apos;{&quot;error&quot;: &quot;Não encontrado.&quot;}\n&apos;}}}, &apos;securedBy&apos;: [&apos;JWT&apos;]} = &lt;built-in method get of dict object at 0x000001EEC7F6C678&gt;(&apos;delete&apos;)
     +            where &lt;built-in method get of dict object at 0x000001EEC7F6C678&gt; = {&apos;delete&apos;: {&apos;body&apos;: {&apos;application/json&apos;: &apos;Event[]&apos;}, &apos;description&apos;: &apos;Remoção de mais de um evento de um agente específ...cação Incorreta.&quot;}\n&apos;}}, 404: {&apos;body&apos;: {&apos;application/json&apos;: &apos;{&quot;error&quot;: &quot;Não encontrado.&quot;}\n&apos;}}}, &apos;securedBy&apos;: [&apos;JWT&apos;]}}.get
     +              where {&apos;delete&apos;: {&apos;body&apos;: {&apos;application/json&apos;: &apos;Event[]&apos;}, &apos;description&apos;: &apos;Remoção de mais de um evento de um agente específ...cação Incorreta.&quot;}\n&apos;}}, 404: {&apos;body&apos;: {&apos;application/json&apos;: &apos;{&quot;error&quot;: &quot;Não encontrado.&quot;}\n&apos;}}}, &apos;securedBy&apos;: [&apos;JWT&apos;]}} = &lt;built-in method get of dict object at 0x000001EEC7F60510&gt;(&apos;/{id}/events&apos;)
     +                where &lt;built-in method get of dict object at 0x000001EEC7F60510&gt; = {&apos;/{id}&apos;: {&apos;delete&apos;: {&apos;description&apos;: &apos;Remoção de agente pelo id.&apos;, &apos;responses&apos;: {200: {&apos;body&apos;: {&apos;application/json&apos;: &apos;{...{&apos;body&apos;: {&apos;application/json&apos;: {&apos;example&apos;: &apos;{&quot;error&quot;: &quot;Senha de autenticação incorreta.&quot;}\n&apos;}}}}, &apos;securedBy&apos;: [&apos;JWT&apos;]}}.get
     +                  where {&apos;/{id}&apos;: {&apos;delete&apos;: {&apos;description&apos;: &apos;Remoção de agente pelo id.&apos;, &apos;responses&apos;: {200: {&apos;body&apos;: {&apos;application/json&apos;: &apos;{...{&apos;body&apos;: {&apos;application/json&apos;: {&apos;example&apos;: &apos;{&quot;error&quot;: &quot;Senha de autenticação incorreta.&quot;}\n&apos;}}}}, &apos;securedBy&apos;: [&apos;JWT&apos;]}} = &lt;built-in method get of dict object at 0x000001EEC86BE678&gt;(&apos;/agents&apos;)
     +                    where &lt;built-in method get of dict object at 0x000001EEC86BE678&gt; = {&apos;/agents&apos;: {&apos;/{id}&apos;: {&apos;delete&apos;: {&apos;description&apos;: &apos;Remoção de agente pelo id.&apos;, &apos;responses&apos;: {200: {&apos;body&apos;: {...}}, 401..., 401: {&apos;body&apos;: {&apos;application/json&apos;: &apos;{&quot;error&quot;: &quot;Senha de autenticação Incorreta.&quot;}\n&apos;}}}, &apos;securedBy&apos;: [&apos;JWT&apos;]}}, ...}.get</failure></testcase><testcase classname="test_submit" file="test_submit.py" line="612" name="test_486" time="0.0016133785247802734"></testcase><testcase classname="test_submit" file="test_submit.py" line="616" name="test_1172" time="0.0008761882781982422"></testcase><testcase classname="test_submit" file="test_submit.py" line="624" name="test_1910" time="0.0009300708770751953"></testcase><testcase classname="test_submit" file="test_submit.py" line="628" name="test_2440" time="0.0"></testcase><testcase classname="test_submit" file="test_submit.py" line="632" name="test_2650" time="9.5367431640625e-05"></testcase><testcase classname="test_submit" file="test_submit.py" line="636" name="test_1610" time="0.0010714530944824219"></testcase><testcase classname="test_submit" file="test_submit.py" line="644" name="test_2025" time="0.0009944438934326172"></testcase><testcase classname="test_submit" file="test_submit.py" line="648" name="test_2875" time="0.0"></testcase><testcase classname="test_submit" file="test_submit.py" line="652" name="test_2775" time="0.0009980201721191406"></testcase><testcase classname="test_submit" file="test_submit.py" line="656" name="test_62" time="0.00019288063049316406"></testcase><testcase classname="test_submit" file="test_submit.py" line="660" name="test_1160" time="0.0007028579711914062"></testcase><testcase classname="test_submit" file="test_submit.py" line="664" name="test_1013" time="0.0010790824890136719"></testcase><testcase classname="test_submit" file="test_submit.py" line="672" name="test_2125" time="0.0009584426879882812"></testcase><testcase classname="test_submit" file="test_submit.py" line="676" name="test_2740" time="0.0009577274322509766"></testcase><testcase classname="test_submit" file="test_submit.py" line="684" name="test_1841" time="0.0"></testcase><testcase classname="test_submit" file="test_submit.py" line="688" name="test_2275" time="0.00023698806762695312"></testcase><testcase classname="test_submit" file="test_submit.py" line="692" name="test_2520" time="0.0002911090850830078"></testcase><testcase classname="test_submit" file="test_submit.py" line="696" name="test_2425" time="0.0009937286376953125"></testcase><testcase classname="test_submit" file="test_submit.py" line="700" name="test_2505" time="0.00029397010803222656"></testcase><testcase classname="test_submit" file="test_submit.py" line="704" name="test_2115" time="0.0009882450103759766"></testcase><testcase classname="test_submit" file="test_submit.py" line="708" name="test_2300" time="0.0012521743774414062"></testcase><testcase classname="test_submit" file="test_submit.py" line="712" name="test_1229" time="0.0010554790496826172"></testcase><testcase classname="test_submit" file="test_submit.py" line="716" name="test_2350" time="0.0007381439208984375"></testcase><testcase classname="test_submit" file="test_submit.py" line="720" name="test_2935" time="0.00010418891906738281"></testcase><testcase classname="test_submit" file="test_submit.py" line="724" name="test_2205" time="0.0019371509552001953"></testcase><testcase classname="test_submit" file="test_submit.py" line="732" name="test_2470" time="0.0"></testcase><testcase classname="test_submit" file="test_submit.py" line="736" name="test_2940" time="0.0014190673828125"></testcase><testcase classname="test_submit" file="test_submit.py" line="740" name="test_1535" time="0.0011396408081054688"></testcase><testcase classname="test_submit" file="test_submit.py" line="748" name="test_2860" time="0.00035119056701660156"></testcase><testcase classname="test_submit" file="test_submit.py" line="752" name="test_2310" time="0.0009379386901855469"></testcase><testcase classname="test_submit" file="test_submit.py" line="756" name="test_2335" time="0.001734018325805664"></testcase><testcase classname="test_submit" file="test_submit.py" line="760" name="test_2910" time="0.0002949237823486328"></testcase><testcase classname="test_submit" file="test_submit.py" line="764" name="test_2225" time="0.0009706020355224609"></testcase><testcase classname="test_submit" file="test_submit.py" line="768" name="test_442" time="0.0010364055633544922"></testcase><testcase classname="test_submit" file="test_submit.py" line="772" name="test_1103" time="0.0009970664978027344"></testcase><testcase classname="test_submit" file="test_submit.py" line="776" name="test_1676" time="0.001033782958984375"></testcase><testcase classname="test_submit" file="test_submit.py" line="780" name="test_1523" time="0.001001119613647461"></testcase><testcase classname="test_submit" file="test_submit.py" line="784" name="test_2375" time="0.001405477523803711"></testcase><testcase classname="test_submit" file="test_submit.py" line="788" name="test_2865" time="0.0009982585906982422"></testcase><testcase classname="test_submit" file="test_submit.py" line="792" name="test_2380" time="0.0009958744049072266"></testcase><testcase classname="test_submit" file="test_submit.py" line="796" name="test_1538" time="0.0012943744659423828"></testcase><testcase classname="test_submit" file="test_submit.py" line="800" name="test_2705" time="0.002373218536376953"></testcase><testcase classname="test_submit" file="test_submit.py" line="804" name="test_2145" time="0.0009975433349609375"></testcase><testcase classname="test_submit" file="test_submit.py" line="808" name="test_2040" time="0.0011126995086669922"></testcase><testcase classname="test_submit" file="test_submit.py" line="812" name="test_458" time="0.001230478286743164"></testcase><testcase classname="test_submit" file="test_submit.py" line="816" name="test_1046" time="0.0"></testcase><testcase classname="test_submit" file="test_submit.py" line="820" name="test_1457" time="0.00018358230590820312"></testcase><testcase classname="test_submit" file="test_submit.py" line="824" name="test_1757" time="0.0009601116180419922"></testcase><testcase classname="test_submit" file="test_submit.py" line="828" name="test_2900" time="0.00035500526428222656"></testcase><testcase classname="test_submit" file="test_submit.py" line="832" name="test_2710" time="0.0009791851043701172"></testcase><testcase classname="test_submit" file="test_submit.py" line="836" name="test_2070" time="0.0"></testcase><testcase classname="test_submit" file="test_submit.py" line="840" name="test_2970" time="0.0002276897430419922"></testcase><testcase classname="test_submit" file="test_submit.py" line="844" name="test_80" time="9.846687316894531e-05"></testcase><testcase classname="test_submit" file="test_submit.py" line="848" name="test_1835" time="0.001516580581665039"></testcase><testcase classname="test_submit" file="test_submit.py" line="852" name="test_2680" time="0.0019266605377197266"></testcase><testcase classname="test_submit" file="test_submit.py" line="856" name="test_2565" time="0.0"></testcase><testcase classname="test_submit" file="test_submit.py" line="860" name="test_2080" time="0.000997781753540039"></testcase><testcase classname="test_submit" file="test_submit.py" line="864" name="test_2120" time="0.0"></testcase><testcase classname="test_submit" file="test_submit.py" line="868" name="test_2250" time="0.0009534358978271484"></testcase><testcase classname="test_submit" file="test_submit.py" line="872" name="test_2270" time="0.0009822845458984375"></testcase><testcase classname="test_submit" file="test_submit.py" line="876" name="test_1904" time="0.0009334087371826172"></testcase><testcase classname="test_submit" file="test_submit.py" line="880" name="test_2130" time="0.0012142658233642578"></testcase><testcase classname="test_submit" file="test_submit.py" line="884" name="test_2630" time="0.0009961128234863281"></testcase><testcase classname="test_submit" file="test_submit.py" line="888" name="test_2525" time="0.000997781753540039"></testcase><testcase classname="test_submit" file="test_submit.py" line="892" name="test_2405" time="0.0003857612609863281"></testcase><testcase classname="test_submit" file="test_submit.py" line="896" name="test_2255" time="0.0009996891021728516"></testcase><testcase classname="test_submit" file="test_submit.py" line="900" name="test_1577" time="0.0"></testcase><testcase classname="test_submit" file="test_submit.py" line="904" name="test_2090" time="0.0009398460388183594"></testcase><testcase classname="test_submit" file="test_submit.py" line="908" name="test_2960" time="0.0013921260833740234"></testcase><testcase classname="test_submit" file="test_submit.py" line="912" name="test_2260" time="0.001966238021850586"></testcase></testsuite>