<?xml version="1.0" encoding="utf-8"?><testsuites><testsuite errors="0" failures="0" hostname="LAPTOP-8T0GB4BN" name="pytest" skipped="0" tests="7" time="0.295" timestamp="2020-07-09T11:10:54.031384"><testcase classname="test_submit" file="test_submit.py" line="7" name="test_1" time="0.004"></testcase><testcase classname="test_submit" file="test_submit.py" line="11" name="test_2" time="0.002"></testcase><testcase classname="test_submit" file="test_submit.py" line="15" name="test_3" time="0.004"></testcase><testcase classname="test_submit" file="test_submit.py" line="19" name="test_4" time="0.003"></testcase><testcase classname="test_submit" file="test_submit.py" line="23" name="test_5" time="0.002"></testcase><testcase classname="test_submit" file="test_submit.py" line="27" name="test_6" time="0.004"></testcase><testcase classname="test_submit" file="test_submit.py" line="31" name="test_7" time="0.002"></testcase></testsuite></testsuites>