<?xml version="1.0" encoding="utf-8"?><testsuite errors="0" failures="8" name="pytest" skips="0" tests="8" time="5.506"><testcase classname="test_submit.TestChallenge10" file="test_submit.py" line="8" name="test_0" time="0.7034645080566406"><failure message="NotImplementedError">E   NotImplementedError</failure></testcase><testcase classname="test_submit.TestChallenge10" file="test_submit.py" line="14" name="test_01" time="0.011966466903686523"><failure message="NotImplementedError">E   NotImplementedError</failure></testcase><testcase classname="test_submit.TestChallenge10" file="test_submit.py" line="20" name="test_1" time="0.012964725494384766"><failure message="NotImplementedError">E   NotImplementedError</failure></testcase><testcase classname="test_submit.TestChallenge10" file="test_submit.py" line="26" name="test_2" time="0.013003110885620117"><failure message="NotImplementedError">E   NotImplementedError</failure></testcase><testcase classname="test_submit.TestChallenge10" file="test_submit.py" line="32" name="test_3" time="0.010970115661621094"><failure message="NotImplementedError">E   NotImplementedError</failure></testcase><testcase classname="test_submit.TestChallenge10" file="test_submit.py" line="38" name="test_4" time="0.011963844299316406"><failure message="NotImplementedError">E   NotImplementedError</failure></testcase><testcase classname="test_submit.TestChallenge10" file="test_submit.py" line="43" name="test_5" time="0.012964725494384766"><failure message="NotImplementedError">E   NotImplementedError</failure></testcase><testcase classname="test_submit.TestChallenge10" file="test_submit.py" line="48" name="test_6" time="0.013965129852294922"><failure message="NotImplementedError">E   NotImplementedError</failure></testcase></testsuite>